[0.010s] Invoking command in '/root/Semestre8/Modulo3/puzzlebot_ros2/build/puzzlebot_gazebo': CMAKE_PREFIX_PATH=/root/Semestre8/Modulo3/puzzlebot_ros2/install/puzzlebot_description:/root/Semestre8/Modulo3/puzzlebot_ros2/install/puzzlebot_navigation2:/root/Semestre8/Modulo3/puzzlebot_ros2/install/puzzlebot_gazebo:/root/ros2_ws/install/puzzlebot_sim:/opt/ros/humble /usr/bin/cmake /root/Semestre8/Modulo3/puzzlebot_ros2/src/puzzlebot_gazebo -DCMAKE_INSTALL_PREFIX=/root/Semestre8/Modulo3/puzzlebot_ros2/install/puzzlebot_gazebo
[0.065s] -- The C compiler identification is GNU 11.4.0
[0.121s] -- The CXX compiler identification is GNU 11.4.0
[0.127s] -- Detecting C compiler ABI info
[0.197s] -- Detecting C compiler ABI info - done
[0.203s] -- Check for working C compiler: /usr/bin/cc - skipped
[0.203s] -- Detecting C compile features
[0.203s] -- Detecting C compile features - done
[0.206s] -- Detecting CXX compiler ABI info
[0.288s] -- Detecting CXX compiler ABI info - done
[0.295s] -- Check for working CXX compiler: /usr/bin/c++ - skipped
[0.295s] -- Detecting CXX compile features
[0.295s] -- Detecting CXX compile features - done
[0.302s] -- Found ament_cmake: 1.3.14 (/opt/ros/humble/share/ament_cmake/cmake)
[0.454s] -- Found Python3: /usr/bin/python3 (found version "3.10.12") found components: Interpreter 
[0.659s] -- Configuring done
[0.663s] -- Generating done
[0.664s] -- Build files have been written to: /root/Semestre8/Modulo3/puzzlebot_ros2/build/puzzlebot_gazebo
[0.668s] Invoked command in '/root/Semestre8/Modulo3/puzzlebot_ros2/build/puzzlebot_gazebo' returned '0': CMAKE_PREFIX_PATH=/root/Semestre8/Modulo3/puzzlebot_ros2/install/puzzlebot_description:/root/Semestre8/Modulo3/puzzlebot_ros2/install/puzzlebot_navigation2:/root/Semestre8/Modulo3/puzzlebot_ros2/install/puzzlebot_gazebo:/root/ros2_ws/install/puzzlebot_sim:/opt/ros/humble /usr/bin/cmake /root/Semestre8/Modulo3/puzzlebot_ros2/src/puzzlebot_gazebo -DCMAKE_INSTALL_PREFIX=/root/Semestre8/Modulo3/puzzlebot_ros2/install/puzzlebot_gazebo
[0.670s] Invoking command in '/root/Semestre8/Modulo3/puzzlebot_ros2/build/puzzlebot_gazebo': CMAKE_PREFIX_PATH=/root/Semestre8/Modulo3/puzzlebot_ros2/install/puzzlebot_description:/root/Semestre8/Modulo3/puzzlebot_ros2/install/puzzlebot_navigation2:/root/Semestre8/Modulo3/puzzlebot_ros2/install/puzzlebot_gazebo:/root/ros2_ws/install/puzzlebot_sim:/opt/ros/humble /usr/bin/cmake --build /root/Semestre8/Modulo3/puzzlebot_ros2/build/puzzlebot_gazebo -- -j12 -l12
[0.707s] Invoked command in '/root/Semestre8/Modulo3/puzzlebot_ros2/build/puzzlebot_gazebo' returned '0': CMAKE_PREFIX_PATH=/root/Semestre8/Modulo3/puzzlebot_ros2/install/puzzlebot_description:/root/Semestre8/Modulo3/puzzlebot_ros2/install/puzzlebot_navigation2:/root/Semestre8/Modulo3/puzzlebot_ros2/install/puzzlebot_gazebo:/root/ros2_ws/install/puzzlebot_sim:/opt/ros/humble /usr/bin/cmake --build /root/Semestre8/Modulo3/puzzlebot_ros2/build/puzzlebot_gazebo -- -j12 -l12
[0.709s] Invoking command in '/root/Semestre8/Modulo3/puzzlebot_ros2/build/puzzlebot_gazebo': CMAKE_PREFIX_PATH=/root/Semestre8/Modulo3/puzzlebot_ros2/install/puzzlebot_description:/root/Semestre8/Modulo3/puzzlebot_ros2/install/puzzlebot_navigation2:/root/Semestre8/Modulo3/puzzlebot_ros2/install/puzzlebot_gazebo:/root/ros2_ws/install/puzzlebot_sim:/opt/ros/humble /usr/bin/cmake --install /root/Semestre8/Modulo3/puzzlebot_ros2/build/puzzlebot_gazebo
[0.717s] -- Install configuration: ""
[0.717s] -- Installing: /root/Semestre8/Modulo3/puzzlebot_ros2/install/puzzlebot_gazebo/share/puzzlebot_gazebo/launch
[0.717s] -- Installing: /root/Semestre8/Modulo3/puzzlebot_ros2/install/puzzlebot_gazebo/share/puzzlebot_gazebo/launch/puzzlebot_gazebo.launch.xml
[0.717s] -- Installing: /root/Semestre8/Modulo3/puzzlebot_ros2/install/puzzlebot_gazebo/share/puzzlebot_gazebo/worlds
[0.717s] -- Installing: /root/Semestre8/Modulo3/puzzlebot_ros2/install/puzzlebot_gazebo/share/puzzlebot_gazebo/worlds/maze.world
[0.717s] -- Installing: /root/Semestre8/Modulo3/puzzlebot_ros2/install/puzzlebot_gazebo/share/puzzlebot_gazebo/config
[0.717s] -- Installing: /root/Semestre8/Modulo3/puzzlebot_ros2/install/puzzlebot_gazebo/share/puzzlebot_gazebo/config/gazebo_bridge.yaml
[0.718s] -- Installing: /root/Semestre8/Modulo3/puzzlebot_ros2/install/puzzlebot_gazebo/share/ament_index/resource_index/package_run_dependencies/puzzlebot_gazebo
[0.718s] -- Installing: /root/Semestre8/Modulo3/puzzlebot_ros2/install/puzzlebot_gazebo/share/ament_index/resource_index/parent_prefix_path/puzzlebot_gazebo
[0.718s] -- Installing: /root/Semestre8/Modulo3/puzzlebot_ros2/install/puzzlebot_gazebo/share/puzzlebot_gazebo/environment/ament_prefix_path.sh
[0.718s] -- Installing: /root/Semestre8/Modulo3/puzzlebot_ros2/install/puzzlebot_gazebo/share/puzzlebot_gazebo/environment/ament_prefix_path.dsv
[0.719s] -- Installing: /root/Semestre8/Modulo3/puzzlebot_ros2/install/puzzlebot_gazebo/share/puzzlebot_gazebo/environment/path.sh
[0.719s] -- Installing: /root/Semestre8/Modulo3/puzzlebot_ros2/install/puzzlebot_gazebo/share/puzzlebot_gazebo/environment/path.dsv
[0.719s] -- Installing: /root/Semestre8/Modulo3/puzzlebot_ros2/install/puzzlebot_gazebo/share/puzzlebot_gazebo/local_setup.bash
[0.719s] -- Installing: /root/Semestre8/Modulo3/puzzlebot_ros2/install/puzzlebot_gazebo/share/puzzlebot_gazebo/local_setup.sh
[0.719s] -- Installing: /root/Semestre8/Modulo3/puzzlebot_ros2/install/puzzlebot_gazebo/share/puzzlebot_gazebo/local_setup.zsh
[0.720s] -- Installing: /root/Semestre8/Modulo3/puzzlebot_ros2/install/puzzlebot_gazebo/share/puzzlebot_gazebo/local_setup.dsv
[0.720s] -- Installing: /root/Semestre8/Modulo3/puzzlebot_ros2/install/puzzlebot_gazebo/share/puzzlebot_gazebo/package.dsv
[0.720s] -- Installing: /root/Semestre8/Modulo3/puzzlebot_ros2/install/puzzlebot_gazebo/share/ament_index/resource_index/packages/puzzlebot_gazebo
[0.720s] -- Installing: /root/Semestre8/Modulo3/puzzlebot_ros2/install/puzzlebot_gazebo/share/puzzlebot_gazebo/cmake/puzzlebot_gazeboConfig.cmake
[0.721s] -- Installing: /root/Semestre8/Modulo3/puzzlebot_ros2/install/puzzlebot_gazebo/share/puzzlebot_gazebo/cmake/puzzlebot_gazeboConfig-version.cmake
[0.721s] -- Installing: /root/Semestre8/Modulo3/puzzlebot_ros2/install/puzzlebot_gazebo/share/puzzlebot_gazebo/package.xml
[0.723s] Invoked command in '/root/Semestre8/Modulo3/puzzlebot_ros2/build/puzzlebot_gazebo' returned '0': CMAKE_PREFIX_PATH=/root/Semestre8/Modulo3/puzzlebot_ros2/install/puzzlebot_description:/root/Semestre8/Modulo3/puzzlebot_ros2/install/puzzlebot_navigation2:/root/Semestre8/Modulo3/puzzlebot_ros2/install/puzzlebot_gazebo:/root/ros2_ws/install/puzzlebot_sim:/opt/ros/humble /usr/bin/cmake --install /root/Semestre8/Modulo3/puzzlebot_ros2/build/puzzlebot_gazebo
