[0.105s] DEBUG:colcon:Command line arguments: ['/usr/bin/colcon', 'build']
[0.105s] DEBUG:colcon:Parsed command line arguments: Namespace(log_base=None, log_level=None, verb_name='build', build_base='build', install_base='install', merge_install=False, symlink_install=False, test_result_base=None, continue_on_error=False, executor='parallel', parallel_workers=12, event_handlers=None, ignore_user_meta=False, metas=['./colcon.meta'], base_paths=['.'], packages_ignore=None, packages_ignore_regex=None, paths=None, packages_up_to=None, packages_up_to_regex=None, packages_above=None, packages_above_and_dependencies=None, packages_above_depth=None, packages_select_by_dep=None, packages_skip_by_dep=None, packages_skip_up_to=None, packages_select_build_failed=False, packages_skip_build_finished=False, packages_select_test_failures=False, packages_skip_test_passed=False, packages_select=None, packages_skip=None, packages_select_regex=None, packages_skip_regex=None, packages_start=None, packages_end=None, cmake_args=None, cmake_target=None, cmake_target_skip_unavailable=False, cmake_clean_cache=False, cmake_clean_first=False, cmake_force_configure=False, ament_cmake_args=None, catkin_cmake_args=None, catkin_skip_building_tests=False, mixin_files=None, mixin=None, verb_parser=<colcon_mixin.mixin.mixin_argument.MixinArgumentDecorator object at 0x79e967ad0e20>, verb_extension=<colcon_core.verb.build.BuildVerb object at 0x79e967c3e6e0>, main=<bound method BuildVerb.main of <colcon_core.verb.build.BuildVerb object at 0x79e967c3e6e0>>, mixin_verb=('build',))
[0.247s] Level 1:colcon.colcon_core.package_discovery:discover_packages(colcon_meta) check parameters
[0.247s] INFO:colcon.colcon_metadata.package_discovery.colcon_meta:Using configuration from '/root/.colcon/metadata/default/Gazebo.meta'
[0.248s] INFO:colcon.colcon_metadata.package_discovery.colcon_meta:Using configuration from '/root/.colcon/metadata/default/fastdds.meta'
[0.248s] INFO:colcon.colcon_metadata.package_discovery.colcon_meta:Using configuration from '/root/.colcon/metadata/default/fastrtps.meta'
[0.248s] Level 1:colcon.colcon_core.package_discovery:discover_packages(recursive) check parameters
[0.248s] Level 1:colcon.colcon_core.package_discovery:discover_packages(ignore) check parameters
[0.248s] Level 1:colcon.colcon_core.package_discovery:discover_packages(path) check parameters
[0.248s] Level 1:colcon.colcon_core.package_discovery:discover_packages(colcon_meta) discover
[0.248s] Level 1:colcon.colcon_core.package_discovery:discover_packages(recursive) discover
[0.248s] INFO:colcon.colcon_core.package_discovery:Crawling recursively for packages in '/root/Semestre8/Modulo3/puzzlebot_ros2'
[0.248s] Level 1:colcon.colcon_core.package_identification:_identify(.) by extensions ['ignore', 'ignore_ament_install']
[0.248s] Level 1:colcon.colcon_core.package_identification:_identify(.) by extension 'ignore'
[0.248s] Level 1:colcon.colcon_core.package_identification:_identify(.) by extension 'ignore_ament_install'
[0.248s] Level 1:colcon.colcon_core.package_identification:_identify(.) by extensions ['colcon_pkg']
[0.248s] Level 1:colcon.colcon_core.package_identification:_identify(.) by extension 'colcon_pkg'
[0.249s] Level 1:colcon.colcon_core.package_identification:_identify(.) by extensions ['colcon_meta']
[0.249s] Level 1:colcon.colcon_core.package_identification:_identify(.) by extension 'colcon_meta'
[0.249s] Level 1:colcon.colcon_core.package_identification:_identify(.) by extensions ['ros']
[0.249s] Level 1:colcon.colcon_core.package_identification:_identify(.) by extension 'ros'
[0.258s] Level 1:colcon.colcon_core.package_identification:_identify(.) by extensions ['cmake', 'python']
[0.258s] Level 1:colcon.colcon_core.package_identification:_identify(.) by extension 'cmake'
[0.258s] Level 1:colcon.colcon_core.package_identification:_identify(.) by extension 'python'
[0.258s] Level 1:colcon.colcon_core.package_identification:_identify(.) by extensions ['python_setup_py']
[0.258s] Level 1:colcon.colcon_core.package_identification:_identify(.) by extension 'python_setup_py'
[0.258s] Level 1:colcon.colcon_core.package_identification:_identify(build) by extensions ['ignore', 'ignore_ament_install']
[0.258s] Level 1:colcon.colcon_core.package_identification:_identify(build) by extension 'ignore'
[0.258s] Level 1:colcon.colcon_core.package_identification:_identify(build) ignored
[0.259s] Level 1:colcon.colcon_core.package_identification:_identify(install) by extensions ['ignore', 'ignore_ament_install']
[0.259s] Level 1:colcon.colcon_core.package_identification:_identify(install) by extension 'ignore'
[0.259s] Level 1:colcon.colcon_core.package_identification:_identify(install) ignored
[0.259s] Level 1:colcon.colcon_core.package_identification:_identify(log) by extensions ['ignore', 'ignore_ament_install']
[0.259s] Level 1:colcon.colcon_core.package_identification:_identify(log) by extension 'ignore'
[0.259s] Level 1:colcon.colcon_core.package_identification:_identify(log) ignored
[0.259s] Level 1:colcon.colcon_core.package_identification:_identify(src) by extensions ['ignore', 'ignore_ament_install']
[0.259s] Level 1:colcon.colcon_core.package_identification:_identify(src) by extension 'ignore'
[0.259s] Level 1:colcon.colcon_core.package_identification:_identify(src) by extension 'ignore_ament_install'
[0.259s] Level 1:colcon.colcon_core.package_identification:_identify(src) by extensions ['colcon_pkg']
[0.259s] Level 1:colcon.colcon_core.package_identification:_identify(src) by extension 'colcon_pkg'
[0.259s] Level 1:colcon.colcon_core.package_identification:_identify(src) by extensions ['colcon_meta']
[0.259s] Level 1:colcon.colcon_core.package_identification:_identify(src) by extension 'colcon_meta'
[0.259s] Level 1:colcon.colcon_core.package_identification:_identify(src) by extensions ['ros']
[0.259s] Level 1:colcon.colcon_core.package_identification:_identify(src) by extension 'ros'
[0.259s] Level 1:colcon.colcon_core.package_identification:_identify(src) by extensions ['cmake', 'python']
[0.259s] Level 1:colcon.colcon_core.package_identification:_identify(src) by extension 'cmake'
[0.259s] Level 1:colcon.colcon_core.package_identification:_identify(src) by extension 'python'
[0.259s] Level 1:colcon.colcon_core.package_identification:_identify(src) by extensions ['python_setup_py']
[0.259s] Level 1:colcon.colcon_core.package_identification:_identify(src) by extension 'python_setup_py'
[0.259s] Level 1:colcon.colcon_core.package_identification:_identify(src/puzzlebot_description) by extensions ['ignore', 'ignore_ament_install']
[0.260s] Level 1:colcon.colcon_core.package_identification:_identify(src/puzzlebot_description) by extension 'ignore'
[0.260s] Level 1:colcon.colcon_core.package_identification:_identify(src/puzzlebot_description) by extension 'ignore_ament_install'
[0.260s] Level 1:colcon.colcon_core.package_identification:_identify(src/puzzlebot_description) by extensions ['colcon_pkg']
[0.260s] Level 1:colcon.colcon_core.package_identification:_identify(src/puzzlebot_description) by extension 'colcon_pkg'
[0.260s] Level 1:colcon.colcon_core.package_identification:_identify(src/puzzlebot_description) by extensions ['colcon_meta']
[0.260s] Level 1:colcon.colcon_core.package_identification:_identify(src/puzzlebot_description) by extension 'colcon_meta'
[0.260s] Level 1:colcon.colcon_core.package_identification:_identify(src/puzzlebot_description) by extensions ['ros']
[0.260s] Level 1:colcon.colcon_core.package_identification:_identify(src/puzzlebot_description) by extension 'ros'
[0.262s] DEBUG:colcon.colcon_core.package_identification:Package 'src/puzzlebot_description' with type 'ros.ament_cmake' and name 'puzzlebot_description'
[0.262s] Level 1:colcon.colcon_core.package_identification:_identify(src/puzzlebot_gazebo) by extensions ['ignore', 'ignore_ament_install']
[0.262s] Level 1:colcon.colcon_core.package_identification:_identify(src/puzzlebot_gazebo) by extension 'ignore'
[0.262s] Level 1:colcon.colcon_core.package_identification:_identify(src/puzzlebot_gazebo) by extension 'ignore_ament_install'
[0.262s] Level 1:colcon.colcon_core.package_identification:_identify(src/puzzlebot_gazebo) by extensions ['colcon_pkg']
[0.262s] Level 1:colcon.colcon_core.package_identification:_identify(src/puzzlebot_gazebo) by extension 'colcon_pkg'
[0.262s] Level 1:colcon.colcon_core.package_identification:_identify(src/puzzlebot_gazebo) by extensions ['colcon_meta']
[0.262s] Level 1:colcon.colcon_core.package_identification:_identify(src/puzzlebot_gazebo) by extension 'colcon_meta'
[0.262s] Level 1:colcon.colcon_core.package_identification:_identify(src/puzzlebot_gazebo) by extensions ['ros']
[0.262s] Level 1:colcon.colcon_core.package_identification:_identify(src/puzzlebot_gazebo) by extension 'ros'
[0.263s] DEBUG:colcon.colcon_core.package_identification:Package 'src/puzzlebot_gazebo' with type 'ros.ament_cmake' and name 'puzzlebot_gazebo'
[0.263s] Level 1:colcon.colcon_core.package_identification:_identify(src/puzzlebot_navigation) by extensions ['ignore', 'ignore_ament_install']
[0.263s] Level 1:colcon.colcon_core.package_identification:_identify(src/puzzlebot_navigation) by extension 'ignore'
[0.263s] Level 1:colcon.colcon_core.package_identification:_identify(src/puzzlebot_navigation) by extension 'ignore_ament_install'
[0.263s] Level 1:colcon.colcon_core.package_identification:_identify(src/puzzlebot_navigation) by extensions ['colcon_pkg']
[0.263s] Level 1:colcon.colcon_core.package_identification:_identify(src/puzzlebot_navigation) by extension 'colcon_pkg'
[0.263s] Level 1:colcon.colcon_core.package_identification:_identify(src/puzzlebot_navigation) by extensions ['colcon_meta']
[0.263s] Level 1:colcon.colcon_core.package_identification:_identify(src/puzzlebot_navigation) by extension 'colcon_meta'
[0.263s] Level 1:colcon.colcon_core.package_identification:_identify(src/puzzlebot_navigation) by extensions ['ros']
[0.263s] Level 1:colcon.colcon_core.package_identification:_identify(src/puzzlebot_navigation) by extension 'ros'
[0.263s] DEBUG:colcon.colcon_core.package_identification:Package 'src/puzzlebot_navigation' with type 'ros.ament_cmake' and name 'puzzlebot_navigation2'
[0.263s] Level 1:colcon.colcon_core.package_discovery:discover_packages(recursive) using defaults
[0.263s] Level 1:colcon.colcon_core.package_discovery:discover_packages(ignore) discover
[0.264s] Level 1:colcon.colcon_core.package_discovery:discover_packages(ignore) using defaults
[0.264s] Level 1:colcon.colcon_core.package_discovery:discover_packages(path) discover
[0.264s] Level 1:colcon.colcon_core.package_discovery:discover_packages(path) using defaults
[0.280s] Level 5:colcon.colcon_core.verb:set package 'puzzlebot_description' build argument 'cmake_args' from command line to 'None'
[0.281s] Level 5:colcon.colcon_core.verb:set package 'puzzlebot_description' build argument 'cmake_target' from command line to 'None'
[0.281s] Level 5:colcon.colcon_core.verb:set package 'puzzlebot_description' build argument 'cmake_target_skip_unavailable' from command line to 'False'
[0.281s] Level 5:colcon.colcon_core.verb:set package 'puzzlebot_description' build argument 'cmake_clean_cache' from command line to 'False'
[0.281s] Level 5:colcon.colcon_core.verb:set package 'puzzlebot_description' build argument 'cmake_clean_first' from command line to 'False'
[0.281s] Level 5:colcon.colcon_core.verb:set package 'puzzlebot_description' build argument 'cmake_force_configure' from command line to 'False'
[0.281s] Level 5:colcon.colcon_core.verb:set package 'puzzlebot_description' build argument 'ament_cmake_args' from command line to 'None'
[0.281s] Level 5:colcon.colcon_core.verb:set package 'puzzlebot_description' build argument 'catkin_cmake_args' from command line to 'None'
[0.281s] Level 5:colcon.colcon_core.verb:set package 'puzzlebot_description' build argument 'catkin_skip_building_tests' from command line to 'False'
[0.281s] DEBUG:colcon.colcon_core.verb:Building package 'puzzlebot_description' with the following arguments: {'ament_cmake_args': None, 'build_base': '/root/Semestre8/Modulo3/puzzlebot_ros2/build/puzzlebot_description', 'catkin_cmake_args': None, 'catkin_skip_building_tests': False, 'cmake_args': None, 'cmake_clean_cache': False, 'cmake_clean_first': False, 'cmake_force_configure': False, 'cmake_target': None, 'cmake_target_skip_unavailable': False, 'install_base': '/root/Semestre8/Modulo3/puzzlebot_ros2/install/puzzlebot_description', 'merge_install': False, 'path': '/root/Semestre8/Modulo3/puzzlebot_ros2/src/puzzlebot_description', 'symlink_install': False, 'test_result_base': None}
[0.281s] Level 5:colcon.colcon_core.verb:set package 'puzzlebot_gazebo' build argument 'cmake_args' from command line to 'None'
[0.281s] Level 5:colcon.colcon_core.verb:set package 'puzzlebot_gazebo' build argument 'cmake_target' from command line to 'None'
[0.281s] Level 5:colcon.colcon_core.verb:set package 'puzzlebot_gazebo' build argument 'cmake_target_skip_unavailable' from command line to 'False'
[0.281s] Level 5:colcon.colcon_core.verb:set package 'puzzlebot_gazebo' build argument 'cmake_clean_cache' from command line to 'False'
[0.281s] Level 5:colcon.colcon_core.verb:set package 'puzzlebot_gazebo' build argument 'cmake_clean_first' from command line to 'False'
[0.281s] Level 5:colcon.colcon_core.verb:set package 'puzzlebot_gazebo' build argument 'cmake_force_configure' from command line to 'False'
[0.281s] Level 5:colcon.colcon_core.verb:set package 'puzzlebot_gazebo' build argument 'ament_cmake_args' from command line to 'None'
[0.281s] Level 5:colcon.colcon_core.verb:set package 'puzzlebot_gazebo' build argument 'catkin_cmake_args' from command line to 'None'
[0.281s] Level 5:colcon.colcon_core.verb:set package 'puzzlebot_gazebo' build argument 'catkin_skip_building_tests' from command line to 'False'
[0.281s] DEBUG:colcon.colcon_core.verb:Building package 'puzzlebot_gazebo' with the following arguments: {'ament_cmake_args': None, 'build_base': '/root/Semestre8/Modulo3/puzzlebot_ros2/build/puzzlebot_gazebo', 'catkin_cmake_args': None, 'catkin_skip_building_tests': False, 'cmake_args': None, 'cmake_clean_cache': False, 'cmake_clean_first': False, 'cmake_force_configure': False, 'cmake_target': None, 'cmake_target_skip_unavailable': False, 'install_base': '/root/Semestre8/Modulo3/puzzlebot_ros2/install/puzzlebot_gazebo', 'merge_install': False, 'path': '/root/Semestre8/Modulo3/puzzlebot_ros2/src/puzzlebot_gazebo', 'symlink_install': False, 'test_result_base': None}
[0.282s] Level 5:colcon.colcon_core.verb:set package 'puzzlebot_navigation2' build argument 'cmake_args' from command line to 'None'
[0.282s] Level 5:colcon.colcon_core.verb:set package 'puzzlebot_navigation2' build argument 'cmake_target' from command line to 'None'
[0.282s] Level 5:colcon.colcon_core.verb:set package 'puzzlebot_navigation2' build argument 'cmake_target_skip_unavailable' from command line to 'False'
[0.282s] Level 5:colcon.colcon_core.verb:set package 'puzzlebot_navigation2' build argument 'cmake_clean_cache' from command line to 'False'
[0.282s] Level 5:colcon.colcon_core.verb:set package 'puzzlebot_navigation2' build argument 'cmake_clean_first' from command line to 'False'
[0.282s] Level 5:colcon.colcon_core.verb:set package 'puzzlebot_navigation2' build argument 'cmake_force_configure' from command line to 'False'
[0.282s] Level 5:colcon.colcon_core.verb:set package 'puzzlebot_navigation2' build argument 'ament_cmake_args' from command line to 'None'
[0.282s] Level 5:colcon.colcon_core.verb:set package 'puzzlebot_navigation2' build argument 'catkin_cmake_args' from command line to 'None'
[0.282s] Level 5:colcon.colcon_core.verb:set package 'puzzlebot_navigation2' build argument 'catkin_skip_building_tests' from command line to 'False'
[0.282s] DEBUG:colcon.colcon_core.verb:Building package 'puzzlebot_navigation2' with the following arguments: {'ament_cmake_args': None, 'build_base': '/root/Semestre8/Modulo3/puzzlebot_ros2/build/puzzlebot_navigation2', 'catkin_cmake_args': None, 'catkin_skip_building_tests': False, 'cmake_args': None, 'cmake_clean_cache': False, 'cmake_clean_first': False, 'cmake_force_configure': False, 'cmake_target': None, 'cmake_target_skip_unavailable': False, 'install_base': '/root/Semestre8/Modulo3/puzzlebot_ros2/install/puzzlebot_navigation2', 'merge_install': False, 'path': '/root/Semestre8/Modulo3/puzzlebot_ros2/src/puzzlebot_navigation', 'symlink_install': False, 'test_result_base': None}
[0.282s] INFO:colcon.colcon_core.executor:Executing jobs using 'parallel' executor
[0.284s] DEBUG:colcon.colcon_parallel_executor.executor.parallel:run_until_complete
[0.284s] INFO:colcon.colcon_ros.task.ament_cmake.build:Building ROS package in '/root/Semestre8/Modulo3/puzzlebot_ros2/src/puzzlebot_description' with build type 'ament_cmake'
[0.284s] INFO:colcon.colcon_cmake.task.cmake.build:Building CMake package in '/root/Semestre8/Modulo3/puzzlebot_ros2/src/puzzlebot_description'
[0.286s] INFO:colcon.colcon_core.plugin_system:Skipping extension 'colcon_core.shell.bat': Not used on non-Windows systems
[0.286s] INFO:colcon.colcon_core.shell:Skip shell extension 'powershell' for command environment: Not usable outside of PowerShell
[0.286s] DEBUG:colcon.colcon_core.shell:Skip shell extension 'dsv' for command environment
[0.287s] WARNING:colcon.colcon_ros.prefix_path.ament:The path '/root/Semestre8/Modulo3/puzzlebot_ros2/install/puzzlebot_navigation2' in the environment variable AMENT_PREFIX_PATH doesn't exist
[0.287s] WARNING:colcon.colcon_ros.prefix_path.ament:The path '/root/Semestre8/Modulo3/puzzlebot_ros2/install/puzzlebot_gazebo' in the environment variable AMENT_PREFIX_PATH doesn't exist
[0.287s] WARNING:colcon.colcon_ros.prefix_path.ament:The path '/root/Semestre8/Modulo3/puzzlebot_ros2/install/puzzlebot_description' in the environment variable AMENT_PREFIX_PATH doesn't exist
[0.287s] WARNING:colcon.colcon_ros.prefix_path.catkin:The path '/root/Semestre8/Modulo3/puzzlebot_ros2/install/puzzlebot_navigation2' in the environment variable CMAKE_PREFIX_PATH doesn't exist
[0.287s] WARNING:colcon.colcon_ros.prefix_path.catkin:The path '/root/Semestre8/Modulo3/puzzlebot_ros2/install/puzzlebot_gazebo' in the environment variable CMAKE_PREFIX_PATH doesn't exist
[0.287s] WARNING:colcon.colcon_ros.prefix_path.catkin:The path '/root/Semestre8/Modulo3/puzzlebot_ros2/install/puzzlebot_description' in the environment variable CMAKE_PREFIX_PATH doesn't exist
[0.312s] DEBUG:colcon.colcon_core.event_handler.log_command:Invoking command in '/root/Semestre8/Modulo3/puzzlebot_ros2/build/puzzlebot_description': CMAKE_PREFIX_PATH=${CMAKE_PREFIX_PATH}:/root/ros2_ws/install/puzzlebot_sim:/opt/ros/humble /usr/bin/cmake /root/Semestre8/Modulo3/puzzlebot_ros2/src/puzzlebot_description -DCMAKE_INSTALL_PREFIX=/root/Semestre8/Modulo3/puzzlebot_ros2/install/puzzlebot_description
[0.953s] DEBUG:colcon.colcon_core.event_handler.log_command:Invoked command in '/root/Semestre8/Modulo3/puzzlebot_ros2/build/puzzlebot_description' returned '0': CMAKE_PREFIX_PATH=${CMAKE_PREFIX_PATH}:/root/ros2_ws/install/puzzlebot_sim:/opt/ros/humble /usr/bin/cmake /root/Semestre8/Modulo3/puzzlebot_ros2/src/puzzlebot_description -DCMAKE_INSTALL_PREFIX=/root/Semestre8/Modulo3/puzzlebot_ros2/install/puzzlebot_description
[0.954s] DEBUG:colcon.colcon_core.event_handler.log_command:Invoking command in '/root/Semestre8/Modulo3/puzzlebot_ros2/build/puzzlebot_description': CMAKE_PREFIX_PATH=${CMAKE_PREFIX_PATH}:/root/ros2_ws/install/puzzlebot_sim:/opt/ros/humble /usr/bin/cmake --build /root/Semestre8/Modulo3/puzzlebot_ros2/build/puzzlebot_description -- -j12 -l12
[0.999s] DEBUG:colcon.colcon_core.event_handler.log_command:Invoked command in '/root/Semestre8/Modulo3/puzzlebot_ros2/build/puzzlebot_description' returned '0': CMAKE_PREFIX_PATH=${CMAKE_PREFIX_PATH}:/root/ros2_ws/install/puzzlebot_sim:/opt/ros/humble /usr/bin/cmake --build /root/Semestre8/Modulo3/puzzlebot_ros2/build/puzzlebot_description -- -j12 -l12
[1.009s] DEBUG:colcon.colcon_core.event_handler.log_command:Invoking command in '/root/Semestre8/Modulo3/puzzlebot_ros2/build/puzzlebot_description': CMAKE_PREFIX_PATH=${CMAKE_PREFIX_PATH}:/root/ros2_ws/install/puzzlebot_sim:/opt/ros/humble /usr/bin/cmake --install /root/Semestre8/Modulo3/puzzlebot_ros2/build/puzzlebot_description
[1.025s] Level 1:colcon.colcon_core.environment:create_environment_scripts_only(puzzlebot_description)
[1.026s] DEBUG:colcon.colcon_core.event_handler.log_command:Invoked command in '/root/Semestre8/Modulo3/puzzlebot_ros2/build/puzzlebot_description' returned '0': CMAKE_PREFIX_PATH=${CMAKE_PREFIX_PATH}:/root/ros2_ws/install/puzzlebot_sim:/opt/ros/humble /usr/bin/cmake --install /root/Semestre8/Modulo3/puzzlebot_ros2/build/puzzlebot_description
[1.028s] Level 1:colcon.colcon_core.environment:checking '/root/Semestre8/Modulo3/puzzlebot_ros2/install/puzzlebot_description' for CMake module files
[1.028s] Level 1:colcon.colcon_core.environment:checking '/root/Semestre8/Modulo3/puzzlebot_ros2/install/puzzlebot_description' for CMake config files
[1.029s] Level 1:colcon.colcon_core.shell:create_environment_hook('puzzlebot_description', 'cmake_prefix_path')
[1.029s] INFO:colcon.colcon_core.shell:Creating environment hook '/root/Semestre8/Modulo3/puzzlebot_ros2/install/puzzlebot_description/share/puzzlebot_description/hook/cmake_prefix_path.ps1'
[1.030s] INFO:colcon.colcon_core.shell:Creating environment descriptor '/root/Semestre8/Modulo3/puzzlebot_ros2/install/puzzlebot_description/share/puzzlebot_description/hook/cmake_prefix_path.dsv'
[1.030s] INFO:colcon.colcon_core.shell:Creating environment hook '/root/Semestre8/Modulo3/puzzlebot_ros2/install/puzzlebot_description/share/puzzlebot_description/hook/cmake_prefix_path.sh'
[1.031s] Level 1:colcon.colcon_core.environment:checking '/root/Semestre8/Modulo3/puzzlebot_ros2/install/puzzlebot_description/bin'
[1.031s] Level 1:colcon.colcon_core.environment:checking '/root/Semestre8/Modulo3/puzzlebot_ros2/install/puzzlebot_description/lib/pkgconfig/puzzlebot_description.pc'
[1.033s] Level 1:colcon.colcon_core.environment:checking '/root/Semestre8/Modulo3/puzzlebot_ros2/install/puzzlebot_description/lib/python3.10/site-packages'
[1.034s] Level 1:colcon.colcon_core.environment:checking '/root/Semestre8/Modulo3/puzzlebot_ros2/install/puzzlebot_description/bin'
[1.034s] INFO:colcon.colcon_core.shell:Creating package script '/root/Semestre8/Modulo3/puzzlebot_ros2/install/puzzlebot_description/share/puzzlebot_description/package.ps1'
[1.035s] INFO:colcon.colcon_core.shell:Creating package descriptor '/root/Semestre8/Modulo3/puzzlebot_ros2/install/puzzlebot_description/share/puzzlebot_description/package.dsv'
[1.036s] INFO:colcon.colcon_core.shell:Creating package script '/root/Semestre8/Modulo3/puzzlebot_ros2/install/puzzlebot_description/share/puzzlebot_description/package.sh'
[1.036s] INFO:colcon.colcon_core.shell:Creating package script '/root/Semestre8/Modulo3/puzzlebot_ros2/install/puzzlebot_description/share/puzzlebot_description/package.bash'
[1.037s] INFO:colcon.colcon_core.shell:Creating package script '/root/Semestre8/Modulo3/puzzlebot_ros2/install/puzzlebot_description/share/puzzlebot_description/package.zsh'
[1.037s] Level 1:colcon.colcon_core.environment:create_file_with_runtime_dependencies(/root/Semestre8/Modulo3/puzzlebot_ros2/install/puzzlebot_description/share/colcon-core/packages/puzzlebot_description)
[1.038s] Level 1:colcon.colcon_core.environment:create_environment_scripts_only(puzzlebot_description)
[1.038s] Level 1:colcon.colcon_core.environment:checking '/root/Semestre8/Modulo3/puzzlebot_ros2/install/puzzlebot_description' for CMake module files
[1.039s] Level 1:colcon.colcon_core.environment:checking '/root/Semestre8/Modulo3/puzzlebot_ros2/install/puzzlebot_description' for CMake config files
[1.039s] Level 1:colcon.colcon_core.shell:create_environment_hook('puzzlebot_description', 'cmake_prefix_path')
[1.039s] INFO:colcon.colcon_core.shell:Creating environment hook '/root/Semestre8/Modulo3/puzzlebot_ros2/install/puzzlebot_description/share/puzzlebot_description/hook/cmake_prefix_path.ps1'
[1.040s] INFO:colcon.colcon_core.shell:Creating environment descriptor '/root/Semestre8/Modulo3/puzzlebot_ros2/install/puzzlebot_description/share/puzzlebot_description/hook/cmake_prefix_path.dsv'
[1.040s] INFO:colcon.colcon_core.shell:Creating environment hook '/root/Semestre8/Modulo3/puzzlebot_ros2/install/puzzlebot_description/share/puzzlebot_description/hook/cmake_prefix_path.sh'
[1.041s] Level 1:colcon.colcon_core.environment:checking '/root/Semestre8/Modulo3/puzzlebot_ros2/install/puzzlebot_description/bin'
[1.041s] Level 1:colcon.colcon_core.environment:checking '/root/Semestre8/Modulo3/puzzlebot_ros2/install/puzzlebot_description/lib/pkgconfig/puzzlebot_description.pc'
[1.041s] Level 1:colcon.colcon_core.environment:checking '/root/Semestre8/Modulo3/puzzlebot_ros2/install/puzzlebot_description/lib/python3.10/site-packages'
[1.041s] Level 1:colcon.colcon_core.environment:checking '/root/Semestre8/Modulo3/puzzlebot_ros2/install/puzzlebot_description/bin'
[1.042s] INFO:colcon.colcon_core.shell:Creating package script '/root/Semestre8/Modulo3/puzzlebot_ros2/install/puzzlebot_description/share/puzzlebot_description/package.ps1'
[1.042s] INFO:colcon.colcon_core.shell:Creating package descriptor '/root/Semestre8/Modulo3/puzzlebot_ros2/install/puzzlebot_description/share/puzzlebot_description/package.dsv'
[1.043s] INFO:colcon.colcon_core.shell:Creating package script '/root/Semestre8/Modulo3/puzzlebot_ros2/install/puzzlebot_description/share/puzzlebot_description/package.sh'
[1.043s] INFO:colcon.colcon_core.shell:Creating package script '/root/Semestre8/Modulo3/puzzlebot_ros2/install/puzzlebot_description/share/puzzlebot_description/package.bash'
[1.043s] INFO:colcon.colcon_core.shell:Creating package script '/root/Semestre8/Modulo3/puzzlebot_ros2/install/puzzlebot_description/share/puzzlebot_description/package.zsh'
[1.044s] Level 1:colcon.colcon_core.environment:create_file_with_runtime_dependencies(/root/Semestre8/Modulo3/puzzlebot_ros2/install/puzzlebot_description/share/colcon-core/packages/puzzlebot_description)
[1.044s] INFO:colcon.colcon_ros.task.ament_cmake.build:Building ROS package in '/root/Semestre8/Modulo3/puzzlebot_ros2/src/puzzlebot_gazebo' with build type 'ament_cmake'
[1.044s] INFO:colcon.colcon_cmake.task.cmake.build:Building CMake package in '/root/Semestre8/Modulo3/puzzlebot_ros2/src/puzzlebot_gazebo'
[1.045s] INFO:colcon.colcon_core.shell:Skip shell extension 'powershell' for command environment: Not usable outside of PowerShell
[1.045s] DEBUG:colcon.colcon_core.shell:Skip shell extension 'dsv' for command environment
[1.055s] DEBUG:colcon.colcon_core.event_handler.log_command:Invoking command in '/root/Semestre8/Modulo3/puzzlebot_ros2/build/puzzlebot_gazebo': CMAKE_PREFIX_PATH=/root/Semestre8/Modulo3/puzzlebot_ros2/install/puzzlebot_description:/root/Semestre8/Modulo3/puzzlebot_ros2/install/puzzlebot_navigation2:/root/Semestre8/Modulo3/puzzlebot_ros2/install/puzzlebot_gazebo:/root/ros2_ws/install/puzzlebot_sim:/opt/ros/humble /usr/bin/cmake /root/Semestre8/Modulo3/puzzlebot_ros2/src/puzzlebot_gazebo -DCMAKE_INSTALL_PREFIX=/root/Semestre8/Modulo3/puzzlebot_ros2/install/puzzlebot_gazebo
[1.714s] DEBUG:colcon.colcon_core.event_handler.log_command:Invoked command in '/root/Semestre8/Modulo3/puzzlebot_ros2/build/puzzlebot_gazebo' returned '0': CMAKE_PREFIX_PATH=/root/Semestre8/Modulo3/puzzlebot_ros2/install/puzzlebot_description:/root/Semestre8/Modulo3/puzzlebot_ros2/install/puzzlebot_navigation2:/root/Semestre8/Modulo3/puzzlebot_ros2/install/puzzlebot_gazebo:/root/ros2_ws/install/puzzlebot_sim:/opt/ros/humble /usr/bin/cmake /root/Semestre8/Modulo3/puzzlebot_ros2/src/puzzlebot_gazebo -DCMAKE_INSTALL_PREFIX=/root/Semestre8/Modulo3/puzzlebot_ros2/install/puzzlebot_gazebo
[1.715s] DEBUG:colcon.colcon_core.event_handler.log_command:Invoking command in '/root/Semestre8/Modulo3/puzzlebot_ros2/build/puzzlebot_gazebo': CMAKE_PREFIX_PATH=/root/Semestre8/Modulo3/puzzlebot_ros2/install/puzzlebot_description:/root/Semestre8/Modulo3/puzzlebot_ros2/install/puzzlebot_navigation2:/root/Semestre8/Modulo3/puzzlebot_ros2/install/puzzlebot_gazebo:/root/ros2_ws/install/puzzlebot_sim:/opt/ros/humble /usr/bin/cmake --build /root/Semestre8/Modulo3/puzzlebot_ros2/build/puzzlebot_gazebo -- -j12 -l12
[1.753s] DEBUG:colcon.colcon_core.event_handler.log_command:Invoked command in '/root/Semestre8/Modulo3/puzzlebot_ros2/build/puzzlebot_gazebo' returned '0': CMAKE_PREFIX_PATH=/root/Semestre8/Modulo3/puzzlebot_ros2/install/puzzlebot_description:/root/Semestre8/Modulo3/puzzlebot_ros2/install/puzzlebot_navigation2:/root/Semestre8/Modulo3/puzzlebot_ros2/install/puzzlebot_gazebo:/root/ros2_ws/install/puzzlebot_sim:/opt/ros/humble /usr/bin/cmake --build /root/Semestre8/Modulo3/puzzlebot_ros2/build/puzzlebot_gazebo -- -j12 -l12
[1.754s] DEBUG:colcon.colcon_core.event_handler.log_command:Invoking command in '/root/Semestre8/Modulo3/puzzlebot_ros2/build/puzzlebot_gazebo': CMAKE_PREFIX_PATH=/root/Semestre8/Modulo3/puzzlebot_ros2/install/puzzlebot_description:/root/Semestre8/Modulo3/puzzlebot_ros2/install/puzzlebot_navigation2:/root/Semestre8/Modulo3/puzzlebot_ros2/install/puzzlebot_gazebo:/root/ros2_ws/install/puzzlebot_sim:/opt/ros/humble /usr/bin/cmake --install /root/Semestre8/Modulo3/puzzlebot_ros2/build/puzzlebot_gazebo
[1.768s] Level 1:colcon.colcon_core.environment:create_environment_scripts_only(puzzlebot_gazebo)
[1.768s] Level 1:colcon.colcon_core.environment:checking '/root/Semestre8/Modulo3/puzzlebot_ros2/install/puzzlebot_gazebo' for CMake module files
[1.769s] DEBUG:colcon.colcon_core.event_handler.log_command:Invoked command in '/root/Semestre8/Modulo3/puzzlebot_ros2/build/puzzlebot_gazebo' returned '0': CMAKE_PREFIX_PATH=/root/Semestre8/Modulo3/puzzlebot_ros2/install/puzzlebot_description:/root/Semestre8/Modulo3/puzzlebot_ros2/install/puzzlebot_navigation2:/root/Semestre8/Modulo3/puzzlebot_ros2/install/puzzlebot_gazebo:/root/ros2_ws/install/puzzlebot_sim:/opt/ros/humble /usr/bin/cmake --install /root/Semestre8/Modulo3/puzzlebot_ros2/build/puzzlebot_gazebo
[1.769s] Level 1:colcon.colcon_core.environment:checking '/root/Semestre8/Modulo3/puzzlebot_ros2/install/puzzlebot_gazebo' for CMake config files
[1.769s] Level 1:colcon.colcon_core.shell:create_environment_hook('puzzlebot_gazebo', 'cmake_prefix_path')
[1.769s] INFO:colcon.colcon_core.shell:Creating environment hook '/root/Semestre8/Modulo3/puzzlebot_ros2/install/puzzlebot_gazebo/share/puzzlebot_gazebo/hook/cmake_prefix_path.ps1'
[1.770s] INFO:colcon.colcon_core.shell:Creating environment descriptor '/root/Semestre8/Modulo3/puzzlebot_ros2/install/puzzlebot_gazebo/share/puzzlebot_gazebo/hook/cmake_prefix_path.dsv'
[1.770s] INFO:colcon.colcon_core.shell:Creating environment hook '/root/Semestre8/Modulo3/puzzlebot_ros2/install/puzzlebot_gazebo/share/puzzlebot_gazebo/hook/cmake_prefix_path.sh'
[1.770s] Level 1:colcon.colcon_core.environment:checking '/root/Semestre8/Modulo3/puzzlebot_ros2/install/puzzlebot_gazebo/bin'
[1.771s] Level 1:colcon.colcon_core.environment:checking '/root/Semestre8/Modulo3/puzzlebot_ros2/install/puzzlebot_gazebo/lib/pkgconfig/puzzlebot_gazebo.pc'
[1.771s] Level 1:colcon.colcon_core.environment:checking '/root/Semestre8/Modulo3/puzzlebot_ros2/install/puzzlebot_gazebo/lib/python3.10/site-packages'
[1.771s] Level 1:colcon.colcon_core.environment:checking '/root/Semestre8/Modulo3/puzzlebot_ros2/install/puzzlebot_gazebo/bin'
[1.771s] INFO:colcon.colcon_core.shell:Creating package script '/root/Semestre8/Modulo3/puzzlebot_ros2/install/puzzlebot_gazebo/share/puzzlebot_gazebo/package.ps1'
[1.772s] INFO:colcon.colcon_core.shell:Creating package descriptor '/root/Semestre8/Modulo3/puzzlebot_ros2/install/puzzlebot_gazebo/share/puzzlebot_gazebo/package.dsv'
[1.772s] INFO:colcon.colcon_core.shell:Creating package script '/root/Semestre8/Modulo3/puzzlebot_ros2/install/puzzlebot_gazebo/share/puzzlebot_gazebo/package.sh'
[1.772s] INFO:colcon.colcon_core.shell:Creating package script '/root/Semestre8/Modulo3/puzzlebot_ros2/install/puzzlebot_gazebo/share/puzzlebot_gazebo/package.bash'
[1.772s] INFO:colcon.colcon_core.shell:Creating package script '/root/Semestre8/Modulo3/puzzlebot_ros2/install/puzzlebot_gazebo/share/puzzlebot_gazebo/package.zsh'
[1.773s] Level 1:colcon.colcon_core.environment:create_file_with_runtime_dependencies(/root/Semestre8/Modulo3/puzzlebot_ros2/install/puzzlebot_gazebo/share/colcon-core/packages/puzzlebot_gazebo)
[1.773s] Level 1:colcon.colcon_core.environment:create_environment_scripts_only(puzzlebot_gazebo)
[1.773s] Level 1:colcon.colcon_core.environment:checking '/root/Semestre8/Modulo3/puzzlebot_ros2/install/puzzlebot_gazebo' for CMake module files
[1.774s] Level 1:colcon.colcon_core.environment:checking '/root/Semestre8/Modulo3/puzzlebot_ros2/install/puzzlebot_gazebo' for CMake config files
[1.774s] Level 1:colcon.colcon_core.shell:create_environment_hook('puzzlebot_gazebo', 'cmake_prefix_path')
[1.774s] INFO:colcon.colcon_core.shell:Creating environment hook '/root/Semestre8/Modulo3/puzzlebot_ros2/install/puzzlebot_gazebo/share/puzzlebot_gazebo/hook/cmake_prefix_path.ps1'
[1.774s] INFO:colcon.colcon_core.shell:Creating environment descriptor '/root/Semestre8/Modulo3/puzzlebot_ros2/install/puzzlebot_gazebo/share/puzzlebot_gazebo/hook/cmake_prefix_path.dsv'
[1.775s] INFO:colcon.colcon_core.shell:Creating environment hook '/root/Semestre8/Modulo3/puzzlebot_ros2/install/puzzlebot_gazebo/share/puzzlebot_gazebo/hook/cmake_prefix_path.sh'
[1.775s] Level 1:colcon.colcon_core.environment:checking '/root/Semestre8/Modulo3/puzzlebot_ros2/install/puzzlebot_gazebo/bin'
[1.775s] Level 1:colcon.colcon_core.environment:checking '/root/Semestre8/Modulo3/puzzlebot_ros2/install/puzzlebot_gazebo/lib/pkgconfig/puzzlebot_gazebo.pc'
[1.775s] Level 1:colcon.colcon_core.environment:checking '/root/Semestre8/Modulo3/puzzlebot_ros2/install/puzzlebot_gazebo/lib/python3.10/site-packages'
[1.776s] Level 1:colcon.colcon_core.environment:checking '/root/Semestre8/Modulo3/puzzlebot_ros2/install/puzzlebot_gazebo/bin'
[1.776s] INFO:colcon.colcon_core.shell:Creating package script '/root/Semestre8/Modulo3/puzzlebot_ros2/install/puzzlebot_gazebo/share/puzzlebot_gazebo/package.ps1'
[1.776s] INFO:colcon.colcon_core.shell:Creating package descriptor '/root/Semestre8/Modulo3/puzzlebot_ros2/install/puzzlebot_gazebo/share/puzzlebot_gazebo/package.dsv'
[1.777s] INFO:colcon.colcon_core.shell:Creating package script '/root/Semestre8/Modulo3/puzzlebot_ros2/install/puzzlebot_gazebo/share/puzzlebot_gazebo/package.sh'
[1.777s] INFO:colcon.colcon_core.shell:Creating package script '/root/Semestre8/Modulo3/puzzlebot_ros2/install/puzzlebot_gazebo/share/puzzlebot_gazebo/package.bash'
[1.777s] INFO:colcon.colcon_core.shell:Creating package script '/root/Semestre8/Modulo3/puzzlebot_ros2/install/puzzlebot_gazebo/share/puzzlebot_gazebo/package.zsh'
[1.778s] Level 1:colcon.colcon_core.environment:create_file_with_runtime_dependencies(/root/Semestre8/Modulo3/puzzlebot_ros2/install/puzzlebot_gazebo/share/colcon-core/packages/puzzlebot_gazebo)
[1.778s] INFO:colcon.colcon_ros.task.ament_cmake.build:Building ROS package in '/root/Semestre8/Modulo3/puzzlebot_ros2/src/puzzlebot_navigation' with build type 'ament_cmake'
[1.778s] INFO:colcon.colcon_cmake.task.cmake.build:Building CMake package in '/root/Semestre8/Modulo3/puzzlebot_ros2/src/puzzlebot_navigation'
[1.778s] INFO:colcon.colcon_core.shell:Skip shell extension 'powershell' for command environment: Not usable outside of PowerShell
[1.778s] DEBUG:colcon.colcon_core.shell:Skip shell extension 'dsv' for command environment
[1.789s] DEBUG:colcon.colcon_core.event_handler.log_command:Invoking command in '/root/Semestre8/Modulo3/puzzlebot_ros2/build/puzzlebot_navigation2': CMAKE_PREFIX_PATH=/root/Semestre8/Modulo3/puzzlebot_ros2/install/puzzlebot_gazebo:/root/Semestre8/Modulo3/puzzlebot_ros2/install/puzzlebot_description:/root/Semestre8/Modulo3/puzzlebot_ros2/install/puzzlebot_navigation2:/root/ros2_ws/install/puzzlebot_sim:/opt/ros/humble /usr/bin/cmake /root/Semestre8/Modulo3/puzzlebot_ros2/src/puzzlebot_navigation -DCMAKE_INSTALL_PREFIX=/root/Semestre8/Modulo3/puzzlebot_ros2/install/puzzlebot_navigation2
[2.410s] DEBUG:colcon.colcon_core.event_handler.log_command:Invoked command in '/root/Semestre8/Modulo3/puzzlebot_ros2/build/puzzlebot_navigation2' returned '0': CMAKE_PREFIX_PATH=/root/Semestre8/Modulo3/puzzlebot_ros2/install/puzzlebot_gazebo:/root/Semestre8/Modulo3/puzzlebot_ros2/install/puzzlebot_description:/root/Semestre8/Modulo3/puzzlebot_ros2/install/puzzlebot_navigation2:/root/ros2_ws/install/puzzlebot_sim:/opt/ros/humble /usr/bin/cmake /root/Semestre8/Modulo3/puzzlebot_ros2/src/puzzlebot_navigation -DCMAKE_INSTALL_PREFIX=/root/Semestre8/Modulo3/puzzlebot_ros2/install/puzzlebot_navigation2
[2.412s] DEBUG:colcon.colcon_core.event_handler.log_command:Invoking command in '/root/Semestre8/Modulo3/puzzlebot_ros2/build/puzzlebot_navigation2': CMAKE_PREFIX_PATH=/root/Semestre8/Modulo3/puzzlebot_ros2/install/puzzlebot_gazebo:/root/Semestre8/Modulo3/puzzlebot_ros2/install/puzzlebot_description:/root/Semestre8/Modulo3/puzzlebot_ros2/install/puzzlebot_navigation2:/root/ros2_ws/install/puzzlebot_sim:/opt/ros/humble /usr/bin/cmake --build /root/Semestre8/Modulo3/puzzlebot_ros2/build/puzzlebot_navigation2 -- -j12 -l12
[2.453s] DEBUG:colcon.colcon_core.event_handler.log_command:Invoked command in '/root/Semestre8/Modulo3/puzzlebot_ros2/build/puzzlebot_navigation2' returned '0': CMAKE_PREFIX_PATH=/root/Semestre8/Modulo3/puzzlebot_ros2/install/puzzlebot_gazebo:/root/Semestre8/Modulo3/puzzlebot_ros2/install/puzzlebot_description:/root/Semestre8/Modulo3/puzzlebot_ros2/install/puzzlebot_navigation2:/root/ros2_ws/install/puzzlebot_sim:/opt/ros/humble /usr/bin/cmake --build /root/Semestre8/Modulo3/puzzlebot_ros2/build/puzzlebot_navigation2 -- -j12 -l12
[2.454s] DEBUG:colcon.colcon_core.event_handler.log_command:Invoking command in '/root/Semestre8/Modulo3/puzzlebot_ros2/build/puzzlebot_navigation2': CMAKE_PREFIX_PATH=/root/Semestre8/Modulo3/puzzlebot_ros2/install/puzzlebot_gazebo:/root/Semestre8/Modulo3/puzzlebot_ros2/install/puzzlebot_description:/root/Semestre8/Modulo3/puzzlebot_ros2/install/puzzlebot_navigation2:/root/ros2_ws/install/puzzlebot_sim:/opt/ros/humble /usr/bin/cmake --install /root/Semestre8/Modulo3/puzzlebot_ros2/build/puzzlebot_navigation2
[2.470s] Level 1:colcon.colcon_core.environment:create_environment_scripts_only(puzzlebot_navigation2)
[2.470s] Level 1:colcon.colcon_core.environment:checking '/root/Semestre8/Modulo3/puzzlebot_ros2/install/puzzlebot_navigation2' for CMake module files
[2.471s] DEBUG:colcon.colcon_core.event_handler.log_command:Invoked command in '/root/Semestre8/Modulo3/puzzlebot_ros2/build/puzzlebot_navigation2' returned '0': CMAKE_PREFIX_PATH=/root/Semestre8/Modulo3/puzzlebot_ros2/install/puzzlebot_gazebo:/root/Semestre8/Modulo3/puzzlebot_ros2/install/puzzlebot_description:/root/Semestre8/Modulo3/puzzlebot_ros2/install/puzzlebot_navigation2:/root/ros2_ws/install/puzzlebot_sim:/opt/ros/humble /usr/bin/cmake --install /root/Semestre8/Modulo3/puzzlebot_ros2/build/puzzlebot_navigation2
[2.471s] Level 1:colcon.colcon_core.environment:checking '/root/Semestre8/Modulo3/puzzlebot_ros2/install/puzzlebot_navigation2' for CMake config files
[2.471s] Level 1:colcon.colcon_core.shell:create_environment_hook('puzzlebot_navigation2', 'cmake_prefix_path')
[2.471s] INFO:colcon.colcon_core.shell:Creating environment hook '/root/Semestre8/Modulo3/puzzlebot_ros2/install/puzzlebot_navigation2/share/puzzlebot_navigation2/hook/cmake_prefix_path.ps1'
[2.472s] INFO:colcon.colcon_core.shell:Creating environment descriptor '/root/Semestre8/Modulo3/puzzlebot_ros2/install/puzzlebot_navigation2/share/puzzlebot_navigation2/hook/cmake_prefix_path.dsv'
[2.472s] INFO:colcon.colcon_core.shell:Creating environment hook '/root/Semestre8/Modulo3/puzzlebot_ros2/install/puzzlebot_navigation2/share/puzzlebot_navigation2/hook/cmake_prefix_path.sh'
[2.473s] Level 1:colcon.colcon_core.environment:checking '/root/Semestre8/Modulo3/puzzlebot_ros2/install/puzzlebot_navigation2/bin'
[2.473s] Level 1:colcon.colcon_core.environment:checking '/root/Semestre8/Modulo3/puzzlebot_ros2/install/puzzlebot_navigation2/lib/pkgconfig/puzzlebot_navigation2.pc'
[2.473s] Level 1:colcon.colcon_core.environment:checking '/root/Semestre8/Modulo3/puzzlebot_ros2/install/puzzlebot_navigation2/lib/python3.10/site-packages'
[2.473s] Level 1:colcon.colcon_core.environment:checking '/root/Semestre8/Modulo3/puzzlebot_ros2/install/puzzlebot_navigation2/bin'
[2.473s] INFO:colcon.colcon_core.shell:Creating package script '/root/Semestre8/Modulo3/puzzlebot_ros2/install/puzzlebot_navigation2/share/puzzlebot_navigation2/package.ps1'
[2.474s] INFO:colcon.colcon_core.shell:Creating package descriptor '/root/Semestre8/Modulo3/puzzlebot_ros2/install/puzzlebot_navigation2/share/puzzlebot_navigation2/package.dsv'
[2.474s] INFO:colcon.colcon_core.shell:Creating package script '/root/Semestre8/Modulo3/puzzlebot_ros2/install/puzzlebot_navigation2/share/puzzlebot_navigation2/package.sh'
[2.474s] INFO:colcon.colcon_core.shell:Creating package script '/root/Semestre8/Modulo3/puzzlebot_ros2/install/puzzlebot_navigation2/share/puzzlebot_navigation2/package.bash'
[2.474s] INFO:colcon.colcon_core.shell:Creating package script '/root/Semestre8/Modulo3/puzzlebot_ros2/install/puzzlebot_navigation2/share/puzzlebot_navigation2/package.zsh'
[2.475s] Level 1:colcon.colcon_core.environment:create_file_with_runtime_dependencies(/root/Semestre8/Modulo3/puzzlebot_ros2/install/puzzlebot_navigation2/share/colcon-core/packages/puzzlebot_navigation2)
[2.475s] Level 1:colcon.colcon_core.environment:create_environment_scripts_only(puzzlebot_navigation2)
[2.475s] Level 1:colcon.colcon_core.environment:checking '/root/Semestre8/Modulo3/puzzlebot_ros2/install/puzzlebot_navigation2' for CMake module files
[2.476s] Level 1:colcon.colcon_core.environment:checking '/root/Semestre8/Modulo3/puzzlebot_ros2/install/puzzlebot_navigation2' for CMake config files
[2.476s] Level 1:colcon.colcon_core.shell:create_environment_hook('puzzlebot_navigation2', 'cmake_prefix_path')
[2.476s] INFO:colcon.colcon_core.shell:Creating environment hook '/root/Semestre8/Modulo3/puzzlebot_ros2/install/puzzlebot_navigation2/share/puzzlebot_navigation2/hook/cmake_prefix_path.ps1'
[2.476s] INFO:colcon.colcon_core.shell:Creating environment descriptor '/root/Semestre8/Modulo3/puzzlebot_ros2/install/puzzlebot_navigation2/share/puzzlebot_navigation2/hook/cmake_prefix_path.dsv'
[2.477s] INFO:colcon.colcon_core.shell:Creating environment hook '/root/Semestre8/Modulo3/puzzlebot_ros2/install/puzzlebot_navigation2/share/puzzlebot_navigation2/hook/cmake_prefix_path.sh'
[2.477s] Level 1:colcon.colcon_core.environment:checking '/root/Semestre8/Modulo3/puzzlebot_ros2/install/puzzlebot_navigation2/bin'
[2.477s] Level 1:colcon.colcon_core.environment:checking '/root/Semestre8/Modulo3/puzzlebot_ros2/install/puzzlebot_navigation2/lib/pkgconfig/puzzlebot_navigation2.pc'
[2.477s] Level 1:colcon.colcon_core.environment:checking '/root/Semestre8/Modulo3/puzzlebot_ros2/install/puzzlebot_navigation2/lib/python3.10/site-packages'
[2.477s] Level 1:colcon.colcon_core.environment:checking '/root/Semestre8/Modulo3/puzzlebot_ros2/install/puzzlebot_navigation2/bin'
[2.478s] INFO:colcon.colcon_core.shell:Creating package script '/root/Semestre8/Modulo3/puzzlebot_ros2/install/puzzlebot_navigation2/share/puzzlebot_navigation2/package.ps1'
[2.478s] INFO:colcon.colcon_core.shell:Creating package descriptor '/root/Semestre8/Modulo3/puzzlebot_ros2/install/puzzlebot_navigation2/share/puzzlebot_navigation2/package.dsv'
[2.478s] INFO:colcon.colcon_core.shell:Creating package script '/root/Semestre8/Modulo3/puzzlebot_ros2/install/puzzlebot_navigation2/share/puzzlebot_navigation2/package.sh'
[2.479s] INFO:colcon.colcon_core.shell:Creating package script '/root/Semestre8/Modulo3/puzzlebot_ros2/install/puzzlebot_navigation2/share/puzzlebot_navigation2/package.bash'
[2.479s] INFO:colcon.colcon_core.shell:Creating package script '/root/Semestre8/Modulo3/puzzlebot_ros2/install/puzzlebot_navigation2/share/puzzlebot_navigation2/package.zsh'
[2.479s] Level 1:colcon.colcon_core.environment:create_file_with_runtime_dependencies(/root/Semestre8/Modulo3/puzzlebot_ros2/install/puzzlebot_navigation2/share/colcon-core/packages/puzzlebot_navigation2)
[2.480s] DEBUG:colcon.colcon_parallel_executor.executor.parallel:closing loop
[2.480s] DEBUG:colcon.colcon_parallel_executor.executor.parallel:loop closed
[2.480s] DEBUG:colcon.colcon_parallel_executor.executor.parallel:run_until_complete finished with '0'
[2.480s] DEBUG:colcon.colcon_core.event_reactor:joining thread
[2.486s] INFO:colcon.colcon_core.plugin_system:Skipping extension 'colcon_notification.desktop_notification.notify_send': Could not find 'notify-send'
[2.486s] INFO:colcon.colcon_core.plugin_system:Skipping extension 'colcon_notification.desktop_notification.terminal_notifier': Not used on non-Darwin systems
[2.486s] INFO:colcon.colcon_core.plugin_system:Skipping extension 'colcon_notification.desktop_notification.win32': Not used on non-Windows systems
[2.486s] INFO:colcon.colcon_notification.desktop_notification:Sending desktop notification using 'notify2'
[2.489s] DEBUG:colcon.colcon_notification.desktop_notification.notify2:Failed to initialize notify2: org.freedesktop.DBus.Error.Spawn.ExecFailed: /usr/bin/dbus-launch terminated abnormally without any error message
[2.489s] DEBUG:colcon.colcon_core.event_reactor:joined thread
[2.490s] INFO:colcon.colcon_core.shell:Creating prefix script '/root/Semestre8/Modulo3/puzzlebot_ros2/install/local_setup.ps1'
[2.491s] INFO:colcon.colcon_core.shell:Creating prefix util module '/root/Semestre8/Modulo3/puzzlebot_ros2/install/_local_setup_util_ps1.py'
[2.492s] INFO:colcon.colcon_core.shell:Creating prefix chain script '/root/Semestre8/Modulo3/puzzlebot_ros2/install/setup.ps1'
[2.493s] INFO:colcon.colcon_core.shell:Creating prefix script '/root/Semestre8/Modulo3/puzzlebot_ros2/install/local_setup.sh'
[2.493s] INFO:colcon.colcon_core.shell:Creating prefix util module '/root/Semestre8/Modulo3/puzzlebot_ros2/install/_local_setup_util_sh.py'
[2.494s] INFO:colcon.colcon_core.shell:Creating prefix chain script '/root/Semestre8/Modulo3/puzzlebot_ros2/install/setup.sh'
[2.495s] INFO:colcon.colcon_core.shell:Creating prefix script '/root/Semestre8/Modulo3/puzzlebot_ros2/install/local_setup.bash'
[2.496s] INFO:colcon.colcon_core.shell:Creating prefix chain script '/root/Semestre8/Modulo3/puzzlebot_ros2/install/setup.bash'
[2.497s] INFO:colcon.colcon_core.shell:Creating prefix script '/root/Semestre8/Modulo3/puzzlebot_ros2/install/local_setup.zsh'
[2.497s] INFO:colcon.colcon_core.shell:Creating prefix chain script '/root/Semestre8/Modulo3/puzzlebot_ros2/install/setup.zsh'
