[0.010s] Invoking command in '/root/Semestre8/Modulo3/puzzlebot_ros2/build/puzzlebot_gazebo': CMAKE_PREFIX_PATH=/root/Semestre8/Modulo3/puzzlebot_ros2/install/puzzlebot_description:/root/Semestre8/Modulo3/puzzlebot_ros2/install/puzzlebot_navigation2:/root/Semestre8/Modulo3/puzzlebot_ros2/install/puzzlebot_gazebo:/root/ros2_ws/install/puzzlebot_sim:/opt/ros/humble /usr/bin/cmake --build /root/Semestre8/Modulo3/puzzlebot_ros2/build/puzzlebot_gazebo -- -j12 -l12
[0.048s] Invoked command in '/root/Semestre8/Modulo3/puzzlebot_ros2/build/puzzlebot_gazebo' returned '0': CMAKE_PREFIX_PATH=/root/Semestre8/Modulo3/puzzlebot_ros2/install/puzzlebot_description:/root/Semestre8/Modulo3/puzzlebot_ros2/install/puzzlebot_navigation2:/root/Semestre8/Modulo3/puzzlebot_ros2/install/puzzlebot_gazebo:/root/ros2_ws/install/puzzlebot_sim:/opt/ros/humble /usr/bin/cmake --build /root/Semestre8/Modulo3/puzzlebot_ros2/build/puzzlebot_gazebo -- -j12 -l12
[0.050s] Invoking command in '/root/Semestre8/Modulo3/puzzlebot_ros2/build/puzzlebot_gazebo': CMAKE_PREFIX_PATH=/root/Semestre8/Modulo3/puzzlebot_ros2/install/puzzlebot_description:/root/Semestre8/Modulo3/puzzlebot_ros2/install/puzzlebot_navigation2:/root/Semestre8/Modulo3/puzzlebot_ros2/install/puzzlebot_gazebo:/root/ros2_ws/install/puzzlebot_sim:/opt/ros/humble /usr/bin/cmake --install /root/Semestre8/Modulo3/puzzlebot_ros2/build/puzzlebot_gazebo
[0.057s] -- Install configuration: ""
[0.057s] -- Up-to-date: /root/Semestre8/Modulo3/puzzlebot_ros2/install/puzzlebot_gazebo/share/puzzlebot_gazebo/launch
[0.058s] -- Up-to-date: /root/Semestre8/Modulo3/puzzlebot_ros2/install/puzzlebot_gazebo/share/puzzlebot_gazebo/launch/puzzlebot_gazebo.launch.xml
[0.058s] -- Up-to-date: /root/Semestre8/Modulo3/puzzlebot_ros2/install/puzzlebot_gazebo/share/puzzlebot_gazebo/worlds
[0.058s] -- Up-to-date: /root/Semestre8/Modulo3/puzzlebot_ros2/install/puzzlebot_gazebo/share/puzzlebot_gazebo/worlds/maze.world
[0.058s] -- Up-to-date: /root/Semestre8/Modulo3/puzzlebot_ros2/install/puzzlebot_gazebo/share/puzzlebot_gazebo/config
[0.058s] -- Up-to-date: /root/Semestre8/Modulo3/puzzlebot_ros2/install/puzzlebot_gazebo/share/puzzlebot_gazebo/config/gazebo_bridge.yaml
[0.058s] -- Up-to-date: /root/Semestre8/Modulo3/puzzlebot_ros2/install/puzzlebot_gazebo/share/ament_index/resource_index/package_run_dependencies/puzzlebot_gazebo
[0.058s] -- Up-to-date: /root/Semestre8/Modulo3/puzzlebot_ros2/install/puzzlebot_gazebo/share/ament_index/resource_index/parent_prefix_path/puzzlebot_gazebo
[0.058s] -- Up-to-date: /root/Semestre8/Modulo3/puzzlebot_ros2/install/puzzlebot_gazebo/share/puzzlebot_gazebo/environment/ament_prefix_path.sh
[0.058s] -- Up-to-date: /root/Semestre8/Modulo3/puzzlebot_ros2/install/puzzlebot_gazebo/share/puzzlebot_gazebo/environment/ament_prefix_path.dsv
[0.058s] -- Up-to-date: /root/Semestre8/Modulo3/puzzlebot_ros2/install/puzzlebot_gazebo/share/puzzlebot_gazebo/environment/path.sh
[0.058s] -- Up-to-date: /root/Semestre8/Modulo3/puzzlebot_ros2/install/puzzlebot_gazebo/share/puzzlebot_gazebo/environment/path.dsv
[0.058s] -- Up-to-date: /root/Semestre8/Modulo3/puzzlebot_ros2/install/puzzlebot_gazebo/share/puzzlebot_gazebo/local_setup.bash
[0.058s] -- Up-to-date: /root/Semestre8/Modulo3/puzzlebot_ros2/install/puzzlebot_gazebo/share/puzzlebot_gazebo/local_setup.sh
[0.058s] -- Up-to-date: /root/Semestre8/Modulo3/puzzlebot_ros2/install/puzzlebot_gazebo/share/puzzlebot_gazebo/local_setup.zsh
[0.058s] -- Up-to-date: /root/Semestre8/Modulo3/puzzlebot_ros2/install/puzzlebot_gazebo/share/puzzlebot_gazebo/local_setup.dsv
[0.058s] -- Installing: /root/Semestre8/Modulo3/puzzlebot_ros2/install/puzzlebot_gazebo/share/puzzlebot_gazebo/package.dsv
[0.059s] -- Up-to-date: /root/Semestre8/Modulo3/puzzlebot_ros2/install/puzzlebot_gazebo/share/ament_index/resource_index/packages/puzzlebot_gazebo
[0.059s] -- Up-to-date: /root/Semestre8/Modulo3/puzzlebot_ros2/install/puzzlebot_gazebo/share/puzzlebot_gazebo/cmake/puzzlebot_gazeboConfig.cmake
[0.059s] -- Up-to-date: /root/Semestre8/Modulo3/puzzlebot_ros2/install/puzzlebot_gazebo/share/puzzlebot_gazebo/cmake/puzzlebot_gazeboConfig-version.cmake
[0.059s] -- Up-to-date: /root/Semestre8/Modulo3/puzzlebot_ros2/install/puzzlebot_gazebo/share/puzzlebot_gazebo/package.xml
[0.061s] Invoked command in '/root/Semestre8/Modulo3/puzzlebot_ros2/build/puzzlebot_gazebo' returned '0': CMAKE_PREFIX_PATH=/root/Semestre8/Modulo3/puzzlebot_ros2/install/puzzlebot_description:/root/Semestre8/Modulo3/puzzlebot_ros2/install/puzzlebot_navigation2:/root/Semestre8/Modulo3/puzzlebot_ros2/install/puzzlebot_gazebo:/root/ros2_ws/install/puzzlebot_sim:/opt/ros/humble /usr/bin/cmake --install /root/Semestre8/Modulo3/puzzlebot_ros2/build/puzzlebot_gazebo
