[0.027s] Invoking command in '/root/Semestre8/Modulo3/puzzlebot_ros2/build/puzzlebot_description': CMAKE_PREFIX_PATH=${CMAKE_PREFIX_PATH}:/root/ros2_ws/install/puzzlebot_sim:/opt/ros/humble /usr/bin/cmake /root/Semestre8/Modulo3/puzzlebot_ros2/src/puzzlebot_description -DCMAKE_INSTALL_PREFIX=/root/Semestre8/Modulo3/puzzlebot_ros2/install/puzzlebot_description
[0.100s] -- The C compiler identification is GNU 11.4.0
[0.151s] -- The CXX compiler identification is GNU 11.4.0
[0.158s] -- Detecting C compiler ABI info
[0.228s] -- Detecting C compiler ABI info - done
[0.233s] -- Check for working C compiler: /usr/bin/cc - skipped
[0.233s] -- Detecting C compile features
[0.234s] -- Detecting C compile features - done
[0.236s] -- Detecting CXX compiler ABI info
[0.312s] -- Detecting CXX compiler ABI info - done
[0.319s] -- Check for working CXX compiler: /usr/bin/c++ - skipped
[0.319s] -- Detecting CXX compile features
[0.320s] -- Detecting CXX compile features - done
[0.326s] -- Found ament_cmake: 1.3.14 (/opt/ros/humble/share/ament_cmake/cmake)
[0.471s] -- Found Python3: /usr/bin/python3 (found version "3.10.12") found components: Interpreter 
[0.657s] -- Configuring done
[0.661s] -- Generating done
[0.664s] -- Build files have been written to: /root/Semestre8/Modulo3/puzzlebot_ros2/build/puzzlebot_description
[0.668s] Invoked command in '/root/Semestre8/Modulo3/puzzlebot_ros2/build/puzzlebot_description' returned '0': CMAKE_PREFIX_PATH=${CMAKE_PREFIX_PATH}:/root/ros2_ws/install/puzzlebot_sim:/opt/ros/humble /usr/bin/cmake /root/Semestre8/Modulo3/puzzlebot_ros2/src/puzzlebot_description -DCMAKE_INSTALL_PREFIX=/root/Semestre8/Modulo3/puzzlebot_ros2/install/puzzlebot_description
[0.670s] Invoking command in '/root/Semestre8/Modulo3/puzzlebot_ros2/build/puzzlebot_description': CMAKE_PREFIX_PATH=${CMAKE_PREFIX_PATH}:/root/ros2_ws/install/puzzlebot_sim:/opt/ros/humble /usr/bin/cmake --build /root/Semestre8/Modulo3/puzzlebot_ros2/build/puzzlebot_description -- -j12 -l12
[0.714s] Invoked command in '/root/Semestre8/Modulo3/puzzlebot_ros2/build/puzzlebot_description' returned '0': CMAKE_PREFIX_PATH=${CMAKE_PREFIX_PATH}:/root/ros2_ws/install/puzzlebot_sim:/opt/ros/humble /usr/bin/cmake --build /root/Semestre8/Modulo3/puzzlebot_ros2/build/puzzlebot_description -- -j12 -l12
[0.725s] Invoking command in '/root/Semestre8/Modulo3/puzzlebot_ros2/build/puzzlebot_description': CMAKE_PREFIX_PATH=${CMAKE_PREFIX_PATH}:/root/ros2_ws/install/puzzlebot_sim:/opt/ros/humble /usr/bin/cmake --install /root/Semestre8/Modulo3/puzzlebot_ros2/build/puzzlebot_description
[0.734s] -- Install configuration: ""
[0.734s] -- Installing: /root/Semestre8/Modulo3/puzzlebot_ros2/install/puzzlebot_description/share/puzzlebot_description/urdf
[0.734s] -- Installing: /root/Semestre8/Modulo3/puzzlebot_ros2/install/puzzlebot_description/share/puzzlebot_description/urdf/puzzlebot.urdf
[0.734s] -- Installing: /root/Semestre8/Modulo3/puzzlebot_ros2/install/puzzlebot_description/share/puzzlebot_description/rviz
[0.734s] -- Installing: /root/Semestre8/Modulo3/puzzlebot_ros2/install/puzzlebot_description/share/puzzlebot_description/rviz/puzzlebot_description.rviz
[0.734s] -- Installing: /root/Semestre8/Modulo3/puzzlebot_ros2/install/puzzlebot_description/share/puzzlebot_description/meshes
[0.734s] -- Installing: /root/Semestre8/Modulo3/puzzlebot_ros2/install/puzzlebot_description/share/puzzlebot_description/meshes/Puzzlebot_Caster_Wheel.stl
[0.735s] -- Installing: /root/Semestre8/Modulo3/puzzlebot_ros2/install/puzzlebot_description/share/puzzlebot_description/meshes/Puzzlebot_Wheel.stl
[0.735s] -- Installing: /root/Semestre8/Modulo3/puzzlebot_ros2/install/puzzlebot_description/share/puzzlebot_description/meshes/Puzzlebot_Jetson_Lidar_Edition_Base.stl
[0.735s] -- Installing: /root/Semestre8/Modulo3/puzzlebot_ros2/install/puzzlebot_description/share/puzzlebot_description/launch
[0.735s] -- Installing: /root/Semestre8/Modulo3/puzzlebot_ros2/install/puzzlebot_description/share/puzzlebot_description/launch/puzzlebot_description.launch.xml
[0.736s] -- Installing: /root/Semestre8/Modulo3/puzzlebot_ros2/install/puzzlebot_description/share/ament_index/resource_index/package_run_dependencies/puzzlebot_description
[0.736s] -- Installing: /root/Semestre8/Modulo3/puzzlebot_ros2/install/puzzlebot_description/share/ament_index/resource_index/parent_prefix_path/puzzlebot_description
[0.736s] -- Installing: /root/Semestre8/Modulo3/puzzlebot_ros2/install/puzzlebot_description/share/puzzlebot_description/environment/ament_prefix_path.sh
[0.737s] -- Installing: /root/Semestre8/Modulo3/puzzlebot_ros2/install/puzzlebot_description/share/puzzlebot_description/environment/ament_prefix_path.dsv
[0.737s] -- Installing: /root/Semestre8/Modulo3/puzzlebot_ros2/install/puzzlebot_description/share/puzzlebot_description/environment/path.sh
[0.737s] -- Installing: /root/Semestre8/Modulo3/puzzlebot_ros2/install/puzzlebot_description/share/puzzlebot_description/environment/path.dsv
[0.737s] -- Installing: /root/Semestre8/Modulo3/puzzlebot_ros2/install/puzzlebot_description/share/puzzlebot_description/local_setup.bash
[0.737s] -- Installing: /root/Semestre8/Modulo3/puzzlebot_ros2/install/puzzlebot_description/share/puzzlebot_description/local_setup.sh
[0.738s] -- Installing: /root/Semestre8/Modulo3/puzzlebot_ros2/install/puzzlebot_description/share/puzzlebot_description/local_setup.zsh
[0.738s] -- Installing: /root/Semestre8/Modulo3/puzzlebot_ros2/install/puzzlebot_description/share/puzzlebot_description/local_setup.dsv
[0.738s] -- Installing: /root/Semestre8/Modulo3/puzzlebot_ros2/install/puzzlebot_description/share/puzzlebot_description/package.dsv
[0.738s] -- Installing: /root/Semestre8/Modulo3/puzzlebot_ros2/install/puzzlebot_description/share/ament_index/resource_index/packages/puzzlebot_description
[0.739s] -- Installing: /root/Semestre8/Modulo3/puzzlebot_ros2/install/puzzlebot_description/share/puzzlebot_description/cmake/puzzlebot_descriptionConfig.cmake
[0.739s] -- Installing: /root/Semestre8/Modulo3/puzzlebot_ros2/install/puzzlebot_description/share/puzzlebot_description/cmake/puzzlebot_descriptionConfig-version.cmake
[0.739s] -- Installing: /root/Semestre8/Modulo3/puzzlebot_ros2/install/puzzlebot_description/share/puzzlebot_description/package.xml
[0.742s] Invoked command in '/root/Semestre8/Modulo3/puzzlebot_ros2/build/puzzlebot_description' returned '0': CMAKE_PREFIX_PATH=${CMAKE_PREFIX_PATH}:/root/ros2_ws/install/puzzlebot_sim:/opt/ros/humble /usr/bin/cmake --install /root/Semestre8/Modulo3/puzzlebot_ros2/build/puzzlebot_description
