-- Install configuration: ""
-- Up-to-date: /root/Semestre8/Modulo3/puzzlebot_ros2/install/puzzlebot_description/share/puzzlebot_description/urdf
-- Up-to-date: /root/Semestre8/Modulo3/puzzlebot_ros2/install/puzzlebot_description/share/puzzlebot_description/urdf/puzzlebot.urdf
-- Up-to-date: /root/Semestre8/Modulo3/puzzlebot_ros2/install/puzzlebot_description/share/puzzlebot_description/rviz
-- Up-to-date: /root/Semestre8/Modulo3/puzzlebot_ros2/install/puzzlebot_description/share/puzzlebot_description/rviz/puzzlebot_description.rviz
-- Up-to-date: /root/Semestre8/Modulo3/puzzlebot_ros2/install/puzzlebot_description/share/puzzlebot_description/meshes
-- Up-to-date: /root/Semestre8/Modulo3/puzzlebot_ros2/install/puzzlebot_description/share/puzzlebot_description/meshes/Puzzlebot_Caster_Wheel.stl
-- Up-to-date: /root/Semestre8/Modulo3/puzzlebot_ros2/install/puzzlebot_description/share/puzzlebot_description/meshes/Puzzlebot_Wheel.stl
-- Up-to-date: /root/Semestre8/Modulo3/puzzlebot_ros2/install/puzzlebot_description/share/puzzlebot_description/meshes/Puzzlebot_Jetson_Lidar_Edition_Base.stl
-- Up-to-date: /root/Semestre8/Modulo3/puzzlebot_ros2/install/puzzlebot_description/share/puzzlebot_description/launch
-- Installing: /root/Semestre8/Modulo3/puzzlebot_ros2/install/puzzlebot_description/share/puzzlebot_description/launch/puzzlebot_description.launch.xml
-- Up-to-date: /root/Semestre8/Modulo3/puzzlebot_ros2/install/puzzlebot_description/share/ament_index/resource_index/package_run_dependencies/puzzlebot_description
-- Up-to-date: /root/Semestre8/Modulo3/puzzlebot_ros2/install/puzzlebot_description/share/ament_index/resource_index/parent_prefix_path/puzzlebot_description
-- Up-to-date: /root/Semestre8/Modulo3/puzzlebot_ros2/install/puzzlebot_description/share/puzzlebot_description/environment/ament_prefix_path.sh
-- Up-to-date: /root/Semestre8/Modulo3/puzzlebot_ros2/install/puzzlebot_description/share/puzzlebot_description/environment/ament_prefix_path.dsv
-- Up-to-date: /root/Semestre8/Modulo3/puzzlebot_ros2/install/puzzlebot_description/share/puzzlebot_description/environment/path.sh
-- Up-to-date: /root/Semestre8/Modulo3/puzzlebot_ros2/install/puzzlebot_description/share/puzzlebot_description/environment/path.dsv
-- Up-to-date: /root/Semestre8/Modulo3/puzzlebot_ros2/install/puzzlebot_description/share/puzzlebot_description/local_setup.bash
-- Up-to-date: /root/Semestre8/Modulo3/puzzlebot_ros2/install/puzzlebot_description/share/puzzlebot_description/local_setup.sh
-- Up-to-date: /root/Semestre8/Modulo3/puzzlebot_ros2/install/puzzlebot_description/share/puzzlebot_description/local_setup.zsh
-- Up-to-date: /root/Semestre8/Modulo3/puzzlebot_ros2/install/puzzlebot_description/share/puzzlebot_description/local_setup.dsv
-- Installing: /root/Semestre8/Modulo3/puzzlebot_ros2/install/puzzlebot_description/share/puzzlebot_description/package.dsv
-- Up-to-date: /root/Semestre8/Modulo3/puzzlebot_ros2/install/puzzlebot_description/share/ament_index/resource_index/packages/puzzlebot_description
-- Up-to-date: /root/Semestre8/Modulo3/puzzlebot_ros2/install/puzzlebot_description/share/puzzlebot_description/cmake/puzzlebot_descriptionConfig.cmake
-- Up-to-date: /root/Semestre8/Modulo3/puzzlebot_ros2/install/puzzlebot_description/share/puzzlebot_description/cmake/puzzlebot_descriptionConfig-version.cmake
-- Up-to-date: /root/Semestre8/Modulo3/puzzlebot_ros2/install/puzzlebot_description/share/puzzlebot_description/package.xml
