[0.010s] Invoking command in '/root/Semestre8/Modulo3/puzzlebot_ros2/build/puzzlebot_navigation2': CMAKE_PREFIX_PATH=/root/Semestre8/Modulo3/puzzlebot_ros2/install/puzzlebot_gazebo:/root/Semestre8/Modulo3/puzzlebot_ros2/install/puzzlebot_description:/root/Semestre8/Modulo3/puzzlebot_ros2/install/puzzlebot_navigation2:/root/ros2_ws/install/puzzlebot_sim:/opt/ros/humble /usr/bin/cmake --build /root/Semestre8/Modulo3/puzzlebot_ros2/build/puzzlebot_navigation2 -- -j12 -l12
[0.050s] Invoked command in '/root/Semestre8/Modulo3/puzzlebot_ros2/build/puzzlebot_navigation2' returned '0': CMAKE_PREFIX_PATH=/root/Semestre8/Modulo3/puzzlebot_ros2/install/puzzlebot_gazebo:/root/Semestre8/Modulo3/puzzlebot_ros2/install/puzzlebot_description:/root/Semestre8/Modulo3/puzzlebot_ros2/install/puzzlebot_navigation2:/root/ros2_ws/install/puzzlebot_sim:/opt/ros/humble /usr/bin/cmake --build /root/Semestre8/Modulo3/puzzlebot_ros2/build/puzzlebot_navigation2 -- -j12 -l12
[0.052s] Invoking command in '/root/Semestre8/Modulo3/puzzlebot_ros2/build/puzzlebot_navigation2': CMAKE_PREFIX_PATH=/root/Semestre8/Modulo3/puzzlebot_ros2/install/puzzlebot_gazebo:/root/Semestre8/Modulo3/puzzlebot_ros2/install/puzzlebot_description:/root/Semestre8/Modulo3/puzzlebot_ros2/install/puzzlebot_navigation2:/root/ros2_ws/install/puzzlebot_sim:/opt/ros/humble /usr/bin/cmake --install /root/Semestre8/Modulo3/puzzlebot_ros2/build/puzzlebot_navigation2
[0.059s] -- Install configuration: ""
[0.059s] -- Up-to-date: /root/Semestre8/Modulo3/puzzlebot_ros2/install/puzzlebot_navigation2/share/puzzlebot_navigation2/launch
[0.060s] -- Up-to-date: /root/Semestre8/Modulo3/puzzlebot_ros2/install/puzzlebot_navigation2/share/puzzlebot_navigation2/launch/slam_core.launch.xml
[0.060s] -- Up-to-date: /root/Semestre8/Modulo3/puzzlebot_ros2/install/puzzlebot_navigation2/share/puzzlebot_navigation2/launch/slam.launch.xml
[0.060s] -- Up-to-date: /root/Semestre8/Modulo3/puzzlebot_ros2/install/puzzlebot_navigation2/share/puzzlebot_navigation2/launch/nav2_core.launch.xml
[0.060s] -- Up-to-date: /root/Semestre8/Modulo3/puzzlebot_ros2/install/puzzlebot_navigation2/share/puzzlebot_navigation2/launch/nav2.launch.xml
[0.060s] -- Up-to-date: /root/Semestre8/Modulo3/puzzlebot_ros2/install/puzzlebot_navigation2/share/puzzlebot_navigation2/config
[0.060s] -- Up-to-date: /root/Semestre8/Modulo3/puzzlebot_ros2/install/puzzlebot_navigation2/share/puzzlebot_navigation2/config/nav2_params.yaml
[0.060s] -- Up-to-date: /root/Semestre8/Modulo3/puzzlebot_ros2/install/puzzlebot_navigation2/share/puzzlebot_navigation2/config/slam_toolbox.yaml
[0.060s] -- Up-to-date: /root/Semestre8/Modulo3/puzzlebot_ros2/install/puzzlebot_navigation2/share/puzzlebot_navigation2/maps
[0.060s] -- Up-to-date: /root/Semestre8/Modulo3/puzzlebot_ros2/install/puzzlebot_navigation2/share/puzzlebot_navigation2/maps/my_map.yaml
[0.060s] -- Up-to-date: /root/Semestre8/Modulo3/puzzlebot_ros2/install/puzzlebot_navigation2/share/puzzlebot_navigation2/maps/my_map.pgm
[0.060s] -- Up-to-date: /root/Semestre8/Modulo3/puzzlebot_ros2/install/puzzlebot_navigation2/share/puzzlebot_navigation2/rviz
[0.060s] -- Up-to-date: /root/Semestre8/Modulo3/puzzlebot_ros2/install/puzzlebot_navigation2/share/puzzlebot_navigation2/rviz/nav2.rviz
[0.060s] -- Up-to-date: /root/Semestre8/Modulo3/puzzlebot_ros2/install/puzzlebot_navigation2/share/puzzlebot_navigation2/rviz/slam.rviz
[0.061s] -- Up-to-date: /root/Semestre8/Modulo3/puzzlebot_ros2/install/puzzlebot_navigation2/share/ament_index/resource_index/package_run_dependencies/puzzlebot_navigation2
[0.061s] -- Up-to-date: /root/Semestre8/Modulo3/puzzlebot_ros2/install/puzzlebot_navigation2/share/ament_index/resource_index/parent_prefix_path/puzzlebot_navigation2
[0.061s] -- Up-to-date: /root/Semestre8/Modulo3/puzzlebot_ros2/install/puzzlebot_navigation2/share/puzzlebot_navigation2/environment/ament_prefix_path.sh
[0.061s] -- Up-to-date: /root/Semestre8/Modulo3/puzzlebot_ros2/install/puzzlebot_navigation2/share/puzzlebot_navigation2/environment/ament_prefix_path.dsv
[0.061s] -- Up-to-date: /root/Semestre8/Modulo3/puzzlebot_ros2/install/puzzlebot_navigation2/share/puzzlebot_navigation2/environment/path.sh
[0.061s] -- Up-to-date: /root/Semestre8/Modulo3/puzzlebot_ros2/install/puzzlebot_navigation2/share/puzzlebot_navigation2/environment/path.dsv
[0.061s] -- Up-to-date: /root/Semestre8/Modulo3/puzzlebot_ros2/install/puzzlebot_navigation2/share/puzzlebot_navigation2/local_setup.bash
[0.061s] -- Up-to-date: /root/Semestre8/Modulo3/puzzlebot_ros2/install/puzzlebot_navigation2/share/puzzlebot_navigation2/local_setup.sh
[0.061s] -- Up-to-date: /root/Semestre8/Modulo3/puzzlebot_ros2/install/puzzlebot_navigation2/share/puzzlebot_navigation2/local_setup.zsh
[0.061s] -- Up-to-date: /root/Semestre8/Modulo3/puzzlebot_ros2/install/puzzlebot_navigation2/share/puzzlebot_navigation2/local_setup.dsv
[0.061s] -- Installing: /root/Semestre8/Modulo3/puzzlebot_ros2/install/puzzlebot_navigation2/share/puzzlebot_navigation2/package.dsv
[0.061s] -- Up-to-date: /root/Semestre8/Modulo3/puzzlebot_ros2/install/puzzlebot_navigation2/share/ament_index/resource_index/packages/puzzlebot_navigation2
[0.061s] -- Up-to-date: /root/Semestre8/Modulo3/puzzlebot_ros2/install/puzzlebot_navigation2/share/puzzlebot_navigation2/cmake/puzzlebot_navigation2Config.cmake
[0.061s] -- Up-to-date: /root/Semestre8/Modulo3/puzzlebot_ros2/install/puzzlebot_navigation2/share/puzzlebot_navigation2/cmake/puzzlebot_navigation2Config-version.cmake
[0.061s] -- Up-to-date: /root/Semestre8/Modulo3/puzzlebot_ros2/install/puzzlebot_navigation2/share/puzzlebot_navigation2/package.xml
[0.064s] Invoked command in '/root/Semestre8/Modulo3/puzzlebot_ros2/build/puzzlebot_navigation2' returned '0': CMAKE_PREFIX_PATH=/root/Semestre8/Modulo3/puzzlebot_ros2/install/puzzlebot_gazebo:/root/Semestre8/Modulo3/puzzlebot_ros2/install/puzzlebot_description:/root/Semestre8/Modulo3/puzzlebot_ros2/install/puzzlebot_navigation2:/root/ros2_ws/install/puzzlebot_sim:/opt/ros/humble /usr/bin/cmake --install /root/Semestre8/Modulo3/puzzlebot_ros2/build/puzzlebot_navigation2
