[0.010s] Invoking command in '/root/Semestre8/Modulo3/puzzlebot_ros2/build/puzzlebot_navigation2': CMAKE_PREFIX_PATH=/root/Semestre8/Modulo3/puzzlebot_ros2/install/puzzlebot_gazebo:/root/Semestre8/Modulo3/puzzlebot_ros2/install/puzzlebot_description:/root/Semestre8/Modulo3/puzzlebot_ros2/install/puzzlebot_navigation2:/root/ros2_ws/install/puzzlebot_sim:/opt/ros/humble /usr/bin/cmake /root/Semestre8/Modulo3/puzzlebot_ros2/src/puzzlebot_navigation -DCMAKE_INSTALL_PREFIX=/root/Semestre8/Modulo3/puzzlebot_ros2/install/puzzlebot_navigation2
[0.063s] -- The C compiler identification is GNU 11.4.0
[0.116s] -- The CXX compiler identification is GNU 11.4.0
[0.123s] -- Detecting C compiler ABI info
[0.198s] -- Detecting C compiler ABI info - done
[0.203s] -- Check for working C compiler: /usr/bin/cc - skipped
[0.203s] -- Detecting C compile features
[0.204s] -- Detecting C compile features - done
[0.206s] -- Detecting CXX compiler ABI info
[0.286s] -- Detecting CXX compiler ABI info - done
[0.291s] -- Check for working CXX compiler: /usr/bin/c++ - skipped
[0.291s] -- Detecting CXX compile features
[0.292s] -- Detecting CXX compile features - done
[0.298s] -- Found ament_cmake: 1.3.14 (/opt/ros/humble/share/ament_cmake/cmake)
[0.439s] -- Found Python3: /usr/bin/python3 (found version "3.10.12") found components: Interpreter 
[0.621s] -- Configuring done
[0.624s] -- Generating done
[0.626s] -- Build files have been written to: /root/Semestre8/Modulo3/puzzlebot_ros2/build/puzzlebot_navigation2
[0.631s] Invoked command in '/root/Semestre8/Modulo3/puzzlebot_ros2/build/puzzlebot_navigation2' returned '0': CMAKE_PREFIX_PATH=/root/Semestre8/Modulo3/puzzlebot_ros2/install/puzzlebot_gazebo:/root/Semestre8/Modulo3/puzzlebot_ros2/install/puzzlebot_description:/root/Semestre8/Modulo3/puzzlebot_ros2/install/puzzlebot_navigation2:/root/ros2_ws/install/puzzlebot_sim:/opt/ros/humble /usr/bin/cmake /root/Semestre8/Modulo3/puzzlebot_ros2/src/puzzlebot_navigation -DCMAKE_INSTALL_PREFIX=/root/Semestre8/Modulo3/puzzlebot_ros2/install/puzzlebot_navigation2
[0.633s] Invoking command in '/root/Semestre8/Modulo3/puzzlebot_ros2/build/puzzlebot_navigation2': CMAKE_PREFIX_PATH=/root/Semestre8/Modulo3/puzzlebot_ros2/install/puzzlebot_gazebo:/root/Semestre8/Modulo3/puzzlebot_ros2/install/puzzlebot_description:/root/Semestre8/Modulo3/puzzlebot_ros2/install/puzzlebot_navigation2:/root/ros2_ws/install/puzzlebot_sim:/opt/ros/humble /usr/bin/cmake --build /root/Semestre8/Modulo3/puzzlebot_ros2/build/puzzlebot_navigation2 -- -j12 -l12
[0.674s] Invoked command in '/root/Semestre8/Modulo3/puzzlebot_ros2/build/puzzlebot_navigation2' returned '0': CMAKE_PREFIX_PATH=/root/Semestre8/Modulo3/puzzlebot_ros2/install/puzzlebot_gazebo:/root/Semestre8/Modulo3/puzzlebot_ros2/install/puzzlebot_description:/root/Semestre8/Modulo3/puzzlebot_ros2/install/puzzlebot_navigation2:/root/ros2_ws/install/puzzlebot_sim:/opt/ros/humble /usr/bin/cmake --build /root/Semestre8/Modulo3/puzzlebot_ros2/build/puzzlebot_navigation2 -- -j12 -l12
[0.675s] Invoking command in '/root/Semestre8/Modulo3/puzzlebot_ros2/build/puzzlebot_navigation2': CMAKE_PREFIX_PATH=/root/Semestre8/Modulo3/puzzlebot_ros2/install/puzzlebot_gazebo:/root/Semestre8/Modulo3/puzzlebot_ros2/install/puzzlebot_description:/root/Semestre8/Modulo3/puzzlebot_ros2/install/puzzlebot_navigation2:/root/ros2_ws/install/puzzlebot_sim:/opt/ros/humble /usr/bin/cmake --install /root/Semestre8/Modulo3/puzzlebot_ros2/build/puzzlebot_navigation2
[0.683s] -- Install configuration: ""
[0.683s] -- Installing: /root/Semestre8/Modulo3/puzzlebot_ros2/install/puzzlebot_navigation2/share/puzzlebot_navigation2/launch
[0.683s] -- Installing: /root/Semestre8/Modulo3/puzzlebot_ros2/install/puzzlebot_navigation2/share/puzzlebot_navigation2/launch/slam_core.launch.xml
[0.683s] -- Installing: /root/Semestre8/Modulo3/puzzlebot_ros2/install/puzzlebot_navigation2/share/puzzlebot_navigation2/launch/slam.launch.xml
[0.684s] -- Installing: /root/Semestre8/Modulo3/puzzlebot_ros2/install/puzzlebot_navigation2/share/puzzlebot_navigation2/launch/nav2_core.launch.xml
[0.684s] -- Installing: /root/Semestre8/Modulo3/puzzlebot_ros2/install/puzzlebot_navigation2/share/puzzlebot_navigation2/launch/nav2.launch.xml
[0.684s] -- Installing: /root/Semestre8/Modulo3/puzzlebot_ros2/install/puzzlebot_navigation2/share/puzzlebot_navigation2/config
[0.684s] -- Installing: /root/Semestre8/Modulo3/puzzlebot_ros2/install/puzzlebot_navigation2/share/puzzlebot_navigation2/config/nav2_params.yaml
[0.684s] -- Installing: /root/Semestre8/Modulo3/puzzlebot_ros2/install/puzzlebot_navigation2/share/puzzlebot_navigation2/config/slam_toolbox.yaml
[0.685s] -- Installing: /root/Semestre8/Modulo3/puzzlebot_ros2/install/puzzlebot_navigation2/share/puzzlebot_navigation2/maps
[0.685s] -- Installing: /root/Semestre8/Modulo3/puzzlebot_ros2/install/puzzlebot_navigation2/share/puzzlebot_navigation2/maps/my_map.yaml
[0.685s] -- Installing: /root/Semestre8/Modulo3/puzzlebot_ros2/install/puzzlebot_navigation2/share/puzzlebot_navigation2/maps/my_map.pgm
[0.685s] -- Installing: /root/Semestre8/Modulo3/puzzlebot_ros2/install/puzzlebot_navigation2/share/puzzlebot_navigation2/rviz
[0.685s] -- Installing: /root/Semestre8/Modulo3/puzzlebot_ros2/install/puzzlebot_navigation2/share/puzzlebot_navigation2/rviz/nav2.rviz
[0.685s] -- Installing: /root/Semestre8/Modulo3/puzzlebot_ros2/install/puzzlebot_navigation2/share/puzzlebot_navigation2/rviz/slam.rviz
[0.686s] -- Installing: /root/Semestre8/Modulo3/puzzlebot_ros2/install/puzzlebot_navigation2/share/ament_index/resource_index/package_run_dependencies/puzzlebot_navigation2
[0.686s] -- Installing: /root/Semestre8/Modulo3/puzzlebot_ros2/install/puzzlebot_navigation2/share/ament_index/resource_index/parent_prefix_path/puzzlebot_navigation2
[0.686s] -- Installing: /root/Semestre8/Modulo3/puzzlebot_ros2/install/puzzlebot_navigation2/share/puzzlebot_navigation2/environment/ament_prefix_path.sh
[0.687s] -- Installing: /root/Semestre8/Modulo3/puzzlebot_ros2/install/puzzlebot_navigation2/share/puzzlebot_navigation2/environment/ament_prefix_path.dsv
[0.687s] -- Installing: /root/Semestre8/Modulo3/puzzlebot_ros2/install/puzzlebot_navigation2/share/puzzlebot_navigation2/environment/path.sh
[0.687s] -- Installing: /root/Semestre8/Modulo3/puzzlebot_ros2/install/puzzlebot_navigation2/share/puzzlebot_navigation2/environment/path.dsv
[0.687s] -- Installing: /root/Semestre8/Modulo3/puzzlebot_ros2/install/puzzlebot_navigation2/share/puzzlebot_navigation2/local_setup.bash
[0.687s] -- Installing: /root/Semestre8/Modulo3/puzzlebot_ros2/install/puzzlebot_navigation2/share/puzzlebot_navigation2/local_setup.sh
[0.688s] -- Installing: /root/Semestre8/Modulo3/puzzlebot_ros2/install/puzzlebot_navigation2/share/puzzlebot_navigation2/local_setup.zsh
[0.688s] -- Installing: /root/Semestre8/Modulo3/puzzlebot_ros2/install/puzzlebot_navigation2/share/puzzlebot_navigation2/local_setup.dsv
[0.688s] -- Installing: /root/Semestre8/Modulo3/puzzlebot_ros2/install/puzzlebot_navigation2/share/puzzlebot_navigation2/package.dsv
[0.688s] -- Installing: /root/Semestre8/Modulo3/puzzlebot_ros2/install/puzzlebot_navigation2/share/ament_index/resource_index/packages/puzzlebot_navigation2
[0.689s] -- Installing: /root/Semestre8/Modulo3/puzzlebot_ros2/install/puzzlebot_navigation2/share/puzzlebot_navigation2/cmake/puzzlebot_navigation2Config.cmake
[0.689s] -- Installing: /root/Semestre8/Modulo3/puzzlebot_ros2/install/puzzlebot_navigation2/share/puzzlebot_navigation2/cmake/puzzlebot_navigation2Config-version.cmake
[0.689s] -- Installing: /root/Semestre8/Modulo3/puzzlebot_ros2/install/puzzlebot_navigation2/share/puzzlebot_navigation2/package.xml
[0.692s] Invoked command in '/root/Semestre8/Modulo3/puzzlebot_ros2/build/puzzlebot_navigation2' returned '0': CMAKE_PREFIX_PATH=/root/Semestre8/Modulo3/puzzlebot_ros2/install/puzzlebot_gazebo:/root/Semestre8/Modulo3/puzzlebot_ros2/install/puzzlebot_description:/root/Semestre8/Modulo3/puzzlebot_ros2/install/puzzlebot_navigation2:/root/ros2_ws/install/puzzlebot_sim:/opt/ros/humble /usr/bin/cmake --install /root/Semestre8/Modulo3/puzzlebot_ros2/build/puzzlebot_navigation2
