[0.249s] DEBUG:colcon:Command line arguments: ['/usr/bin/colcon', 'build']
[0.250s] DEBUG:colcon:Parsed command line arguments: Namespace(log_base=None, log_level=None, verb_name='build', build_base='build', install_base='install', merge_install=False, symlink_install=False, test_result_base=None, continue_on_error=False, executor='parallel', parallel_workers=12, event_handlers=None, ignore_user_meta=False, metas=['./colcon.meta'], base_paths=['.'], packages_ignore=None, packages_ignore_regex=None, paths=None, packages_up_to=None, packages_up_to_regex=None, packages_above=None, packages_above_and_dependencies=None, packages_above_depth=None, packages_select_by_dep=None, packages_skip_by_dep=None, packages_skip_up_to=None, packages_select_build_failed=False, packages_skip_build_finished=False, packages_select_test_failures=False, packages_skip_test_passed=False, packages_select=None, packages_skip=None, packages_select_regex=None, packages_skip_regex=None, packages_start=None, packages_end=None, cmake_args=None, cmake_target=None, cmake_target_skip_unavailable=False, cmake_clean_cache=False, cmake_clean_first=False, cmake_force_configure=False, ament_cmake_args=None, catkin_cmake_args=None, catkin_skip_building_tests=False, mixin_files=None, mixin=None, verb_parser=<colcon_mixin.mixin.mixin_argument.MixinArgumentDecorator object at 0x7bc76c5d0e20>, verb_extension=<colcon_core.verb.build.BuildVerb object at 0x7bc76c73a6e0>, main=<bound method BuildVerb.main of <colcon_core.verb.build.BuildVerb object at 0x7bc76c73a6e0>>, mixin_verb=('build',))
[0.473s] Level 1:colcon.colcon_core.package_discovery:discover_packages(colcon_meta) check parameters
[0.474s] INFO:colcon.colcon_metadata.package_discovery.colcon_meta:Using configuration from '/root/.colcon/metadata/default/Gazebo.meta'
[0.474s] INFO:colcon.colcon_metadata.package_discovery.colcon_meta:Using configuration from '/root/.colcon/metadata/default/fastdds.meta'
[0.475s] INFO:colcon.colcon_metadata.package_discovery.colcon_meta:Using configuration from '/root/.colcon/metadata/default/fastrtps.meta'
[0.475s] Level 1:colcon.colcon_core.package_discovery:discover_packages(recursive) check parameters
[0.475s] Level 1:colcon.colcon_core.package_discovery:discover_packages(ignore) check parameters
[0.475s] Level 1:colcon.colcon_core.package_discovery:discover_packages(path) check parameters
[0.475s] Level 1:colcon.colcon_core.package_discovery:discover_packages(colcon_meta) discover
[0.475s] Level 1:colcon.colcon_core.package_discovery:discover_packages(recursive) discover
[0.475s] INFO:colcon.colcon_core.package_discovery:Crawling recursively for packages in '/root/Semestre8/Modulo3/puzzlebot_ros2'
[0.475s] Level 1:colcon.colcon_core.package_identification:_identify(.) by extensions ['ignore', 'ignore_ament_install']
[0.475s] Level 1:colcon.colcon_core.package_identification:_identify(.) by extension 'ignore'
[0.475s] Level 1:colcon.colcon_core.package_identification:_identify(.) by extension 'ignore_ament_install'
[0.475s] Level 1:colcon.colcon_core.package_identification:_identify(.) by extensions ['colcon_pkg']
[0.476s] Level 1:colcon.colcon_core.package_identification:_identify(.) by extension 'colcon_pkg'
[0.476s] Level 1:colcon.colcon_core.package_identification:_identify(.) by extensions ['colcon_meta']
[0.476s] Level 1:colcon.colcon_core.package_identification:_identify(.) by extension 'colcon_meta'
[0.476s] Level 1:colcon.colcon_core.package_identification:_identify(.) by extensions ['ros']
[0.476s] Level 1:colcon.colcon_core.package_identification:_identify(.) by extension 'ros'
[0.489s] Level 1:colcon.colcon_core.package_identification:_identify(.) by extensions ['cmake', 'python']
[0.490s] Level 1:colcon.colcon_core.package_identification:_identify(.) by extension 'cmake'
[0.490s] Level 1:colcon.colcon_core.package_identification:_identify(.) by extension 'python'
[0.490s] Level 1:colcon.colcon_core.package_identification:_identify(.) by extensions ['python_setup_py']
[0.490s] Level 1:colcon.colcon_core.package_identification:_identify(.) by extension 'python_setup_py'
[0.490s] Level 1:colcon.colcon_core.package_identification:_identify(build) by extensions ['ignore', 'ignore_ament_install']
[0.490s] Level 1:colcon.colcon_core.package_identification:_identify(build) by extension 'ignore'
[0.490s] Level 1:colcon.colcon_core.package_identification:_identify(build) ignored
[0.490s] Level 1:colcon.colcon_core.package_identification:_identify(install) by extensions ['ignore', 'ignore_ament_install']
[0.490s] Level 1:colcon.colcon_core.package_identification:_identify(install) by extension 'ignore'
[0.490s] Level 1:colcon.colcon_core.package_identification:_identify(install) ignored
[0.490s] Level 1:colcon.colcon_core.package_identification:_identify(log) by extensions ['ignore', 'ignore_ament_install']
[0.491s] Level 1:colcon.colcon_core.package_identification:_identify(log) by extension 'ignore'
[0.491s] Level 1:colcon.colcon_core.package_identification:_identify(log) ignored
[0.491s] Level 1:colcon.colcon_core.package_identification:_identify(src) by extensions ['ignore', 'ignore_ament_install']
[0.491s] Level 1:colcon.colcon_core.package_identification:_identify(src) by extension 'ignore'
[0.491s] Level 1:colcon.colcon_core.package_identification:_identify(src) by extension 'ignore_ament_install'
[0.491s] Level 1:colcon.colcon_core.package_identification:_identify(src) by extensions ['colcon_pkg']
[0.491s] Level 1:colcon.colcon_core.package_identification:_identify(src) by extension 'colcon_pkg'
[0.491s] Level 1:colcon.colcon_core.package_identification:_identify(src) by extensions ['colcon_meta']
[0.491s] Level 1:colcon.colcon_core.package_identification:_identify(src) by extension 'colcon_meta'
[0.491s] Level 1:colcon.colcon_core.package_identification:_identify(src) by extensions ['ros']
[0.491s] Level 1:colcon.colcon_core.package_identification:_identify(src) by extension 'ros'
[0.491s] Level 1:colcon.colcon_core.package_identification:_identify(src) by extensions ['cmake', 'python']
[0.491s] Level 1:colcon.colcon_core.package_identification:_identify(src) by extension 'cmake'
[0.491s] Level 1:colcon.colcon_core.package_identification:_identify(src) by extension 'python'
[0.491s] Level 1:colcon.colcon_core.package_identification:_identify(src) by extensions ['python_setup_py']
[0.491s] Level 1:colcon.colcon_core.package_identification:_identify(src) by extension 'python_setup_py'
[0.492s] Level 1:colcon.colcon_core.package_identification:_identify(src/puzzlebot_description) by extensions ['ignore', 'ignore_ament_install']
[0.492s] Level 1:colcon.colcon_core.package_identification:_identify(src/puzzlebot_description) by extension 'ignore'
[0.492s] Level 1:colcon.colcon_core.package_identification:_identify(src/puzzlebot_description) by extension 'ignore_ament_install'
[0.492s] Level 1:colcon.colcon_core.package_identification:_identify(src/puzzlebot_description) by extensions ['colcon_pkg']
[0.492s] Level 1:colcon.colcon_core.package_identification:_identify(src/puzzlebot_description) by extension 'colcon_pkg'
[0.492s] Level 1:colcon.colcon_core.package_identification:_identify(src/puzzlebot_description) by extensions ['colcon_meta']
[0.492s] Level 1:colcon.colcon_core.package_identification:_identify(src/puzzlebot_description) by extension 'colcon_meta'
[0.492s] Level 1:colcon.colcon_core.package_identification:_identify(src/puzzlebot_description) by extensions ['ros']
[0.492s] Level 1:colcon.colcon_core.package_identification:_identify(src/puzzlebot_description) by extension 'ros'
[0.495s] DEBUG:colcon.colcon_core.package_identification:Package 'src/puzzlebot_description' with type 'ros.ament_cmake' and name 'puzzlebot_description'
[0.495s] Level 1:colcon.colcon_core.package_identification:_identify(src/puzzlebot_gazebo) by extensions ['ignore', 'ignore_ament_install']
[0.495s] Level 1:colcon.colcon_core.package_identification:_identify(src/puzzlebot_gazebo) by extension 'ignore'
[0.495s] Level 1:colcon.colcon_core.package_identification:_identify(src/puzzlebot_gazebo) by extension 'ignore_ament_install'
[0.495s] Level 1:colcon.colcon_core.package_identification:_identify(src/puzzlebot_gazebo) by extensions ['colcon_pkg']
[0.495s] Level 1:colcon.colcon_core.package_identification:_identify(src/puzzlebot_gazebo) by extension 'colcon_pkg'
[0.495s] Level 1:colcon.colcon_core.package_identification:_identify(src/puzzlebot_gazebo) by extensions ['colcon_meta']
[0.495s] Level 1:colcon.colcon_core.package_identification:_identify(src/puzzlebot_gazebo) by extension 'colcon_meta'
[0.496s] Level 1:colcon.colcon_core.package_identification:_identify(src/puzzlebot_gazebo) by extensions ['ros']
[0.496s] Level 1:colcon.colcon_core.package_identification:_identify(src/puzzlebot_gazebo) by extension 'ros'
[0.496s] DEBUG:colcon.colcon_core.package_identification:Package 'src/puzzlebot_gazebo' with type 'ros.ament_cmake' and name 'puzzlebot_gazebo'
[0.496s] Level 1:colcon.colcon_core.package_identification:_identify(src/puzzlebot_navigation) by extensions ['ignore', 'ignore_ament_install']
[0.496s] Level 1:colcon.colcon_core.package_identification:_identify(src/puzzlebot_navigation) by extension 'ignore'
[0.496s] Level 1:colcon.colcon_core.package_identification:_identify(src/puzzlebot_navigation) by extension 'ignore_ament_install'
[0.496s] Level 1:colcon.colcon_core.package_identification:_identify(src/puzzlebot_navigation) by extensions ['colcon_pkg']
[0.496s] Level 1:colcon.colcon_core.package_identification:_identify(src/puzzlebot_navigation) by extension 'colcon_pkg'
[0.496s] Level 1:colcon.colcon_core.package_identification:_identify(src/puzzlebot_navigation) by extensions ['colcon_meta']
[0.497s] Level 1:colcon.colcon_core.package_identification:_identify(src/puzzlebot_navigation) by extension 'colcon_meta'
[0.497s] Level 1:colcon.colcon_core.package_identification:_identify(src/puzzlebot_navigation) by extensions ['ros']
[0.497s] Level 1:colcon.colcon_core.package_identification:_identify(src/puzzlebot_navigation) by extension 'ros'
[0.497s] DEBUG:colcon.colcon_core.package_identification:Package 'src/puzzlebot_navigation' with type 'ros.ament_cmake' and name 'puzzlebot_navigation2'
[0.497s] Level 1:colcon.colcon_core.package_discovery:discover_packages(recursive) using defaults
[0.497s] Level 1:colcon.colcon_core.package_discovery:discover_packages(ignore) discover
[0.497s] Level 1:colcon.colcon_core.package_discovery:discover_packages(ignore) using defaults
[0.497s] Level 1:colcon.colcon_core.package_discovery:discover_packages(path) discover
[0.497s] Level 1:colcon.colcon_core.package_discovery:discover_packages(path) using defaults
[0.525s] Level 5:colcon.colcon_core.verb:set package 'puzzlebot_description' build argument 'cmake_args' from command line to 'None'
[0.525s] Level 5:colcon.colcon_core.verb:set package 'puzzlebot_description' build argument 'cmake_target' from command line to 'None'
[0.525s] Level 5:colcon.colcon_core.verb:set package 'puzzlebot_description' build argument 'cmake_target_skip_unavailable' from command line to 'False'
[0.525s] Level 5:colcon.colcon_core.verb:set package 'puzzlebot_description' build argument 'cmake_clean_cache' from command line to 'False'
[0.525s] Level 5:colcon.colcon_core.verb:set package 'puzzlebot_description' build argument 'cmake_clean_first' from command line to 'False'
[0.525s] Level 5:colcon.colcon_core.verb:set package 'puzzlebot_description' build argument 'cmake_force_configure' from command line to 'False'
[0.525s] Level 5:colcon.colcon_core.verb:set package 'puzzlebot_description' build argument 'ament_cmake_args' from command line to 'None'
[0.525s] Level 5:colcon.colcon_core.verb:set package 'puzzlebot_description' build argument 'catkin_cmake_args' from command line to 'None'
[0.525s] Level 5:colcon.colcon_core.verb:set package 'puzzlebot_description' build argument 'catkin_skip_building_tests' from command line to 'False'
[0.525s] DEBUG:colcon.colcon_core.verb:Building package 'puzzlebot_description' with the following arguments: {'ament_cmake_args': None, 'build_base': '/root/Semestre8/Modulo3/puzzlebot_ros2/build/puzzlebot_description', 'catkin_cmake_args': None, 'catkin_skip_building_tests': False, 'cmake_args': None, 'cmake_clean_cache': False, 'cmake_clean_first': False, 'cmake_force_configure': False, 'cmake_target': None, 'cmake_target_skip_unavailable': False, 'install_base': '/root/Semestre8/Modulo3/puzzlebot_ros2/install/puzzlebot_description', 'merge_install': False, 'path': '/root/Semestre8/Modulo3/puzzlebot_ros2/src/puzzlebot_description', 'symlink_install': False, 'test_result_base': None}
[0.525s] Level 5:colcon.colcon_core.verb:set package 'puzzlebot_gazebo' build argument 'cmake_args' from command line to 'None'
[0.525s] Level 5:colcon.colcon_core.verb:set package 'puzzlebot_gazebo' build argument 'cmake_target' from command line to 'None'
[0.525s] Level 5:colcon.colcon_core.verb:set package 'puzzlebot_gazebo' build argument 'cmake_target_skip_unavailable' from command line to 'False'
[0.525s] Level 5:colcon.colcon_core.verb:set package 'puzzlebot_gazebo' build argument 'cmake_clean_cache' from command line to 'False'
[0.525s] Level 5:colcon.colcon_core.verb:set package 'puzzlebot_gazebo' build argument 'cmake_clean_first' from command line to 'False'
[0.525s] Level 5:colcon.colcon_core.verb:set package 'puzzlebot_gazebo' build argument 'cmake_force_configure' from command line to 'False'
[0.526s] Level 5:colcon.colcon_core.verb:set package 'puzzlebot_gazebo' build argument 'ament_cmake_args' from command line to 'None'
[0.526s] Level 5:colcon.colcon_core.verb:set package 'puzzlebot_gazebo' build argument 'catkin_cmake_args' from command line to 'None'
[0.526s] Level 5:colcon.colcon_core.verb:set package 'puzzlebot_gazebo' build argument 'catkin_skip_building_tests' from command line to 'False'
[0.526s] DEBUG:colcon.colcon_core.verb:Building package 'puzzlebot_gazebo' with the following arguments: {'ament_cmake_args': None, 'build_base': '/root/Semestre8/Modulo3/puzzlebot_ros2/build/puzzlebot_gazebo', 'catkin_cmake_args': None, 'catkin_skip_building_tests': False, 'cmake_args': None, 'cmake_clean_cache': False, 'cmake_clean_first': False, 'cmake_force_configure': False, 'cmake_target': None, 'cmake_target_skip_unavailable': False, 'install_base': '/root/Semestre8/Modulo3/puzzlebot_ros2/install/puzzlebot_gazebo', 'merge_install': False, 'path': '/root/Semestre8/Modulo3/puzzlebot_ros2/src/puzzlebot_gazebo', 'symlink_install': False, 'test_result_base': None}
[0.526s] Level 5:colcon.colcon_core.verb:set package 'puzzlebot_navigation2' build argument 'cmake_args' from command line to 'None'
[0.526s] Level 5:colcon.colcon_core.verb:set package 'puzzlebot_navigation2' build argument 'cmake_target' from command line to 'None'
[0.526s] Level 5:colcon.colcon_core.verb:set package 'puzzlebot_navigation2' build argument 'cmake_target_skip_unavailable' from command line to 'False'
[0.526s] Level 5:colcon.colcon_core.verb:set package 'puzzlebot_navigation2' build argument 'cmake_clean_cache' from command line to 'False'
[0.526s] Level 5:colcon.colcon_core.verb:set package 'puzzlebot_navigation2' build argument 'cmake_clean_first' from command line to 'False'
[0.526s] Level 5:colcon.colcon_core.verb:set package 'puzzlebot_navigation2' build argument 'cmake_force_configure' from command line to 'False'
[0.526s] Level 5:colcon.colcon_core.verb:set package 'puzzlebot_navigation2' build argument 'ament_cmake_args' from command line to 'None'
[0.526s] Level 5:colcon.colcon_core.verb:set package 'puzzlebot_navigation2' build argument 'catkin_cmake_args' from command line to 'None'
[0.526s] Level 5:colcon.colcon_core.verb:set package 'puzzlebot_navigation2' build argument 'catkin_skip_building_tests' from command line to 'False'
[0.526s] DEBUG:colcon.colcon_core.verb:Building package 'puzzlebot_navigation2' with the following arguments: {'ament_cmake_args': None, 'build_base': '/root/Semestre8/Modulo3/puzzlebot_ros2/build/puzzlebot_navigation2', 'catkin_cmake_args': None, 'catkin_skip_building_tests': False, 'cmake_args': None, 'cmake_clean_cache': False, 'cmake_clean_first': False, 'cmake_force_configure': False, 'cmake_target': None, 'cmake_target_skip_unavailable': False, 'install_base': '/root/Semestre8/Modulo3/puzzlebot_ros2/install/puzzlebot_navigation2', 'merge_install': False, 'path': '/root/Semestre8/Modulo3/puzzlebot_ros2/src/puzzlebot_navigation', 'symlink_install': False, 'test_result_base': None}
[0.526s] INFO:colcon.colcon_core.executor:Executing jobs using 'parallel' executor
[0.528s] DEBUG:colcon.colcon_parallel_executor.executor.parallel:run_until_complete
[0.529s] INFO:colcon.colcon_ros.task.ament_cmake.build:Building ROS package in '/root/Semestre8/Modulo3/puzzlebot_ros2/src/puzzlebot_description' with build type 'ament_cmake'
[0.529s] INFO:colcon.colcon_cmake.task.cmake.build:Building CMake package in '/root/Semestre8/Modulo3/puzzlebot_ros2/src/puzzlebot_description'
[0.533s] INFO:colcon.colcon_core.plugin_system:Skipping extension 'colcon_core.shell.bat': Not used on non-Windows systems
[0.534s] INFO:colcon.colcon_core.shell:Skip shell extension 'powershell' for command environment: Not usable outside of PowerShell
[0.534s] DEBUG:colcon.colcon_core.shell:Skip shell extension 'dsv' for command environment
[0.561s] DEBUG:colcon.colcon_core.event_handler.log_command:Invoking command in '/root/Semestre8/Modulo3/puzzlebot_ros2/build/puzzlebot_description': CMAKE_PREFIX_PATH=${CMAKE_PREFIX_PATH}:/root/ros2_ws/install/puzzlebot_sim:/opt/ros/humble /usr/bin/cmake --build /root/Semestre8/Modulo3/puzzlebot_ros2/build/puzzlebot_description -- -j12 -l12
[0.621s] DEBUG:colcon.colcon_core.event_handler.log_command:Invoked command in '/root/Semestre8/Modulo3/puzzlebot_ros2/build/puzzlebot_description' returned '0': CMAKE_PREFIX_PATH=${CMAKE_PREFIX_PATH}:/root/ros2_ws/install/puzzlebot_sim:/opt/ros/humble /usr/bin/cmake --build /root/Semestre8/Modulo3/puzzlebot_ros2/build/puzzlebot_description -- -j12 -l12
[0.631s] DEBUG:colcon.colcon_core.event_handler.log_command:Invoking command in '/root/Semestre8/Modulo3/puzzlebot_ros2/build/puzzlebot_description': CMAKE_PREFIX_PATH=${CMAKE_PREFIX_PATH}:/root/ros2_ws/install/puzzlebot_sim:/opt/ros/humble /usr/bin/cmake --install /root/Semestre8/Modulo3/puzzlebot_ros2/build/puzzlebot_description
[0.644s] Level 1:colcon.colcon_core.environment:create_environment_scripts_only(puzzlebot_description)
[0.645s] DEBUG:colcon.colcon_core.event_handler.log_command:Invoked command in '/root/Semestre8/Modulo3/puzzlebot_ros2/build/puzzlebot_description' returned '0': CMAKE_PREFIX_PATH=${CMAKE_PREFIX_PATH}:/root/ros2_ws/install/puzzlebot_sim:/opt/ros/humble /usr/bin/cmake --install /root/Semestre8/Modulo3/puzzlebot_ros2/build/puzzlebot_description
[0.649s] Level 1:colcon.colcon_core.environment:checking '/root/Semestre8/Modulo3/puzzlebot_ros2/install/puzzlebot_description' for CMake module files
[0.650s] Level 1:colcon.colcon_core.environment:checking '/root/Semestre8/Modulo3/puzzlebot_ros2/install/puzzlebot_description' for CMake config files
[0.650s] Level 1:colcon.colcon_core.shell:create_environment_hook('puzzlebot_description', 'cmake_prefix_path')
[0.650s] INFO:colcon.colcon_core.shell:Creating environment hook '/root/Semestre8/Modulo3/puzzlebot_ros2/install/puzzlebot_description/share/puzzlebot_description/hook/cmake_prefix_path.ps1'
[0.651s] INFO:colcon.colcon_core.shell:Creating environment descriptor '/root/Semestre8/Modulo3/puzzlebot_ros2/install/puzzlebot_description/share/puzzlebot_description/hook/cmake_prefix_path.dsv'
[0.651s] INFO:colcon.colcon_core.shell:Creating environment hook '/root/Semestre8/Modulo3/puzzlebot_ros2/install/puzzlebot_description/share/puzzlebot_description/hook/cmake_prefix_path.sh'
[0.652s] Level 1:colcon.colcon_core.environment:checking '/root/Semestre8/Modulo3/puzzlebot_ros2/install/puzzlebot_description/bin'
[0.652s] Level 1:colcon.colcon_core.environment:checking '/root/Semestre8/Modulo3/puzzlebot_ros2/install/puzzlebot_description/lib/pkgconfig/puzzlebot_description.pc'
[0.655s] Level 1:colcon.colcon_core.environment:checking '/root/Semestre8/Modulo3/puzzlebot_ros2/install/puzzlebot_description/lib/python3.10/site-packages'
[0.655s] Level 1:colcon.colcon_core.environment:checking '/root/Semestre8/Modulo3/puzzlebot_ros2/install/puzzlebot_description/bin'
[0.655s] INFO:colcon.colcon_core.shell:Creating package script '/root/Semestre8/Modulo3/puzzlebot_ros2/install/puzzlebot_description/share/puzzlebot_description/package.ps1'
[0.656s] INFO:colcon.colcon_core.shell:Creating package descriptor '/root/Semestre8/Modulo3/puzzlebot_ros2/install/puzzlebot_description/share/puzzlebot_description/package.dsv'
[0.657s] INFO:colcon.colcon_core.shell:Creating package script '/root/Semestre8/Modulo3/puzzlebot_ros2/install/puzzlebot_description/share/puzzlebot_description/package.sh'
[0.658s] INFO:colcon.colcon_core.shell:Creating package script '/root/Semestre8/Modulo3/puzzlebot_ros2/install/puzzlebot_description/share/puzzlebot_description/package.bash'
[0.658s] INFO:colcon.colcon_core.shell:Creating package script '/root/Semestre8/Modulo3/puzzlebot_ros2/install/puzzlebot_description/share/puzzlebot_description/package.zsh'
[0.659s] Level 1:colcon.colcon_core.environment:create_file_with_runtime_dependencies(/root/Semestre8/Modulo3/puzzlebot_ros2/install/puzzlebot_description/share/colcon-core/packages/puzzlebot_description)
[0.660s] Level 1:colcon.colcon_core.environment:create_environment_scripts_only(puzzlebot_description)
[0.660s] Level 1:colcon.colcon_core.environment:checking '/root/Semestre8/Modulo3/puzzlebot_ros2/install/puzzlebot_description' for CMake module files
[0.660s] Level 1:colcon.colcon_core.environment:checking '/root/Semestre8/Modulo3/puzzlebot_ros2/install/puzzlebot_description' for CMake config files
[0.661s] Level 1:colcon.colcon_core.shell:create_environment_hook('puzzlebot_description', 'cmake_prefix_path')
[0.661s] INFO:colcon.colcon_core.shell:Creating environment hook '/root/Semestre8/Modulo3/puzzlebot_ros2/install/puzzlebot_description/share/puzzlebot_description/hook/cmake_prefix_path.ps1'
[0.661s] INFO:colcon.colcon_core.shell:Creating environment descriptor '/root/Semestre8/Modulo3/puzzlebot_ros2/install/puzzlebot_description/share/puzzlebot_description/hook/cmake_prefix_path.dsv'
[0.661s] INFO:colcon.colcon_core.shell:Creating environment hook '/root/Semestre8/Modulo3/puzzlebot_ros2/install/puzzlebot_description/share/puzzlebot_description/hook/cmake_prefix_path.sh'
[0.662s] Level 1:colcon.colcon_core.environment:checking '/root/Semestre8/Modulo3/puzzlebot_ros2/install/puzzlebot_description/bin'
[0.662s] Level 1:colcon.colcon_core.environment:checking '/root/Semestre8/Modulo3/puzzlebot_ros2/install/puzzlebot_description/lib/pkgconfig/puzzlebot_description.pc'
[0.662s] Level 1:colcon.colcon_core.environment:checking '/root/Semestre8/Modulo3/puzzlebot_ros2/install/puzzlebot_description/lib/python3.10/site-packages'
[0.662s] Level 1:colcon.colcon_core.environment:checking '/root/Semestre8/Modulo3/puzzlebot_ros2/install/puzzlebot_description/bin'
[0.663s] INFO:colcon.colcon_core.shell:Creating package script '/root/Semestre8/Modulo3/puzzlebot_ros2/install/puzzlebot_description/share/puzzlebot_description/package.ps1'
[0.663s] INFO:colcon.colcon_core.shell:Creating package descriptor '/root/Semestre8/Modulo3/puzzlebot_ros2/install/puzzlebot_description/share/puzzlebot_description/package.dsv'
[0.663s] INFO:colcon.colcon_core.shell:Creating package script '/root/Semestre8/Modulo3/puzzlebot_ros2/install/puzzlebot_description/share/puzzlebot_description/package.sh'
[0.664s] INFO:colcon.colcon_core.shell:Creating package script '/root/Semestre8/Modulo3/puzzlebot_ros2/install/puzzlebot_description/share/puzzlebot_description/package.bash'
[0.664s] INFO:colcon.colcon_core.shell:Creating package script '/root/Semestre8/Modulo3/puzzlebot_ros2/install/puzzlebot_description/share/puzzlebot_description/package.zsh'
[0.664s] Level 1:colcon.colcon_core.environment:create_file_with_runtime_dependencies(/root/Semestre8/Modulo3/puzzlebot_ros2/install/puzzlebot_description/share/colcon-core/packages/puzzlebot_description)
[0.665s] INFO:colcon.colcon_ros.task.ament_cmake.build:Building ROS package in '/root/Semestre8/Modulo3/puzzlebot_ros2/src/puzzlebot_gazebo' with build type 'ament_cmake'
[0.665s] INFO:colcon.colcon_cmake.task.cmake.build:Building CMake package in '/root/Semestre8/Modulo3/puzzlebot_ros2/src/puzzlebot_gazebo'
[0.665s] INFO:colcon.colcon_core.shell:Skip shell extension 'powershell' for command environment: Not usable outside of PowerShell
[0.665s] DEBUG:colcon.colcon_core.shell:Skip shell extension 'dsv' for command environment
[0.676s] DEBUG:colcon.colcon_core.event_handler.log_command:Invoking command in '/root/Semestre8/Modulo3/puzzlebot_ros2/build/puzzlebot_gazebo': CMAKE_PREFIX_PATH=/root/Semestre8/Modulo3/puzzlebot_ros2/install/puzzlebot_description:/root/Semestre8/Modulo3/puzzlebot_ros2/install/puzzlebot_navigation2:/root/Semestre8/Modulo3/puzzlebot_ros2/install/puzzlebot_gazebo:/root/ros2_ws/install/puzzlebot_sim:/opt/ros/humble /usr/bin/cmake --build /root/Semestre8/Modulo3/puzzlebot_ros2/build/puzzlebot_gazebo -- -j12 -l12
[0.717s] DEBUG:colcon.colcon_core.event_handler.log_command:Invoked command in '/root/Semestre8/Modulo3/puzzlebot_ros2/build/puzzlebot_gazebo' returned '0': CMAKE_PREFIX_PATH=/root/Semestre8/Modulo3/puzzlebot_ros2/install/puzzlebot_description:/root/Semestre8/Modulo3/puzzlebot_ros2/install/puzzlebot_navigation2:/root/Semestre8/Modulo3/puzzlebot_ros2/install/puzzlebot_gazebo:/root/ros2_ws/install/puzzlebot_sim:/opt/ros/humble /usr/bin/cmake --build /root/Semestre8/Modulo3/puzzlebot_ros2/build/puzzlebot_gazebo -- -j12 -l12
[0.718s] DEBUG:colcon.colcon_core.event_handler.log_command:Invoking command in '/root/Semestre8/Modulo3/puzzlebot_ros2/build/puzzlebot_gazebo': CMAKE_PREFIX_PATH=/root/Semestre8/Modulo3/puzzlebot_ros2/install/puzzlebot_description:/root/Semestre8/Modulo3/puzzlebot_ros2/install/puzzlebot_navigation2:/root/Semestre8/Modulo3/puzzlebot_ros2/install/puzzlebot_gazebo:/root/ros2_ws/install/puzzlebot_sim:/opt/ros/humble /usr/bin/cmake --install /root/Semestre8/Modulo3/puzzlebot_ros2/build/puzzlebot_gazebo
[0.730s] Level 1:colcon.colcon_core.environment:create_environment_scripts_only(puzzlebot_gazebo)
[0.730s] Level 1:colcon.colcon_core.environment:checking '/root/Semestre8/Modulo3/puzzlebot_ros2/install/puzzlebot_gazebo' for CMake module files
[0.731s] DEBUG:colcon.colcon_core.event_handler.log_command:Invoked command in '/root/Semestre8/Modulo3/puzzlebot_ros2/build/puzzlebot_gazebo' returned '0': CMAKE_PREFIX_PATH=/root/Semestre8/Modulo3/puzzlebot_ros2/install/puzzlebot_description:/root/Semestre8/Modulo3/puzzlebot_ros2/install/puzzlebot_navigation2:/root/Semestre8/Modulo3/puzzlebot_ros2/install/puzzlebot_gazebo:/root/ros2_ws/install/puzzlebot_sim:/opt/ros/humble /usr/bin/cmake --install /root/Semestre8/Modulo3/puzzlebot_ros2/build/puzzlebot_gazebo
[0.731s] Level 1:colcon.colcon_core.environment:checking '/root/Semestre8/Modulo3/puzzlebot_ros2/install/puzzlebot_gazebo' for CMake config files
[0.731s] Level 1:colcon.colcon_core.shell:create_environment_hook('puzzlebot_gazebo', 'cmake_prefix_path')
[0.732s] INFO:colcon.colcon_core.shell:Creating environment hook '/root/Semestre8/Modulo3/puzzlebot_ros2/install/puzzlebot_gazebo/share/puzzlebot_gazebo/hook/cmake_prefix_path.ps1'
[0.732s] INFO:colcon.colcon_core.shell:Creating environment descriptor '/root/Semestre8/Modulo3/puzzlebot_ros2/install/puzzlebot_gazebo/share/puzzlebot_gazebo/hook/cmake_prefix_path.dsv'
[0.733s] INFO:colcon.colcon_core.shell:Creating environment hook '/root/Semestre8/Modulo3/puzzlebot_ros2/install/puzzlebot_gazebo/share/puzzlebot_gazebo/hook/cmake_prefix_path.sh'
[0.733s] Level 1:colcon.colcon_core.environment:checking '/root/Semestre8/Modulo3/puzzlebot_ros2/install/puzzlebot_gazebo/bin'
[0.733s] Level 1:colcon.colcon_core.environment:checking '/root/Semestre8/Modulo3/puzzlebot_ros2/install/puzzlebot_gazebo/lib/pkgconfig/puzzlebot_gazebo.pc'
[0.733s] Level 1:colcon.colcon_core.environment:checking '/root/Semestre8/Modulo3/puzzlebot_ros2/install/puzzlebot_gazebo/lib/python3.10/site-packages'
[0.734s] Level 1:colcon.colcon_core.environment:checking '/root/Semestre8/Modulo3/puzzlebot_ros2/install/puzzlebot_gazebo/bin'
[0.734s] INFO:colcon.colcon_core.shell:Creating package script '/root/Semestre8/Modulo3/puzzlebot_ros2/install/puzzlebot_gazebo/share/puzzlebot_gazebo/package.ps1'
[0.734s] INFO:colcon.colcon_core.shell:Creating package descriptor '/root/Semestre8/Modulo3/puzzlebot_ros2/install/puzzlebot_gazebo/share/puzzlebot_gazebo/package.dsv'
[0.735s] INFO:colcon.colcon_core.shell:Creating package script '/root/Semestre8/Modulo3/puzzlebot_ros2/install/puzzlebot_gazebo/share/puzzlebot_gazebo/package.sh'
[0.735s] INFO:colcon.colcon_core.shell:Creating package script '/root/Semestre8/Modulo3/puzzlebot_ros2/install/puzzlebot_gazebo/share/puzzlebot_gazebo/package.bash'
[0.735s] INFO:colcon.colcon_core.shell:Creating package script '/root/Semestre8/Modulo3/puzzlebot_ros2/install/puzzlebot_gazebo/share/puzzlebot_gazebo/package.zsh'
[0.736s] Level 1:colcon.colcon_core.environment:create_file_with_runtime_dependencies(/root/Semestre8/Modulo3/puzzlebot_ros2/install/puzzlebot_gazebo/share/colcon-core/packages/puzzlebot_gazebo)
[0.736s] Level 1:colcon.colcon_core.environment:create_environment_scripts_only(puzzlebot_gazebo)
[0.736s] Level 1:colcon.colcon_core.environment:checking '/root/Semestre8/Modulo3/puzzlebot_ros2/install/puzzlebot_gazebo' for CMake module files
[0.737s] Level 1:colcon.colcon_core.environment:checking '/root/Semestre8/Modulo3/puzzlebot_ros2/install/puzzlebot_gazebo' for CMake config files
[0.737s] Level 1:colcon.colcon_core.shell:create_environment_hook('puzzlebot_gazebo', 'cmake_prefix_path')
[0.737s] INFO:colcon.colcon_core.shell:Creating environment hook '/root/Semestre8/Modulo3/puzzlebot_ros2/install/puzzlebot_gazebo/share/puzzlebot_gazebo/hook/cmake_prefix_path.ps1'
[0.737s] INFO:colcon.colcon_core.shell:Creating environment descriptor '/root/Semestre8/Modulo3/puzzlebot_ros2/install/puzzlebot_gazebo/share/puzzlebot_gazebo/hook/cmake_prefix_path.dsv'
[0.737s] INFO:colcon.colcon_core.shell:Creating environment hook '/root/Semestre8/Modulo3/puzzlebot_ros2/install/puzzlebot_gazebo/share/puzzlebot_gazebo/hook/cmake_prefix_path.sh'
[0.738s] Level 1:colcon.colcon_core.environment:checking '/root/Semestre8/Modulo3/puzzlebot_ros2/install/puzzlebot_gazebo/bin'
[0.738s] Level 1:colcon.colcon_core.environment:checking '/root/Semestre8/Modulo3/puzzlebot_ros2/install/puzzlebot_gazebo/lib/pkgconfig/puzzlebot_gazebo.pc'
[0.738s] Level 1:colcon.colcon_core.environment:checking '/root/Semestre8/Modulo3/puzzlebot_ros2/install/puzzlebot_gazebo/lib/python3.10/site-packages'
[0.738s] Level 1:colcon.colcon_core.environment:checking '/root/Semestre8/Modulo3/puzzlebot_ros2/install/puzzlebot_gazebo/bin'
[0.739s] INFO:colcon.colcon_core.shell:Creating package script '/root/Semestre8/Modulo3/puzzlebot_ros2/install/puzzlebot_gazebo/share/puzzlebot_gazebo/package.ps1'
[0.739s] INFO:colcon.colcon_core.shell:Creating package descriptor '/root/Semestre8/Modulo3/puzzlebot_ros2/install/puzzlebot_gazebo/share/puzzlebot_gazebo/package.dsv'
[0.739s] INFO:colcon.colcon_core.shell:Creating package script '/root/Semestre8/Modulo3/puzzlebot_ros2/install/puzzlebot_gazebo/share/puzzlebot_gazebo/package.sh'
[0.740s] INFO:colcon.colcon_core.shell:Creating package script '/root/Semestre8/Modulo3/puzzlebot_ros2/install/puzzlebot_gazebo/share/puzzlebot_gazebo/package.bash'
[0.740s] INFO:colcon.colcon_core.shell:Creating package script '/root/Semestre8/Modulo3/puzzlebot_ros2/install/puzzlebot_gazebo/share/puzzlebot_gazebo/package.zsh'
[0.740s] Level 1:colcon.colcon_core.environment:create_file_with_runtime_dependencies(/root/Semestre8/Modulo3/puzzlebot_ros2/install/puzzlebot_gazebo/share/colcon-core/packages/puzzlebot_gazebo)
[0.741s] INFO:colcon.colcon_ros.task.ament_cmake.build:Building ROS package in '/root/Semestre8/Modulo3/puzzlebot_ros2/src/puzzlebot_navigation' with build type 'ament_cmake'
[0.741s] INFO:colcon.colcon_cmake.task.cmake.build:Building CMake package in '/root/Semestre8/Modulo3/puzzlebot_ros2/src/puzzlebot_navigation'
[0.741s] INFO:colcon.colcon_core.shell:Skip shell extension 'powershell' for command environment: Not usable outside of PowerShell
[0.741s] DEBUG:colcon.colcon_core.shell:Skip shell extension 'dsv' for command environment
[0.752s] DEBUG:colcon.colcon_core.event_handler.log_command:Invoking command in '/root/Semestre8/Modulo3/puzzlebot_ros2/build/puzzlebot_navigation2': CMAKE_PREFIX_PATH=/root/Semestre8/Modulo3/puzzlebot_ros2/install/puzzlebot_gazebo:/root/Semestre8/Modulo3/puzzlebot_ros2/install/puzzlebot_description:/root/Semestre8/Modulo3/puzzlebot_ros2/install/puzzlebot_navigation2:/root/ros2_ws/install/puzzlebot_sim:/opt/ros/humble /usr/bin/cmake --build /root/Semestre8/Modulo3/puzzlebot_ros2/build/puzzlebot_navigation2 -- -j12 -l12
[0.793s] DEBUG:colcon.colcon_core.event_handler.log_command:Invoked command in '/root/Semestre8/Modulo3/puzzlebot_ros2/build/puzzlebot_navigation2' returned '0': CMAKE_PREFIX_PATH=/root/Semestre8/Modulo3/puzzlebot_ros2/install/puzzlebot_gazebo:/root/Semestre8/Modulo3/puzzlebot_ros2/install/puzzlebot_description:/root/Semestre8/Modulo3/puzzlebot_ros2/install/puzzlebot_navigation2:/root/ros2_ws/install/puzzlebot_sim:/opt/ros/humble /usr/bin/cmake --build /root/Semestre8/Modulo3/puzzlebot_ros2/build/puzzlebot_navigation2 -- -j12 -l12
[0.795s] DEBUG:colcon.colcon_core.event_handler.log_command:Invoking command in '/root/Semestre8/Modulo3/puzzlebot_ros2/build/puzzlebot_navigation2': CMAKE_PREFIX_PATH=/root/Semestre8/Modulo3/puzzlebot_ros2/install/puzzlebot_gazebo:/root/Semestre8/Modulo3/puzzlebot_ros2/install/puzzlebot_description:/root/Semestre8/Modulo3/puzzlebot_ros2/install/puzzlebot_navigation2:/root/ros2_ws/install/puzzlebot_sim:/opt/ros/humble /usr/bin/cmake --install /root/Semestre8/Modulo3/puzzlebot_ros2/build/puzzlebot_navigation2
[0.804s] Level 1:colcon.colcon_core.environment:create_environment_scripts_only(puzzlebot_navigation2)
[0.805s] Level 1:colcon.colcon_core.environment:checking '/root/Semestre8/Modulo3/puzzlebot_ros2/install/puzzlebot_navigation2' for CMake module files
[0.805s] DEBUG:colcon.colcon_core.event_handler.log_command:Invoked command in '/root/Semestre8/Modulo3/puzzlebot_ros2/build/puzzlebot_navigation2' returned '0': CMAKE_PREFIX_PATH=/root/Semestre8/Modulo3/puzzlebot_ros2/install/puzzlebot_gazebo:/root/Semestre8/Modulo3/puzzlebot_ros2/install/puzzlebot_description:/root/Semestre8/Modulo3/puzzlebot_ros2/install/puzzlebot_navigation2:/root/ros2_ws/install/puzzlebot_sim:/opt/ros/humble /usr/bin/cmake --install /root/Semestre8/Modulo3/puzzlebot_ros2/build/puzzlebot_navigation2
[0.806s] Level 1:colcon.colcon_core.environment:checking '/root/Semestre8/Modulo3/puzzlebot_ros2/install/puzzlebot_navigation2' for CMake config files
[0.806s] Level 1:colcon.colcon_core.shell:create_environment_hook('puzzlebot_navigation2', 'cmake_prefix_path')
[0.806s] INFO:colcon.colcon_core.shell:Creating environment hook '/root/Semestre8/Modulo3/puzzlebot_ros2/install/puzzlebot_navigation2/share/puzzlebot_navigation2/hook/cmake_prefix_path.ps1'
[0.806s] INFO:colcon.colcon_core.shell:Creating environment descriptor '/root/Semestre8/Modulo3/puzzlebot_ros2/install/puzzlebot_navigation2/share/puzzlebot_navigation2/hook/cmake_prefix_path.dsv'
[0.807s] INFO:colcon.colcon_core.shell:Creating environment hook '/root/Semestre8/Modulo3/puzzlebot_ros2/install/puzzlebot_navigation2/share/puzzlebot_navigation2/hook/cmake_prefix_path.sh'
[0.807s] Level 1:colcon.colcon_core.environment:checking '/root/Semestre8/Modulo3/puzzlebot_ros2/install/puzzlebot_navigation2/bin'
[0.808s] Level 1:colcon.colcon_core.environment:checking '/root/Semestre8/Modulo3/puzzlebot_ros2/install/puzzlebot_navigation2/lib/pkgconfig/puzzlebot_navigation2.pc'
[0.808s] Level 1:colcon.colcon_core.environment:checking '/root/Semestre8/Modulo3/puzzlebot_ros2/install/puzzlebot_navigation2/lib/python3.10/site-packages'
[0.808s] Level 1:colcon.colcon_core.environment:checking '/root/Semestre8/Modulo3/puzzlebot_ros2/install/puzzlebot_navigation2/bin'
[0.808s] INFO:colcon.colcon_core.shell:Creating package script '/root/Semestre8/Modulo3/puzzlebot_ros2/install/puzzlebot_navigation2/share/puzzlebot_navigation2/package.ps1'
[0.809s] INFO:colcon.colcon_core.shell:Creating package descriptor '/root/Semestre8/Modulo3/puzzlebot_ros2/install/puzzlebot_navigation2/share/puzzlebot_navigation2/package.dsv'
[0.809s] INFO:colcon.colcon_core.shell:Creating package script '/root/Semestre8/Modulo3/puzzlebot_ros2/install/puzzlebot_navigation2/share/puzzlebot_navigation2/package.sh'
[0.809s] INFO:colcon.colcon_core.shell:Creating package script '/root/Semestre8/Modulo3/puzzlebot_ros2/install/puzzlebot_navigation2/share/puzzlebot_navigation2/package.bash'
[0.810s] INFO:colcon.colcon_core.shell:Creating package script '/root/Semestre8/Modulo3/puzzlebot_ros2/install/puzzlebot_navigation2/share/puzzlebot_navigation2/package.zsh'
[0.810s] Level 1:colcon.colcon_core.environment:create_file_with_runtime_dependencies(/root/Semestre8/Modulo3/puzzlebot_ros2/install/puzzlebot_navigation2/share/colcon-core/packages/puzzlebot_navigation2)
[0.810s] Level 1:colcon.colcon_core.environment:create_environment_scripts_only(puzzlebot_navigation2)
[0.811s] Level 1:colcon.colcon_core.environment:checking '/root/Semestre8/Modulo3/puzzlebot_ros2/install/puzzlebot_navigation2' for CMake module files
[0.811s] Level 1:colcon.colcon_core.environment:checking '/root/Semestre8/Modulo3/puzzlebot_ros2/install/puzzlebot_navigation2' for CMake config files
[0.811s] Level 1:colcon.colcon_core.shell:create_environment_hook('puzzlebot_navigation2', 'cmake_prefix_path')
[0.811s] INFO:colcon.colcon_core.shell:Creating environment hook '/root/Semestre8/Modulo3/puzzlebot_ros2/install/puzzlebot_navigation2/share/puzzlebot_navigation2/hook/cmake_prefix_path.ps1'
[0.812s] INFO:colcon.colcon_core.shell:Creating environment descriptor '/root/Semestre8/Modulo3/puzzlebot_ros2/install/puzzlebot_navigation2/share/puzzlebot_navigation2/hook/cmake_prefix_path.dsv'
[0.812s] INFO:colcon.colcon_core.shell:Creating environment hook '/root/Semestre8/Modulo3/puzzlebot_ros2/install/puzzlebot_navigation2/share/puzzlebot_navigation2/hook/cmake_prefix_path.sh'
[0.812s] Level 1:colcon.colcon_core.environment:checking '/root/Semestre8/Modulo3/puzzlebot_ros2/install/puzzlebot_navigation2/bin'
[0.812s] Level 1:colcon.colcon_core.environment:checking '/root/Semestre8/Modulo3/puzzlebot_ros2/install/puzzlebot_navigation2/lib/pkgconfig/puzzlebot_navigation2.pc'
[0.812s] Level 1:colcon.colcon_core.environment:checking '/root/Semestre8/Modulo3/puzzlebot_ros2/install/puzzlebot_navigation2/lib/python3.10/site-packages'
[0.813s] Level 1:colcon.colcon_core.environment:checking '/root/Semestre8/Modulo3/puzzlebot_ros2/install/puzzlebot_navigation2/bin'
[0.813s] INFO:colcon.colcon_core.shell:Creating package script '/root/Semestre8/Modulo3/puzzlebot_ros2/install/puzzlebot_navigation2/share/puzzlebot_navigation2/package.ps1'
[0.813s] INFO:colcon.colcon_core.shell:Creating package descriptor '/root/Semestre8/Modulo3/puzzlebot_ros2/install/puzzlebot_navigation2/share/puzzlebot_navigation2/package.dsv'
[0.814s] INFO:colcon.colcon_core.shell:Creating package script '/root/Semestre8/Modulo3/puzzlebot_ros2/install/puzzlebot_navigation2/share/puzzlebot_navigation2/package.sh'
[0.814s] INFO:colcon.colcon_core.shell:Creating package script '/root/Semestre8/Modulo3/puzzlebot_ros2/install/puzzlebot_navigation2/share/puzzlebot_navigation2/package.bash'
[0.814s] INFO:colcon.colcon_core.shell:Creating package script '/root/Semestre8/Modulo3/puzzlebot_ros2/install/puzzlebot_navigation2/share/puzzlebot_navigation2/package.zsh'
[0.815s] Level 1:colcon.colcon_core.environment:create_file_with_runtime_dependencies(/root/Semestre8/Modulo3/puzzlebot_ros2/install/puzzlebot_navigation2/share/colcon-core/packages/puzzlebot_navigation2)
[0.815s] DEBUG:colcon.colcon_parallel_executor.executor.parallel:closing loop
[0.815s] DEBUG:colcon.colcon_parallel_executor.executor.parallel:loop closed
[0.815s] DEBUG:colcon.colcon_parallel_executor.executor.parallel:run_until_complete finished with '0'
[0.815s] DEBUG:colcon.colcon_core.event_reactor:joining thread
[0.826s] INFO:colcon.colcon_core.plugin_system:Skipping extension 'colcon_notification.desktop_notification.notify_send': Could not find 'notify-send'
[0.826s] INFO:colcon.colcon_core.plugin_system:Skipping extension 'colcon_notification.desktop_notification.terminal_notifier': Not used on non-Darwin systems
[0.826s] INFO:colcon.colcon_core.plugin_system:Skipping extension 'colcon_notification.desktop_notification.win32': Not used on non-Windows systems
[0.826s] INFO:colcon.colcon_notification.desktop_notification:Sending desktop notification using 'notify2'
[0.829s] DEBUG:colcon.colcon_notification.desktop_notification.notify2:Failed to initialize notify2: org.freedesktop.DBus.Error.Spawn.ExecFailed: /usr/bin/dbus-launch terminated abnormally without any error message
[0.830s] DEBUG:colcon.colcon_core.event_reactor:joined thread
[0.830s] INFO:colcon.colcon_core.shell:Creating prefix script '/root/Semestre8/Modulo3/puzzlebot_ros2/install/local_setup.ps1'
[0.832s] INFO:colcon.colcon_core.shell:Creating prefix util module '/root/Semestre8/Modulo3/puzzlebot_ros2/install/_local_setup_util_ps1.py'
[0.833s] INFO:colcon.colcon_core.shell:Creating prefix chain script '/root/Semestre8/Modulo3/puzzlebot_ros2/install/setup.ps1'
[0.835s] INFO:colcon.colcon_core.shell:Creating prefix script '/root/Semestre8/Modulo3/puzzlebot_ros2/install/local_setup.sh'
[0.836s] INFO:colcon.colcon_core.shell:Creating prefix util module '/root/Semestre8/Modulo3/puzzlebot_ros2/install/_local_setup_util_sh.py'
[0.836s] INFO:colcon.colcon_core.shell:Creating prefix chain script '/root/Semestre8/Modulo3/puzzlebot_ros2/install/setup.sh'
[0.837s] INFO:colcon.colcon_core.shell:Creating prefix script '/root/Semestre8/Modulo3/puzzlebot_ros2/install/local_setup.bash'
[0.838s] INFO:colcon.colcon_core.shell:Creating prefix chain script '/root/Semestre8/Modulo3/puzzlebot_ros2/install/setup.bash'
[0.839s] INFO:colcon.colcon_core.shell:Creating prefix script '/root/Semestre8/Modulo3/puzzlebot_ros2/install/local_setup.zsh'
[0.839s] INFO:colcon.colcon_core.shell:Creating prefix chain script '/root/Semestre8/Modulo3/puzzlebot_ros2/install/setup.zsh'
