[0.025s] Invoking command in '/root/Semestre8/Modulo3/puzzlebot_ros2/build/puzzlebot_description': CMAKE_PREFIX_PATH=${CMAKE_PREFIX_PATH}:/root/ros2_ws/install/puzzlebot_sim:/opt/ros/humble /usr/bin/cmake --build /root/Semestre8/Modulo3/puzzlebot_ros2/build/puzzlebot_description -- -j12 -l12
[0.066s] Invoked command in '/root/Semestre8/Modulo3/puzzlebot_ros2/build/puzzlebot_description' returned '0': CMAKE_PREFIX_PATH=${CMAKE_PREFIX_PATH}:/root/ros2_ws/install/puzzlebot_sim:/opt/ros/humble /usr/bin/cmake --build /root/Semestre8/Modulo3/puzzlebot_ros2/build/puzzlebot_description -- -j12 -l12
[0.077s] Invoking command in '/root/Semestre8/Modulo3/puzzlebot_ros2/build/puzzlebot_description': CMAKE_PREFIX_PATH=${CMAKE_PREFIX_PATH}:/root/ros2_ws/install/puzzlebot_sim:/opt/ros/humble /usr/bin/cmake --install /root/Semestre8/Modulo3/puzzlebot_ros2/build/puzzlebot_description
[0.085s] -- Install configuration: ""
[0.085s] -- Up-to-date: /root/Semestre8/Modulo3/puzzlebot_ros2/install/puzzlebot_description/share/puzzlebot_description/urdf
[0.085s] -- Up-to-date: /root/Semestre8/Modulo3/puzzlebot_ros2/install/puzzlebot_description/share/puzzlebot_description/urdf/puzzlebot.urdf
[0.085s] -- Up-to-date: /root/Semestre8/Modulo3/puzzlebot_ros2/install/puzzlebot_description/share/puzzlebot_description/rviz
[0.086s] -- Up-to-date: /root/Semestre8/Modulo3/puzzlebot_ros2/install/puzzlebot_description/share/puzzlebot_description/rviz/puzzlebot_description.rviz
[0.086s] -- Up-to-date: /root/Semestre8/Modulo3/puzzlebot_ros2/install/puzzlebot_description/share/puzzlebot_description/meshes
[0.086s] -- Up-to-date: /root/Semestre8/Modulo3/puzzlebot_ros2/install/puzzlebot_description/share/puzzlebot_description/meshes/Puzzlebot_Caster_Wheel.stl
[0.086s] -- Up-to-date: /root/Semestre8/Modulo3/puzzlebot_ros2/install/puzzlebot_description/share/puzzlebot_description/meshes/Puzzlebot_Wheel.stl
[0.086s] -- Up-to-date: /root/Semestre8/Modulo3/puzzlebot_ros2/install/puzzlebot_description/share/puzzlebot_description/meshes/Puzzlebot_Jetson_Lidar_Edition_Base.stl
[0.086s] -- Up-to-date: /root/Semestre8/Modulo3/puzzlebot_ros2/install/puzzlebot_description/share/puzzlebot_description/launch
[0.086s] -- Installing: /root/Semestre8/Modulo3/puzzlebot_ros2/install/puzzlebot_description/share/puzzlebot_description/launch/puzzlebot_description.launch.xml
[0.086s] -- Up-to-date: /root/Semestre8/Modulo3/puzzlebot_ros2/install/puzzlebot_description/share/ament_index/resource_index/package_run_dependencies/puzzlebot_description
[0.086s] -- Up-to-date: /root/Semestre8/Modulo3/puzzlebot_ros2/install/puzzlebot_description/share/ament_index/resource_index/parent_prefix_path/puzzlebot_description
[0.086s] -- Up-to-date: /root/Semestre8/Modulo3/puzzlebot_ros2/install/puzzlebot_description/share/puzzlebot_description/environment/ament_prefix_path.sh
[0.087s] -- Up-to-date: /root/Semestre8/Modulo3/puzzlebot_ros2/install/puzzlebot_description/share/puzzlebot_description/environment/ament_prefix_path.dsv
[0.087s] -- Up-to-date: /root/Semestre8/Modulo3/puzzlebot_ros2/install/puzzlebot_description/share/puzzlebot_description/environment/path.sh
[0.087s] -- Up-to-date: /root/Semestre8/Modulo3/puzzlebot_ros2/install/puzzlebot_description/share/puzzlebot_description/environment/path.dsv
[0.087s] -- Up-to-date: /root/Semestre8/Modulo3/puzzlebot_ros2/install/puzzlebot_description/share/puzzlebot_description/local_setup.bash
[0.087s] -- Up-to-date: /root/Semestre8/Modulo3/puzzlebot_ros2/install/puzzlebot_description/share/puzzlebot_description/local_setup.sh
[0.087s] -- Up-to-date: /root/Semestre8/Modulo3/puzzlebot_ros2/install/puzzlebot_description/share/puzzlebot_description/local_setup.zsh
[0.087s] -- Up-to-date: /root/Semestre8/Modulo3/puzzlebot_ros2/install/puzzlebot_description/share/puzzlebot_description/local_setup.dsv
[0.087s] -- Installing: /root/Semestre8/Modulo3/puzzlebot_ros2/install/puzzlebot_description/share/puzzlebot_description/package.dsv
[0.087s] -- Up-to-date: /root/Semestre8/Modulo3/puzzlebot_ros2/install/puzzlebot_description/share/ament_index/resource_index/packages/puzzlebot_description
[0.087s] -- Up-to-date: /root/Semestre8/Modulo3/puzzlebot_ros2/install/puzzlebot_description/share/puzzlebot_description/cmake/puzzlebot_descriptionConfig.cmake
[0.087s] -- Up-to-date: /root/Semestre8/Modulo3/puzzlebot_ros2/install/puzzlebot_description/share/puzzlebot_description/cmake/puzzlebot_descriptionConfig-version.cmake
[0.087s] -- Up-to-date: /root/Semestre8/Modulo3/puzzlebot_ros2/install/puzzlebot_description/share/puzzlebot_description/package.xml
[0.089s] Invoked command in '/root/Semestre8/Modulo3/puzzlebot_ros2/build/puzzlebot_description' returned '0': CMAKE_PREFIX_PATH=${CMAKE_PREFIX_PATH}:/root/ros2_ws/install/puzzlebot_sim:/opt/ros/humble /usr/bin/cmake --install /root/Semestre8/Modulo3/puzzlebot_ros2/build/puzzlebot_description
