[0.101s] DEBUG:colcon:Command line arguments: ['/usr/bin/colcon', 'build']
[0.101s] DEBUG:colcon:Parsed command line arguments: Namespace(log_base=None, log_level=None, verb_name='build', build_base='build', install_base='install', merge_install=False, symlink_install=False, test_result_base=None, continue_on_error=False, executor='parallel', parallel_workers=12, event_handlers=None, ignore_user_meta=False, metas=['./colcon.meta'], base_paths=['.'], packages_ignore=None, packages_ignore_regex=None, paths=None, packages_up_to=None, packages_up_to_regex=None, packages_above=None, packages_above_and_dependencies=None, packages_above_depth=None, packages_select_by_dep=None, packages_skip_by_dep=None, packages_skip_up_to=None, packages_select_build_failed=False, packages_skip_build_finished=False, packages_select_test_failures=False, packages_skip_test_passed=False, packages_select=None, packages_skip=None, packages_select_regex=None, packages_skip_regex=None, packages_start=None, packages_end=None, cmake_args=None, cmake_target=None, cmake_target_skip_unavailable=False, cmake_clean_cache=False, cmake_clean_first=False, cmake_force_configure=False, ament_cmake_args=None, catkin_cmake_args=None, catkin_skip_building_tests=False, mixin_files=None, mixin=None, verb_parser=<colcon_mixin.mixin.mixin_argument.MixinArgumentDecorator object at 0x71776c6e4e20>, verb_extension=<colcon_core.verb.build.BuildVerb object at 0x71776c8526e0>, main=<bound method BuildVerb.main of <colcon_core.verb.build.BuildVerb object at 0x71776c8526e0>>, mixin_verb=('build',))
[0.239s] Level 1:colcon.colcon_core.package_discovery:discover_packages(colcon_meta) check parameters
[0.240s] INFO:colcon.colcon_metadata.package_discovery.colcon_meta:Using configuration from '/root/.colcon/metadata/default/Gazebo.meta'
[0.240s] INFO:colcon.colcon_metadata.package_discovery.colcon_meta:Using configuration from '/root/.colcon/metadata/default/fastdds.meta'
[0.241s] INFO:colcon.colcon_metadata.package_discovery.colcon_meta:Using configuration from '/root/.colcon/metadata/default/fastrtps.meta'
[0.241s] Level 1:colcon.colcon_core.package_discovery:discover_packages(recursive) check parameters
[0.241s] Level 1:colcon.colcon_core.package_discovery:discover_packages(ignore) check parameters
[0.241s] Level 1:colcon.colcon_core.package_discovery:discover_packages(path) check parameters
[0.241s] Level 1:colcon.colcon_core.package_discovery:discover_packages(colcon_meta) discover
[0.241s] Level 1:colcon.colcon_core.package_discovery:discover_packages(recursive) discover
[0.241s] INFO:colcon.colcon_core.package_discovery:Crawling recursively for packages in '/root/Semestre8/Modulo3/puzzlebot_ros2'
[0.241s] Level 1:colcon.colcon_core.package_identification:_identify(.) by extensions ['ignore', 'ignore_ament_install']
[0.241s] Level 1:colcon.colcon_core.package_identification:_identify(.) by extension 'ignore'
[0.241s] Level 1:colcon.colcon_core.package_identification:_identify(.) by extension 'ignore_ament_install'
[0.241s] Level 1:colcon.colcon_core.package_identification:_identify(.) by extensions ['colcon_pkg']
[0.241s] Level 1:colcon.colcon_core.package_identification:_identify(.) by extension 'colcon_pkg'
[0.241s] Level 1:colcon.colcon_core.package_identification:_identify(.) by extensions ['colcon_meta']
[0.241s] Level 1:colcon.colcon_core.package_identification:_identify(.) by extension 'colcon_meta'
[0.241s] Level 1:colcon.colcon_core.package_identification:_identify(.) by extensions ['ros']
[0.241s] Level 1:colcon.colcon_core.package_identification:_identify(.) by extension 'ros'
[0.250s] Level 1:colcon.colcon_core.package_identification:_identify(.) by extensions ['cmake', 'python']
[0.250s] Level 1:colcon.colcon_core.package_identification:_identify(.) by extension 'cmake'
[0.250s] Level 1:colcon.colcon_core.package_identification:_identify(.) by extension 'python'
[0.250s] Level 1:colcon.colcon_core.package_identification:_identify(.) by extensions ['python_setup_py']
[0.250s] Level 1:colcon.colcon_core.package_identification:_identify(.) by extension 'python_setup_py'
[0.250s] Level 1:colcon.colcon_core.package_identification:_identify(build) by extensions ['ignore', 'ignore_ament_install']
[0.250s] Level 1:colcon.colcon_core.package_identification:_identify(build) by extension 'ignore'
[0.250s] Level 1:colcon.colcon_core.package_identification:_identify(build) ignored
[0.250s] Level 1:colcon.colcon_core.package_identification:_identify(install) by extensions ['ignore', 'ignore_ament_install']
[0.250s] Level 1:colcon.colcon_core.package_identification:_identify(install) by extension 'ignore'
[0.250s] Level 1:colcon.colcon_core.package_identification:_identify(install) ignored
[0.250s] Level 1:colcon.colcon_core.package_identification:_identify(log) by extensions ['ignore', 'ignore_ament_install']
[0.251s] Level 1:colcon.colcon_core.package_identification:_identify(log) by extension 'ignore'
[0.251s] Level 1:colcon.colcon_core.package_identification:_identify(log) ignored
[0.251s] Level 1:colcon.colcon_core.package_identification:_identify(src) by extensions ['ignore', 'ignore_ament_install']
[0.251s] Level 1:colcon.colcon_core.package_identification:_identify(src) by extension 'ignore'
[0.251s] Level 1:colcon.colcon_core.package_identification:_identify(src) by extension 'ignore_ament_install'
[0.251s] Level 1:colcon.colcon_core.package_identification:_identify(src) by extensions ['colcon_pkg']
[0.251s] Level 1:colcon.colcon_core.package_identification:_identify(src) by extension 'colcon_pkg'
[0.251s] Level 1:colcon.colcon_core.package_identification:_identify(src) by extensions ['colcon_meta']
[0.251s] Level 1:colcon.colcon_core.package_identification:_identify(src) by extension 'colcon_meta'
[0.251s] Level 1:colcon.colcon_core.package_identification:_identify(src) by extensions ['ros']
[0.251s] Level 1:colcon.colcon_core.package_identification:_identify(src) by extension 'ros'
[0.251s] Level 1:colcon.colcon_core.package_identification:_identify(src) by extensions ['cmake', 'python']
[0.251s] Level 1:colcon.colcon_core.package_identification:_identify(src) by extension 'cmake'
[0.251s] Level 1:colcon.colcon_core.package_identification:_identify(src) by extension 'python'
[0.251s] Level 1:colcon.colcon_core.package_identification:_identify(src) by extensions ['python_setup_py']
[0.251s] Level 1:colcon.colcon_core.package_identification:_identify(src) by extension 'python_setup_py'
[0.251s] Level 1:colcon.colcon_core.package_identification:_identify(src/puzzlebot_description) by extensions ['ignore', 'ignore_ament_install']
[0.251s] Level 1:colcon.colcon_core.package_identification:_identify(src/puzzlebot_description) by extension 'ignore'
[0.251s] Level 1:colcon.colcon_core.package_identification:_identify(src/puzzlebot_description) by extension 'ignore_ament_install'
[0.251s] Level 1:colcon.colcon_core.package_identification:_identify(src/puzzlebot_description) by extensions ['colcon_pkg']
[0.251s] Level 1:colcon.colcon_core.package_identification:_identify(src/puzzlebot_description) by extension 'colcon_pkg'
[0.251s] Level 1:colcon.colcon_core.package_identification:_identify(src/puzzlebot_description) by extensions ['colcon_meta']
[0.251s] Level 1:colcon.colcon_core.package_identification:_identify(src/puzzlebot_description) by extension 'colcon_meta'
[0.251s] Level 1:colcon.colcon_core.package_identification:_identify(src/puzzlebot_description) by extensions ['ros']
[0.251s] Level 1:colcon.colcon_core.package_identification:_identify(src/puzzlebot_description) by extension 'ros'
[0.253s] DEBUG:colcon.colcon_core.package_identification:Package 'src/puzzlebot_description' with type 'ros.ament_cmake' and name 'puzzlebot_description'
[0.253s] Level 1:colcon.colcon_core.package_identification:_identify(src/puzzlebot_gazebo) by extensions ['ignore', 'ignore_ament_install']
[0.253s] Level 1:colcon.colcon_core.package_identification:_identify(src/puzzlebot_gazebo) by extension 'ignore'
[0.254s] Level 1:colcon.colcon_core.package_identification:_identify(src/puzzlebot_gazebo) by extension 'ignore_ament_install'
[0.254s] Level 1:colcon.colcon_core.package_identification:_identify(src/puzzlebot_gazebo) by extensions ['colcon_pkg']
[0.254s] Level 1:colcon.colcon_core.package_identification:_identify(src/puzzlebot_gazebo) by extension 'colcon_pkg'
[0.254s] Level 1:colcon.colcon_core.package_identification:_identify(src/puzzlebot_gazebo) by extensions ['colcon_meta']
[0.254s] Level 1:colcon.colcon_core.package_identification:_identify(src/puzzlebot_gazebo) by extension 'colcon_meta'
[0.254s] Level 1:colcon.colcon_core.package_identification:_identify(src/puzzlebot_gazebo) by extensions ['ros']
[0.254s] Level 1:colcon.colcon_core.package_identification:_identify(src/puzzlebot_gazebo) by extension 'ros'
[0.254s] DEBUG:colcon.colcon_core.package_identification:Package 'src/puzzlebot_gazebo' with type 'ros.ament_cmake' and name 'puzzlebot_gazebo'
[0.254s] Level 1:colcon.colcon_core.package_identification:_identify(src/puzzlebot_navigation) by extensions ['ignore', 'ignore_ament_install']
[0.254s] Level 1:colcon.colcon_core.package_identification:_identify(src/puzzlebot_navigation) by extension 'ignore'
[0.254s] Level 1:colcon.colcon_core.package_identification:_identify(src/puzzlebot_navigation) by extension 'ignore_ament_install'
[0.254s] Level 1:colcon.colcon_core.package_identification:_identify(src/puzzlebot_navigation) by extensions ['colcon_pkg']
[0.254s] Level 1:colcon.colcon_core.package_identification:_identify(src/puzzlebot_navigation) by extension 'colcon_pkg'
[0.254s] Level 1:colcon.colcon_core.package_identification:_identify(src/puzzlebot_navigation) by extensions ['colcon_meta']
[0.255s] Level 1:colcon.colcon_core.package_identification:_identify(src/puzzlebot_navigation) by extension 'colcon_meta'
[0.255s] Level 1:colcon.colcon_core.package_identification:_identify(src/puzzlebot_navigation) by extensions ['ros']
[0.255s] Level 1:colcon.colcon_core.package_identification:_identify(src/puzzlebot_navigation) by extension 'ros'
[0.255s] DEBUG:colcon.colcon_core.package_identification:Package 'src/puzzlebot_navigation' with type 'ros.ament_cmake' and name 'puzzlebot_navigation2'
[0.255s] Level 1:colcon.colcon_core.package_discovery:discover_packages(recursive) using defaults
[0.255s] Level 1:colcon.colcon_core.package_discovery:discover_packages(ignore) discover
[0.255s] Level 1:colcon.colcon_core.package_discovery:discover_packages(ignore) using defaults
[0.255s] Level 1:colcon.colcon_core.package_discovery:discover_packages(path) discover
[0.255s] Level 1:colcon.colcon_core.package_discovery:discover_packages(path) using defaults
[0.272s] Level 5:colcon.colcon_core.verb:set package 'puzzlebot_description' build argument 'cmake_args' from command line to 'None'
[0.272s] Level 5:colcon.colcon_core.verb:set package 'puzzlebot_description' build argument 'cmake_target' from command line to 'None'
[0.272s] Level 5:colcon.colcon_core.verb:set package 'puzzlebot_description' build argument 'cmake_target_skip_unavailable' from command line to 'False'
[0.272s] Level 5:colcon.colcon_core.verb:set package 'puzzlebot_description' build argument 'cmake_clean_cache' from command line to 'False'
[0.272s] Level 5:colcon.colcon_core.verb:set package 'puzzlebot_description' build argument 'cmake_clean_first' from command line to 'False'
[0.272s] Level 5:colcon.colcon_core.verb:set package 'puzzlebot_description' build argument 'cmake_force_configure' from command line to 'False'
[0.272s] Level 5:colcon.colcon_core.verb:set package 'puzzlebot_description' build argument 'ament_cmake_args' from command line to 'None'
[0.272s] Level 5:colcon.colcon_core.verb:set package 'puzzlebot_description' build argument 'catkin_cmake_args' from command line to 'None'
[0.272s] Level 5:colcon.colcon_core.verb:set package 'puzzlebot_description' build argument 'catkin_skip_building_tests' from command line to 'False'
[0.272s] DEBUG:colcon.colcon_core.verb:Building package 'puzzlebot_description' with the following arguments: {'ament_cmake_args': None, 'build_base': '/root/Semestre8/Modulo3/puzzlebot_ros2/build/puzzlebot_description', 'catkin_cmake_args': None, 'catkin_skip_building_tests': False, 'cmake_args': None, 'cmake_clean_cache': False, 'cmake_clean_first': False, 'cmake_force_configure': False, 'cmake_target': None, 'cmake_target_skip_unavailable': False, 'install_base': '/root/Semestre8/Modulo3/puzzlebot_ros2/install/puzzlebot_description', 'merge_install': False, 'path': '/root/Semestre8/Modulo3/puzzlebot_ros2/src/puzzlebot_description', 'symlink_install': False, 'test_result_base': None}
[0.272s] Level 5:colcon.colcon_core.verb:set package 'puzzlebot_gazebo' build argument 'cmake_args' from command line to 'None'
[0.273s] Level 5:colcon.colcon_core.verb:set package 'puzzlebot_gazebo' build argument 'cmake_target' from command line to 'None'
[0.273s] Level 5:colcon.colcon_core.verb:set package 'puzzlebot_gazebo' build argument 'cmake_target_skip_unavailable' from command line to 'False'
[0.273s] Level 5:colcon.colcon_core.verb:set package 'puzzlebot_gazebo' build argument 'cmake_clean_cache' from command line to 'False'
[0.273s] Level 5:colcon.colcon_core.verb:set package 'puzzlebot_gazebo' build argument 'cmake_clean_first' from command line to 'False'
[0.273s] Level 5:colcon.colcon_core.verb:set package 'puzzlebot_gazebo' build argument 'cmake_force_configure' from command line to 'False'
[0.273s] Level 5:colcon.colcon_core.verb:set package 'puzzlebot_gazebo' build argument 'ament_cmake_args' from command line to 'None'
[0.273s] Level 5:colcon.colcon_core.verb:set package 'puzzlebot_gazebo' build argument 'catkin_cmake_args' from command line to 'None'
[0.273s] Level 5:colcon.colcon_core.verb:set package 'puzzlebot_gazebo' build argument 'catkin_skip_building_tests' from command line to 'False'
[0.273s] DEBUG:colcon.colcon_core.verb:Building package 'puzzlebot_gazebo' with the following arguments: {'ament_cmake_args': None, 'build_base': '/root/Semestre8/Modulo3/puzzlebot_ros2/build/puzzlebot_gazebo', 'catkin_cmake_args': None, 'catkin_skip_building_tests': False, 'cmake_args': None, 'cmake_clean_cache': False, 'cmake_clean_first': False, 'cmake_force_configure': False, 'cmake_target': None, 'cmake_target_skip_unavailable': False, 'install_base': '/root/Semestre8/Modulo3/puzzlebot_ros2/install/puzzlebot_gazebo', 'merge_install': False, 'path': '/root/Semestre8/Modulo3/puzzlebot_ros2/src/puzzlebot_gazebo', 'symlink_install': False, 'test_result_base': None}
[0.273s] Level 5:colcon.colcon_core.verb:set package 'puzzlebot_navigation2' build argument 'cmake_args' from command line to 'None'
[0.273s] Level 5:colcon.colcon_core.verb:set package 'puzzlebot_navigation2' build argument 'cmake_target' from command line to 'None'
[0.273s] Level 5:colcon.colcon_core.verb:set package 'puzzlebot_navigation2' build argument 'cmake_target_skip_unavailable' from command line to 'False'
[0.273s] Level 5:colcon.colcon_core.verb:set package 'puzzlebot_navigation2' build argument 'cmake_clean_cache' from command line to 'False'
[0.273s] Level 5:colcon.colcon_core.verb:set package 'puzzlebot_navigation2' build argument 'cmake_clean_first' from command line to 'False'
[0.273s] Level 5:colcon.colcon_core.verb:set package 'puzzlebot_navigation2' build argument 'cmake_force_configure' from command line to 'False'
[0.273s] Level 5:colcon.colcon_core.verb:set package 'puzzlebot_navigation2' build argument 'ament_cmake_args' from command line to 'None'
[0.273s] Level 5:colcon.colcon_core.verb:set package 'puzzlebot_navigation2' build argument 'catkin_cmake_args' from command line to 'None'
[0.273s] Level 5:colcon.colcon_core.verb:set package 'puzzlebot_navigation2' build argument 'catkin_skip_building_tests' from command line to 'False'
[0.273s] DEBUG:colcon.colcon_core.verb:Building package 'puzzlebot_navigation2' with the following arguments: {'ament_cmake_args': None, 'build_base': '/root/Semestre8/Modulo3/puzzlebot_ros2/build/puzzlebot_navigation2', 'catkin_cmake_args': None, 'catkin_skip_building_tests': False, 'cmake_args': None, 'cmake_clean_cache': False, 'cmake_clean_first': False, 'cmake_force_configure': False, 'cmake_target': None, 'cmake_target_skip_unavailable': False, 'install_base': '/root/Semestre8/Modulo3/puzzlebot_ros2/install/puzzlebot_navigation2', 'merge_install': False, 'path': '/root/Semestre8/Modulo3/puzzlebot_ros2/src/puzzlebot_navigation', 'symlink_install': False, 'test_result_base': None}
[0.273s] INFO:colcon.colcon_core.executor:Executing jobs using 'parallel' executor
[0.275s] DEBUG:colcon.colcon_parallel_executor.executor.parallel:run_until_complete
[0.275s] INFO:colcon.colcon_ros.task.ament_cmake.build:Building ROS package in '/root/Semestre8/Modulo3/puzzlebot_ros2/src/puzzlebot_description' with build type 'ament_cmake'
[0.275s] INFO:colcon.colcon_cmake.task.cmake.build:Building CMake package in '/root/Semestre8/Modulo3/puzzlebot_ros2/src/puzzlebot_description'
[0.277s] INFO:colcon.colcon_core.plugin_system:Skipping extension 'colcon_core.shell.bat': Not used on non-Windows systems
[0.277s] INFO:colcon.colcon_core.shell:Skip shell extension 'powershell' for command environment: Not usable outside of PowerShell
[0.277s] DEBUG:colcon.colcon_core.shell:Skip shell extension 'dsv' for command environment
[0.301s] DEBUG:colcon.colcon_core.event_handler.log_command:Invoking command in '/root/Semestre8/Modulo3/puzzlebot_ros2/build/puzzlebot_description': CMAKE_PREFIX_PATH=${CMAKE_PREFIX_PATH}:/root/ros2_ws/install/puzzlebot_sim:/opt/ros/humble /usr/bin/cmake --build /root/Semestre8/Modulo3/puzzlebot_ros2/build/puzzlebot_description -- -j12 -l12
[0.344s] DEBUG:colcon.colcon_core.event_handler.log_command:Invoked command in '/root/Semestre8/Modulo3/puzzlebot_ros2/build/puzzlebot_description' returned '0': CMAKE_PREFIX_PATH=${CMAKE_PREFIX_PATH}:/root/ros2_ws/install/puzzlebot_sim:/opt/ros/humble /usr/bin/cmake --build /root/Semestre8/Modulo3/puzzlebot_ros2/build/puzzlebot_description -- -j12 -l12
[0.355s] DEBUG:colcon.colcon_core.event_handler.log_command:Invoking command in '/root/Semestre8/Modulo3/puzzlebot_ros2/build/puzzlebot_description': CMAKE_PREFIX_PATH=${CMAKE_PREFIX_PATH}:/root/ros2_ws/install/puzzlebot_sim:/opt/ros/humble /usr/bin/cmake --install /root/Semestre8/Modulo3/puzzlebot_ros2/build/puzzlebot_description
[0.367s] Level 1:colcon.colcon_core.environment:create_environment_scripts_only(puzzlebot_description)
[0.367s] DEBUG:colcon.colcon_core.event_handler.log_command:Invoked command in '/root/Semestre8/Modulo3/puzzlebot_ros2/build/puzzlebot_description' returned '0': CMAKE_PREFIX_PATH=${CMAKE_PREFIX_PATH}:/root/ros2_ws/install/puzzlebot_sim:/opt/ros/humble /usr/bin/cmake --install /root/Semestre8/Modulo3/puzzlebot_ros2/build/puzzlebot_description
[0.369s] Level 1:colcon.colcon_core.environment:checking '/root/Semestre8/Modulo3/puzzlebot_ros2/install/puzzlebot_description' for CMake module files
[0.370s] Level 1:colcon.colcon_core.environment:checking '/root/Semestre8/Modulo3/puzzlebot_ros2/install/puzzlebot_description' for CMake config files
[0.370s] Level 1:colcon.colcon_core.shell:create_environment_hook('puzzlebot_description', 'cmake_prefix_path')
[0.370s] INFO:colcon.colcon_core.shell:Creating environment hook '/root/Semestre8/Modulo3/puzzlebot_ros2/install/puzzlebot_description/share/puzzlebot_description/hook/cmake_prefix_path.ps1'
[0.370s] INFO:colcon.colcon_core.shell:Creating environment descriptor '/root/Semestre8/Modulo3/puzzlebot_ros2/install/puzzlebot_description/share/puzzlebot_description/hook/cmake_prefix_path.dsv'
[0.371s] INFO:colcon.colcon_core.shell:Creating environment hook '/root/Semestre8/Modulo3/puzzlebot_ros2/install/puzzlebot_description/share/puzzlebot_description/hook/cmake_prefix_path.sh'
[0.372s] Level 1:colcon.colcon_core.environment:checking '/root/Semestre8/Modulo3/puzzlebot_ros2/install/puzzlebot_description/bin'
[0.372s] Level 1:colcon.colcon_core.environment:checking '/root/Semestre8/Modulo3/puzzlebot_ros2/install/puzzlebot_description/lib/pkgconfig/puzzlebot_description.pc'
[0.374s] Level 1:colcon.colcon_core.environment:checking '/root/Semestre8/Modulo3/puzzlebot_ros2/install/puzzlebot_description/lib/python3.10/site-packages'
[0.374s] Level 1:colcon.colcon_core.environment:checking '/root/Semestre8/Modulo3/puzzlebot_ros2/install/puzzlebot_description/bin'
[0.374s] INFO:colcon.colcon_core.shell:Creating package script '/root/Semestre8/Modulo3/puzzlebot_ros2/install/puzzlebot_description/share/puzzlebot_description/package.ps1'
[0.375s] INFO:colcon.colcon_core.shell:Creating package descriptor '/root/Semestre8/Modulo3/puzzlebot_ros2/install/puzzlebot_description/share/puzzlebot_description/package.dsv'
[0.376s] INFO:colcon.colcon_core.shell:Creating package script '/root/Semestre8/Modulo3/puzzlebot_ros2/install/puzzlebot_description/share/puzzlebot_description/package.sh'
[0.376s] INFO:colcon.colcon_core.shell:Creating package script '/root/Semestre8/Modulo3/puzzlebot_ros2/install/puzzlebot_description/share/puzzlebot_description/package.bash'
[0.377s] INFO:colcon.colcon_core.shell:Creating package script '/root/Semestre8/Modulo3/puzzlebot_ros2/install/puzzlebot_description/share/puzzlebot_description/package.zsh'
[0.377s] Level 1:colcon.colcon_core.environment:create_file_with_runtime_dependencies(/root/Semestre8/Modulo3/puzzlebot_ros2/install/puzzlebot_description/share/colcon-core/packages/puzzlebot_description)
[0.378s] Level 1:colcon.colcon_core.environment:create_environment_scripts_only(puzzlebot_description)
[0.379s] Level 1:colcon.colcon_core.environment:checking '/root/Semestre8/Modulo3/puzzlebot_ros2/install/puzzlebot_description' for CMake module files
[0.379s] Level 1:colcon.colcon_core.environment:checking '/root/Semestre8/Modulo3/puzzlebot_ros2/install/puzzlebot_description' for CMake config files
[0.379s] Level 1:colcon.colcon_core.shell:create_environment_hook('puzzlebot_description', 'cmake_prefix_path')
[0.380s] INFO:colcon.colcon_core.shell:Creating environment hook '/root/Semestre8/Modulo3/puzzlebot_ros2/install/puzzlebot_description/share/puzzlebot_description/hook/cmake_prefix_path.ps1'
[0.380s] INFO:colcon.colcon_core.shell:Creating environment descriptor '/root/Semestre8/Modulo3/puzzlebot_ros2/install/puzzlebot_description/share/puzzlebot_description/hook/cmake_prefix_path.dsv'
[0.380s] INFO:colcon.colcon_core.shell:Creating environment hook '/root/Semestre8/Modulo3/puzzlebot_ros2/install/puzzlebot_description/share/puzzlebot_description/hook/cmake_prefix_path.sh'
[0.381s] Level 1:colcon.colcon_core.environment:checking '/root/Semestre8/Modulo3/puzzlebot_ros2/install/puzzlebot_description/bin'
[0.381s] Level 1:colcon.colcon_core.environment:checking '/root/Semestre8/Modulo3/puzzlebot_ros2/install/puzzlebot_description/lib/pkgconfig/puzzlebot_description.pc'
[0.381s] Level 1:colcon.colcon_core.environment:checking '/root/Semestre8/Modulo3/puzzlebot_ros2/install/puzzlebot_description/lib/python3.10/site-packages'
[0.381s] Level 1:colcon.colcon_core.environment:checking '/root/Semestre8/Modulo3/puzzlebot_ros2/install/puzzlebot_description/bin'
[0.381s] INFO:colcon.colcon_core.shell:Creating package script '/root/Semestre8/Modulo3/puzzlebot_ros2/install/puzzlebot_description/share/puzzlebot_description/package.ps1'
[0.382s] INFO:colcon.colcon_core.shell:Creating package descriptor '/root/Semestre8/Modulo3/puzzlebot_ros2/install/puzzlebot_description/share/puzzlebot_description/package.dsv'
[0.382s] INFO:colcon.colcon_core.shell:Creating package script '/root/Semestre8/Modulo3/puzzlebot_ros2/install/puzzlebot_description/share/puzzlebot_description/package.sh'
[0.383s] INFO:colcon.colcon_core.shell:Creating package script '/root/Semestre8/Modulo3/puzzlebot_ros2/install/puzzlebot_description/share/puzzlebot_description/package.bash'
[0.383s] INFO:colcon.colcon_core.shell:Creating package script '/root/Semestre8/Modulo3/puzzlebot_ros2/install/puzzlebot_description/share/puzzlebot_description/package.zsh'
[0.383s] Level 1:colcon.colcon_core.environment:create_file_with_runtime_dependencies(/root/Semestre8/Modulo3/puzzlebot_ros2/install/puzzlebot_description/share/colcon-core/packages/puzzlebot_description)
[0.383s] INFO:colcon.colcon_ros.task.ament_cmake.build:Building ROS package in '/root/Semestre8/Modulo3/puzzlebot_ros2/src/puzzlebot_gazebo' with build type 'ament_cmake'
[0.384s] INFO:colcon.colcon_cmake.task.cmake.build:Building CMake package in '/root/Semestre8/Modulo3/puzzlebot_ros2/src/puzzlebot_gazebo'
[0.384s] INFO:colcon.colcon_core.shell:Skip shell extension 'powershell' for command environment: Not usable outside of PowerShell
[0.384s] DEBUG:colcon.colcon_core.shell:Skip shell extension 'dsv' for command environment
[0.395s] DEBUG:colcon.colcon_core.event_handler.log_command:Invoking command in '/root/Semestre8/Modulo3/puzzlebot_ros2/build/puzzlebot_gazebo': CMAKE_PREFIX_PATH=/root/Semestre8/Modulo3/puzzlebot_ros2/install/puzzlebot_description:/root/Semestre8/Modulo3/puzzlebot_ros2/install/puzzlebot_navigation2:/root/Semestre8/Modulo3/puzzlebot_ros2/install/puzzlebot_gazebo:/root/ros2_ws/install/puzzlebot_sim:/opt/ros/humble /usr/bin/cmake --build /root/Semestre8/Modulo3/puzzlebot_ros2/build/puzzlebot_gazebo -- -j12 -l12
[0.435s] DEBUG:colcon.colcon_core.event_handler.log_command:Invoked command in '/root/Semestre8/Modulo3/puzzlebot_ros2/build/puzzlebot_gazebo' returned '0': CMAKE_PREFIX_PATH=/root/Semestre8/Modulo3/puzzlebot_ros2/install/puzzlebot_description:/root/Semestre8/Modulo3/puzzlebot_ros2/install/puzzlebot_navigation2:/root/Semestre8/Modulo3/puzzlebot_ros2/install/puzzlebot_gazebo:/root/ros2_ws/install/puzzlebot_sim:/opt/ros/humble /usr/bin/cmake --build /root/Semestre8/Modulo3/puzzlebot_ros2/build/puzzlebot_gazebo -- -j12 -l12
[0.436s] DEBUG:colcon.colcon_core.event_handler.log_command:Invoking command in '/root/Semestre8/Modulo3/puzzlebot_ros2/build/puzzlebot_gazebo': CMAKE_PREFIX_PATH=/root/Semestre8/Modulo3/puzzlebot_ros2/install/puzzlebot_description:/root/Semestre8/Modulo3/puzzlebot_ros2/install/puzzlebot_navigation2:/root/Semestre8/Modulo3/puzzlebot_ros2/install/puzzlebot_gazebo:/root/ros2_ws/install/puzzlebot_sim:/opt/ros/humble /usr/bin/cmake --install /root/Semestre8/Modulo3/puzzlebot_ros2/build/puzzlebot_gazebo
[0.446s] Level 1:colcon.colcon_core.environment:create_environment_scripts_only(puzzlebot_gazebo)
[0.447s] Level 1:colcon.colcon_core.environment:checking '/root/Semestre8/Modulo3/puzzlebot_ros2/install/puzzlebot_gazebo' for CMake module files
[0.447s] DEBUG:colcon.colcon_core.event_handler.log_command:Invoked command in '/root/Semestre8/Modulo3/puzzlebot_ros2/build/puzzlebot_gazebo' returned '0': CMAKE_PREFIX_PATH=/root/Semestre8/Modulo3/puzzlebot_ros2/install/puzzlebot_description:/root/Semestre8/Modulo3/puzzlebot_ros2/install/puzzlebot_navigation2:/root/Semestre8/Modulo3/puzzlebot_ros2/install/puzzlebot_gazebo:/root/ros2_ws/install/puzzlebot_sim:/opt/ros/humble /usr/bin/cmake --install /root/Semestre8/Modulo3/puzzlebot_ros2/build/puzzlebot_gazebo
[0.447s] Level 1:colcon.colcon_core.environment:checking '/root/Semestre8/Modulo3/puzzlebot_ros2/install/puzzlebot_gazebo' for CMake config files
[0.448s] Level 1:colcon.colcon_core.shell:create_environment_hook('puzzlebot_gazebo', 'cmake_prefix_path')
[0.448s] INFO:colcon.colcon_core.shell:Creating environment hook '/root/Semestre8/Modulo3/puzzlebot_ros2/install/puzzlebot_gazebo/share/puzzlebot_gazebo/hook/cmake_prefix_path.ps1'
[0.448s] INFO:colcon.colcon_core.shell:Creating environment descriptor '/root/Semestre8/Modulo3/puzzlebot_ros2/install/puzzlebot_gazebo/share/puzzlebot_gazebo/hook/cmake_prefix_path.dsv'
[0.448s] INFO:colcon.colcon_core.shell:Creating environment hook '/root/Semestre8/Modulo3/puzzlebot_ros2/install/puzzlebot_gazebo/share/puzzlebot_gazebo/hook/cmake_prefix_path.sh'
[0.449s] Level 1:colcon.colcon_core.environment:checking '/root/Semestre8/Modulo3/puzzlebot_ros2/install/puzzlebot_gazebo/bin'
[0.449s] Level 1:colcon.colcon_core.environment:checking '/root/Semestre8/Modulo3/puzzlebot_ros2/install/puzzlebot_gazebo/lib/pkgconfig/puzzlebot_gazebo.pc'
[0.449s] Level 1:colcon.colcon_core.environment:checking '/root/Semestre8/Modulo3/puzzlebot_ros2/install/puzzlebot_gazebo/lib/python3.10/site-packages'
[0.449s] Level 1:colcon.colcon_core.environment:checking '/root/Semestre8/Modulo3/puzzlebot_ros2/install/puzzlebot_gazebo/bin'
[0.450s] INFO:colcon.colcon_core.shell:Creating package script '/root/Semestre8/Modulo3/puzzlebot_ros2/install/puzzlebot_gazebo/share/puzzlebot_gazebo/package.ps1'
[0.450s] INFO:colcon.colcon_core.shell:Creating package descriptor '/root/Semestre8/Modulo3/puzzlebot_ros2/install/puzzlebot_gazebo/share/puzzlebot_gazebo/package.dsv'
[0.450s] INFO:colcon.colcon_core.shell:Creating package script '/root/Semestre8/Modulo3/puzzlebot_ros2/install/puzzlebot_gazebo/share/puzzlebot_gazebo/package.sh'
[0.451s] INFO:colcon.colcon_core.shell:Creating package script '/root/Semestre8/Modulo3/puzzlebot_ros2/install/puzzlebot_gazebo/share/puzzlebot_gazebo/package.bash'
[0.451s] INFO:colcon.colcon_core.shell:Creating package script '/root/Semestre8/Modulo3/puzzlebot_ros2/install/puzzlebot_gazebo/share/puzzlebot_gazebo/package.zsh'
[0.451s] Level 1:colcon.colcon_core.environment:create_file_with_runtime_dependencies(/root/Semestre8/Modulo3/puzzlebot_ros2/install/puzzlebot_gazebo/share/colcon-core/packages/puzzlebot_gazebo)
[0.452s] Level 1:colcon.colcon_core.environment:create_environment_scripts_only(puzzlebot_gazebo)
[0.452s] Level 1:colcon.colcon_core.environment:checking '/root/Semestre8/Modulo3/puzzlebot_ros2/install/puzzlebot_gazebo' for CMake module files
[0.452s] Level 1:colcon.colcon_core.environment:checking '/root/Semestre8/Modulo3/puzzlebot_ros2/install/puzzlebot_gazebo' for CMake config files
[0.452s] Level 1:colcon.colcon_core.shell:create_environment_hook('puzzlebot_gazebo', 'cmake_prefix_path')
[0.453s] INFO:colcon.colcon_core.shell:Creating environment hook '/root/Semestre8/Modulo3/puzzlebot_ros2/install/puzzlebot_gazebo/share/puzzlebot_gazebo/hook/cmake_prefix_path.ps1'
[0.453s] INFO:colcon.colcon_core.shell:Creating environment descriptor '/root/Semestre8/Modulo3/puzzlebot_ros2/install/puzzlebot_gazebo/share/puzzlebot_gazebo/hook/cmake_prefix_path.dsv'
[0.453s] INFO:colcon.colcon_core.shell:Creating environment hook '/root/Semestre8/Modulo3/puzzlebot_ros2/install/puzzlebot_gazebo/share/puzzlebot_gazebo/hook/cmake_prefix_path.sh'
[0.453s] Level 1:colcon.colcon_core.environment:checking '/root/Semestre8/Modulo3/puzzlebot_ros2/install/puzzlebot_gazebo/bin'
[0.454s] Level 1:colcon.colcon_core.environment:checking '/root/Semestre8/Modulo3/puzzlebot_ros2/install/puzzlebot_gazebo/lib/pkgconfig/puzzlebot_gazebo.pc'
[0.454s] Level 1:colcon.colcon_core.environment:checking '/root/Semestre8/Modulo3/puzzlebot_ros2/install/puzzlebot_gazebo/lib/python3.10/site-packages'
[0.454s] Level 1:colcon.colcon_core.environment:checking '/root/Semestre8/Modulo3/puzzlebot_ros2/install/puzzlebot_gazebo/bin'
[0.454s] INFO:colcon.colcon_core.shell:Creating package script '/root/Semestre8/Modulo3/puzzlebot_ros2/install/puzzlebot_gazebo/share/puzzlebot_gazebo/package.ps1'
[0.455s] INFO:colcon.colcon_core.shell:Creating package descriptor '/root/Semestre8/Modulo3/puzzlebot_ros2/install/puzzlebot_gazebo/share/puzzlebot_gazebo/package.dsv'
[0.455s] INFO:colcon.colcon_core.shell:Creating package script '/root/Semestre8/Modulo3/puzzlebot_ros2/install/puzzlebot_gazebo/share/puzzlebot_gazebo/package.sh'
[0.455s] INFO:colcon.colcon_core.shell:Creating package script '/root/Semestre8/Modulo3/puzzlebot_ros2/install/puzzlebot_gazebo/share/puzzlebot_gazebo/package.bash'
[0.456s] INFO:colcon.colcon_core.shell:Creating package script '/root/Semestre8/Modulo3/puzzlebot_ros2/install/puzzlebot_gazebo/share/puzzlebot_gazebo/package.zsh'
[0.456s] Level 1:colcon.colcon_core.environment:create_file_with_runtime_dependencies(/root/Semestre8/Modulo3/puzzlebot_ros2/install/puzzlebot_gazebo/share/colcon-core/packages/puzzlebot_gazebo)
[0.457s] INFO:colcon.colcon_ros.task.ament_cmake.build:Building ROS package in '/root/Semestre8/Modulo3/puzzlebot_ros2/src/puzzlebot_navigation' with build type 'ament_cmake'
[0.457s] INFO:colcon.colcon_cmake.task.cmake.build:Building CMake package in '/root/Semestre8/Modulo3/puzzlebot_ros2/src/puzzlebot_navigation'
[0.457s] INFO:colcon.colcon_core.shell:Skip shell extension 'powershell' for command environment: Not usable outside of PowerShell
[0.457s] DEBUG:colcon.colcon_core.shell:Skip shell extension 'dsv' for command environment
[0.468s] DEBUG:colcon.colcon_core.event_handler.log_command:Invoking command in '/root/Semestre8/Modulo3/puzzlebot_ros2/build/puzzlebot_navigation2': CMAKE_PREFIX_PATH=/root/Semestre8/Modulo3/puzzlebot_ros2/install/puzzlebot_gazebo:/root/Semestre8/Modulo3/puzzlebot_ros2/install/puzzlebot_description:/root/Semestre8/Modulo3/puzzlebot_ros2/install/puzzlebot_navigation2:/root/ros2_ws/install/puzzlebot_sim:/opt/ros/humble /usr/bin/cmake --build /root/Semestre8/Modulo3/puzzlebot_ros2/build/puzzlebot_navigation2 -- -j12 -l12
[0.508s] DEBUG:colcon.colcon_core.event_handler.log_command:Invoked command in '/root/Semestre8/Modulo3/puzzlebot_ros2/build/puzzlebot_navigation2' returned '0': CMAKE_PREFIX_PATH=/root/Semestre8/Modulo3/puzzlebot_ros2/install/puzzlebot_gazebo:/root/Semestre8/Modulo3/puzzlebot_ros2/install/puzzlebot_description:/root/Semestre8/Modulo3/puzzlebot_ros2/install/puzzlebot_navigation2:/root/ros2_ws/install/puzzlebot_sim:/opt/ros/humble /usr/bin/cmake --build /root/Semestre8/Modulo3/puzzlebot_ros2/build/puzzlebot_navigation2 -- -j12 -l12
[0.509s] DEBUG:colcon.colcon_core.event_handler.log_command:Invoking command in '/root/Semestre8/Modulo3/puzzlebot_ros2/build/puzzlebot_navigation2': CMAKE_PREFIX_PATH=/root/Semestre8/Modulo3/puzzlebot_ros2/install/puzzlebot_gazebo:/root/Semestre8/Modulo3/puzzlebot_ros2/install/puzzlebot_description:/root/Semestre8/Modulo3/puzzlebot_ros2/install/puzzlebot_navigation2:/root/ros2_ws/install/puzzlebot_sim:/opt/ros/humble /usr/bin/cmake --install /root/Semestre8/Modulo3/puzzlebot_ros2/build/puzzlebot_navigation2
[0.521s] Level 1:colcon.colcon_core.environment:create_environment_scripts_only(puzzlebot_navigation2)
[0.521s] Level 1:colcon.colcon_core.environment:checking '/root/Semestre8/Modulo3/puzzlebot_ros2/install/puzzlebot_navigation2' for CMake module files
[0.522s] DEBUG:colcon.colcon_core.event_handler.log_command:Invoked command in '/root/Semestre8/Modulo3/puzzlebot_ros2/build/puzzlebot_navigation2' returned '0': CMAKE_PREFIX_PATH=/root/Semestre8/Modulo3/puzzlebot_ros2/install/puzzlebot_gazebo:/root/Semestre8/Modulo3/puzzlebot_ros2/install/puzzlebot_description:/root/Semestre8/Modulo3/puzzlebot_ros2/install/puzzlebot_navigation2:/root/ros2_ws/install/puzzlebot_sim:/opt/ros/humble /usr/bin/cmake --install /root/Semestre8/Modulo3/puzzlebot_ros2/build/puzzlebot_navigation2
[0.522s] Level 1:colcon.colcon_core.environment:checking '/root/Semestre8/Modulo3/puzzlebot_ros2/install/puzzlebot_navigation2' for CMake config files
[0.522s] Level 1:colcon.colcon_core.shell:create_environment_hook('puzzlebot_navigation2', 'cmake_prefix_path')
[0.522s] INFO:colcon.colcon_core.shell:Creating environment hook '/root/Semestre8/Modulo3/puzzlebot_ros2/install/puzzlebot_navigation2/share/puzzlebot_navigation2/hook/cmake_prefix_path.ps1'
[0.523s] INFO:colcon.colcon_core.shell:Creating environment descriptor '/root/Semestre8/Modulo3/puzzlebot_ros2/install/puzzlebot_navigation2/share/puzzlebot_navigation2/hook/cmake_prefix_path.dsv'
[0.523s] INFO:colcon.colcon_core.shell:Creating environment hook '/root/Semestre8/Modulo3/puzzlebot_ros2/install/puzzlebot_navigation2/share/puzzlebot_navigation2/hook/cmake_prefix_path.sh'
[0.523s] Level 1:colcon.colcon_core.environment:checking '/root/Semestre8/Modulo3/puzzlebot_ros2/install/puzzlebot_navigation2/bin'
[0.523s] Level 1:colcon.colcon_core.environment:checking '/root/Semestre8/Modulo3/puzzlebot_ros2/install/puzzlebot_navigation2/lib/pkgconfig/puzzlebot_navigation2.pc'
[0.524s] Level 1:colcon.colcon_core.environment:checking '/root/Semestre8/Modulo3/puzzlebot_ros2/install/puzzlebot_navigation2/lib/python3.10/site-packages'
[0.524s] Level 1:colcon.colcon_core.environment:checking '/root/Semestre8/Modulo3/puzzlebot_ros2/install/puzzlebot_navigation2/bin'
[0.524s] INFO:colcon.colcon_core.shell:Creating package script '/root/Semestre8/Modulo3/puzzlebot_ros2/install/puzzlebot_navigation2/share/puzzlebot_navigation2/package.ps1'
[0.525s] INFO:colcon.colcon_core.shell:Creating package descriptor '/root/Semestre8/Modulo3/puzzlebot_ros2/install/puzzlebot_navigation2/share/puzzlebot_navigation2/package.dsv'
[0.526s] INFO:colcon.colcon_core.shell:Creating package script '/root/Semestre8/Modulo3/puzzlebot_ros2/install/puzzlebot_navigation2/share/puzzlebot_navigation2/package.sh'
[0.526s] INFO:colcon.colcon_core.shell:Creating package script '/root/Semestre8/Modulo3/puzzlebot_ros2/install/puzzlebot_navigation2/share/puzzlebot_navigation2/package.bash'
[0.526s] INFO:colcon.colcon_core.shell:Creating package script '/root/Semestre8/Modulo3/puzzlebot_ros2/install/puzzlebot_navigation2/share/puzzlebot_navigation2/package.zsh'
[0.527s] Level 1:colcon.colcon_core.environment:create_file_with_runtime_dependencies(/root/Semestre8/Modulo3/puzzlebot_ros2/install/puzzlebot_navigation2/share/colcon-core/packages/puzzlebot_navigation2)
[0.527s] Level 1:colcon.colcon_core.environment:create_environment_scripts_only(puzzlebot_navigation2)
[0.527s] Level 1:colcon.colcon_core.environment:checking '/root/Semestre8/Modulo3/puzzlebot_ros2/install/puzzlebot_navigation2' for CMake module files
[0.528s] Level 1:colcon.colcon_core.environment:checking '/root/Semestre8/Modulo3/puzzlebot_ros2/install/puzzlebot_navigation2' for CMake config files
[0.528s] Level 1:colcon.colcon_core.shell:create_environment_hook('puzzlebot_navigation2', 'cmake_prefix_path')
[0.528s] INFO:colcon.colcon_core.shell:Creating environment hook '/root/Semestre8/Modulo3/puzzlebot_ros2/install/puzzlebot_navigation2/share/puzzlebot_navigation2/hook/cmake_prefix_path.ps1'
[0.528s] INFO:colcon.colcon_core.shell:Creating environment descriptor '/root/Semestre8/Modulo3/puzzlebot_ros2/install/puzzlebot_navigation2/share/puzzlebot_navigation2/hook/cmake_prefix_path.dsv'
[0.529s] INFO:colcon.colcon_core.shell:Creating environment hook '/root/Semestre8/Modulo3/puzzlebot_ros2/install/puzzlebot_navigation2/share/puzzlebot_navigation2/hook/cmake_prefix_path.sh'
[0.529s] Level 1:colcon.colcon_core.environment:checking '/root/Semestre8/Modulo3/puzzlebot_ros2/install/puzzlebot_navigation2/bin'
[0.529s] Level 1:colcon.colcon_core.environment:checking '/root/Semestre8/Modulo3/puzzlebot_ros2/install/puzzlebot_navigation2/lib/pkgconfig/puzzlebot_navigation2.pc'
[0.529s] Level 1:colcon.colcon_core.environment:checking '/root/Semestre8/Modulo3/puzzlebot_ros2/install/puzzlebot_navigation2/lib/python3.10/site-packages'
[0.530s] Level 1:colcon.colcon_core.environment:checking '/root/Semestre8/Modulo3/puzzlebot_ros2/install/puzzlebot_navigation2/bin'
[0.530s] INFO:colcon.colcon_core.shell:Creating package script '/root/Semestre8/Modulo3/puzzlebot_ros2/install/puzzlebot_navigation2/share/puzzlebot_navigation2/package.ps1'
[0.530s] INFO:colcon.colcon_core.shell:Creating package descriptor '/root/Semestre8/Modulo3/puzzlebot_ros2/install/puzzlebot_navigation2/share/puzzlebot_navigation2/package.dsv'
[0.531s] INFO:colcon.colcon_core.shell:Creating package script '/root/Semestre8/Modulo3/puzzlebot_ros2/install/puzzlebot_navigation2/share/puzzlebot_navigation2/package.sh'
[0.531s] INFO:colcon.colcon_core.shell:Creating package script '/root/Semestre8/Modulo3/puzzlebot_ros2/install/puzzlebot_navigation2/share/puzzlebot_navigation2/package.bash'
[0.532s] INFO:colcon.colcon_core.shell:Creating package script '/root/Semestre8/Modulo3/puzzlebot_ros2/install/puzzlebot_navigation2/share/puzzlebot_navigation2/package.zsh'
[0.532s] Level 1:colcon.colcon_core.environment:create_file_with_runtime_dependencies(/root/Semestre8/Modulo3/puzzlebot_ros2/install/puzzlebot_navigation2/share/colcon-core/packages/puzzlebot_navigation2)
[0.532s] DEBUG:colcon.colcon_parallel_executor.executor.parallel:closing loop
[0.533s] DEBUG:colcon.colcon_parallel_executor.executor.parallel:loop closed
[0.533s] DEBUG:colcon.colcon_parallel_executor.executor.parallel:run_until_complete finished with '0'
[0.533s] DEBUG:colcon.colcon_core.event_reactor:joining thread
[0.537s] INFO:colcon.colcon_core.plugin_system:Skipping extension 'colcon_notification.desktop_notification.notify_send': Could not find 'notify-send'
[0.537s] INFO:colcon.colcon_core.plugin_system:Skipping extension 'colcon_notification.desktop_notification.terminal_notifier': Not used on non-Darwin systems
[0.537s] INFO:colcon.colcon_core.plugin_system:Skipping extension 'colcon_notification.desktop_notification.win32': Not used on non-Windows systems
[0.537s] INFO:colcon.colcon_notification.desktop_notification:Sending desktop notification using 'notify2'
[0.540s] DEBUG:colcon.colcon_notification.desktop_notification.notify2:Failed to initialize notify2: org.freedesktop.DBus.Error.Spawn.ExecFailed: /usr/bin/dbus-launch terminated abnormally without any error message
[0.541s] DEBUG:colcon.colcon_core.event_reactor:joined thread
[0.542s] INFO:colcon.colcon_core.shell:Creating prefix script '/root/Semestre8/Modulo3/puzzlebot_ros2/install/local_setup.ps1'
[0.543s] INFO:colcon.colcon_core.shell:Creating prefix util module '/root/Semestre8/Modulo3/puzzlebot_ros2/install/_local_setup_util_ps1.py'
[0.544s] INFO:colcon.colcon_core.shell:Creating prefix chain script '/root/Semestre8/Modulo3/puzzlebot_ros2/install/setup.ps1'
[0.545s] INFO:colcon.colcon_core.shell:Creating prefix script '/root/Semestre8/Modulo3/puzzlebot_ros2/install/local_setup.sh'
[0.545s] INFO:colcon.colcon_core.shell:Creating prefix util module '/root/Semestre8/Modulo3/puzzlebot_ros2/install/_local_setup_util_sh.py'
[0.546s] INFO:colcon.colcon_core.shell:Creating prefix chain script '/root/Semestre8/Modulo3/puzzlebot_ros2/install/setup.sh'
[0.547s] INFO:colcon.colcon_core.shell:Creating prefix script '/root/Semestre8/Modulo3/puzzlebot_ros2/install/local_setup.bash'
[0.547s] INFO:colcon.colcon_core.shell:Creating prefix chain script '/root/Semestre8/Modulo3/puzzlebot_ros2/install/setup.bash'
[0.548s] INFO:colcon.colcon_core.shell:Creating prefix script '/root/Semestre8/Modulo3/puzzlebot_ros2/install/local_setup.zsh'
[0.548s] INFO:colcon.colcon_core.shell:Creating prefix chain script '/root/Semestre8/Modulo3/puzzlebot_ros2/install/setup.zsh'
